<?xml version="1.0" encoding="utf-8"?><testsuites><testsuite name="pytest" errors="2" failures="286" skipped="19" tests="881" time="33.815" timestamp="2025-06-16T23:01:33.554012-04:00" hostname="Ramseys-MacBook-Pro.local"><testcase classname="tests.test_build.TestSecurityAndTempFiles" name="test_create_secure_tempfile_success" time="0.032" /><testcase classname="tests.test_build.TestSecurityAndTempFiles" name="test_create_secure_tempfile_error_cleanup" time="0.002"><failure message="Failed: DID NOT RAISE &lt;class 'OSError'&gt;">tests/test_build.py:83: in test_create_secure_tempfile_error_cleanup
    with pytest.raises(OSError):
E   Failed: DID NOT RAISE &lt;class 'OSError'&gt;</failure></testcase><testcase classname="tests.test_build.TestDonorInfoExtraction" name="test_get_donor_info_success" time="0.001"><failure message="ModuleNotFoundError: No module named 'build_compat'">/Library/Frameworks/Python.framework/Versions/3.13/lib/python3.13/unittest/mock.py:1421: in patched
    with self.decoration_helper(patched,
/Library/Frameworks/Python.framework/Versions/3.13/lib/python3.13/contextlib.py:141: in __enter__
    return next(self.gen)
/Library/Frameworks/Python.framework/Versions/3.13/lib/python3.13/unittest/mock.py:1403: in decoration_helper
    arg = exit_stack.enter_context(patching)
/Library/Frameworks/Python.framework/Versions/3.13/lib/python3.13/contextlib.py:530: in enter_context
    result = _enter(cm)
/Library/Frameworks/Python.framework/Versions/3.13/lib/python3.13/unittest/mock.py:1479: in __enter__
    self.target = self.getter()
/Library/Frameworks/Python.framework/Versions/3.13/lib/python3.13/pkgutil.py:513: in resolve_name
    mod = importlib.import_module(modname)
/Library/Frameworks/Python.framework/Versions/3.13/lib/python3.13/importlib/__init__.py:88: in import_module
    return _bootstrap._gcd_import(name[level:], package, level)
E   ModuleNotFoundError: No module named 'build_compat'</failure></testcase><testcase classname="tests.test_build.TestDonorInfoExtraction" name="test_get_donor_info_missing_fields" time="0.001"><failure message="ModuleNotFoundError: No module named 'build_compat'">/Library/Frameworks/Python.framework/Versions/3.13/lib/python3.13/unittest/mock.py:1421: in patched
    with self.decoration_helper(patched,
/Library/Frameworks/Python.framework/Versions/3.13/lib/python3.13/contextlib.py:141: in __enter__
    return next(self.gen)
/Library/Frameworks/Python.framework/Versions/3.13/lib/python3.13/unittest/mock.py:1403: in decoration_helper
    arg = exit_stack.enter_context(patching)
/Library/Frameworks/Python.framework/Versions/3.13/lib/python3.13/contextlib.py:530: in enter_context
    result = _enter(cm)
/Library/Frameworks/Python.framework/Versions/3.13/lib/python3.13/unittest/mock.py:1479: in __enter__
    self.target = self.getter()
/Library/Frameworks/Python.framework/Versions/3.13/lib/python3.13/pkgutil.py:513: in resolve_name
    mod = importlib.import_module(modname)
/Library/Frameworks/Python.framework/Versions/3.13/lib/python3.13/importlib/__init__.py:88: in import_module
    return _bootstrap._gcd_import(name[level:], package, level)
E   ModuleNotFoundError: No module named 'build_compat'</failure></testcase><testcase classname="tests.test_build.TestDonorInfoExtraction" name="test_get_donor_info_malformed_output" time="0.001"><failure message="ModuleNotFoundError: No module named 'build_compat'">/Library/Frameworks/Python.framework/Versions/3.13/lib/python3.13/unittest/mock.py:1421: in patched
    with self.decoration_helper(patched,
/Library/Frameworks/Python.framework/Versions/3.13/lib/python3.13/contextlib.py:141: in __enter__
    return next(self.gen)
/Library/Frameworks/Python.framework/Versions/3.13/lib/python3.13/unittest/mock.py:1403: in decoration_helper
    arg = exit_stack.enter_context(patching)
/Library/Frameworks/Python.framework/Versions/3.13/lib/python3.13/contextlib.py:530: in enter_context
    result = _enter(cm)
/Library/Frameworks/Python.framework/Versions/3.13/lib/python3.13/unittest/mock.py:1479: in __enter__
    self.target = self.getter()
/Library/Frameworks/Python.framework/Versions/3.13/lib/python3.13/pkgutil.py:513: in resolve_name
    mod = importlib.import_module(modname)
/Library/Frameworks/Python.framework/Versions/3.13/lib/python3.13/importlib/__init__.py:88: in import_module
    return _bootstrap._gcd_import(name[level:], package, level)
E   ModuleNotFoundError: No module named 'build_compat'</failure></testcase><testcase classname="tests.test_build.TestDriverRegisterScraping" name="test_scrape_driver_regs_success" time="0.001"><failure message="RuntimeError: Production build failed: Driver module resolution requires Linux. Current platform: Darwin. This functionality is only available on Linux systems.">src/build.py:1195: in scrape_driver_regs
    driver_name = resolve_driver_module(validated_vendor, validated_device)
src/scripts/kernel_utils.py:155: in resolve_driver_module
    check_linux_requirement("Driver module resolution")
src/scripts/kernel_utils.py:33: in check_linux_requirement
    raise RuntimeError(
E   RuntimeError: Driver module resolution requires Linux. Current platform: Darwin. This functionality is only available on Linux systems.

During handling of the above exception, another exception occurred:
tests/test_build.py:168: in test_scrape_driver_regs_success
    regs, state_machine_analysis = build.scrape_driver_regs("8086", "1533")
src/build.py:1282: in scrape_driver_regs
    raise RuntimeError(f"Production build failed: {e}")
E   RuntimeError: Production build failed: Driver module resolution requires Linux. Current platform: Darwin. This functionality is only available on Linux systems.</failure></testcase><testcase classname="tests.test_build.TestDriverRegisterScraping" name="test_scrape_driver_regs_command_failure" time="0.001"><failure message="RuntimeError: Production build failed: Driver module resolution requires Linux. Current platform: Darwin. This functionality is only available on Linux systems.">src/build.py:1195: in scrape_driver_regs
    driver_name = resolve_driver_module(validated_vendor, validated_device)
src/scripts/kernel_utils.py:155: in resolve_driver_module
    check_linux_requirement("Driver module resolution")
src/scripts/kernel_utils.py:33: in check_linux_requirement
    raise RuntimeError(
E   RuntimeError: Driver module resolution requires Linux. Current platform: Darwin. This functionality is only available on Linux systems.

During handling of the above exception, another exception occurred:
tests/test_build.py:189: in test_scrape_driver_regs_command_failure
    regs, state_machine_analysis = build.scrape_driver_regs("8086", "1533")
src/build.py:1282: in scrape_driver_regs
    raise RuntimeError(f"Production build failed: {e}")
E   RuntimeError: Production build failed: Driver module resolution requires Linux. Current platform: Darwin. This functionality is only available on Linux systems.</failure></testcase><testcase classname="tests.test_build.TestDriverRegisterScraping" name="test_scrape_driver_regs_invalid_json" time="0.001"><failure message="RuntimeError: Production build failed: Driver module resolution requires Linux. Current platform: Darwin. This functionality is only available on Linux systems.">src/build.py:1195: in scrape_driver_regs
    driver_name = resolve_driver_module(validated_vendor, validated_device)
src/scripts/kernel_utils.py:155: in resolve_driver_module
    check_linux_requirement("Driver module resolution")
src/scripts/kernel_utils.py:33: in check_linux_requirement
    raise RuntimeError(
E   RuntimeError: Driver module resolution requires Linux. Current platform: Darwin. This functionality is only available on Linux systems.

During handling of the above exception, another exception occurred:
tests/test_build.py:199: in test_scrape_driver_regs_invalid_json
    regs, state_machine_analysis = build.scrape_driver_regs("8086", "1533")
src/build.py:1282: in scrape_driver_regs
    raise RuntimeError(f"Production build failed: {e}")
E   RuntimeError: Production build failed: Driver module resolution requires Linux. Current platform: Darwin. This functionality is only available on Linux systems.</failure></testcase><testcase classname="tests.test_build.TestBehaviorProfiling" name="test_integrate_behavior_profile_success" time="0.006"><failure message="RuntimeError: Production build failed: 'Mock' object is not iterable">src/build.py:1301: in integrate_behavior_profile
    behavior_profile = profiler.capture_behavior_profile(duration=duration)
src/behavior_profiler.py:537: in capture_behavior_profile
    if not self.start_monitoring():
src/behavior_profiler.py:467: in start_monitoring
    return self._start_monitoring()
src/behavior_profiler.py:444: in _start_monitoring
    if not self._setup_monitoring():
src/behavior_profiler.py:155: in _setup_monitoring
    for frame in stack:
E   TypeError: 'Mock' object is not iterable

During handling of the above exception, another exception occurred:
tests/test_build.py:228: in test_integrate_behavior_profile_success
    enhanced_regs = build.integrate_behavior_profile(
src/build.py:1376: in integrate_behavior_profile
    raise RuntimeError(f"Production build failed: {e}")
E   RuntimeError: Production build failed: 'Mock' object is not iterable</failure></testcase><testcase classname="tests.test_build.TestBehaviorProfiling" name="test_integrate_behavior_profile_import_error" time="0.001"><failure message="RuntimeError: Production build failed: Module not found">src/build.py:1301: in integrate_behavior_profile
    behavior_profile = profiler.capture_behavior_profile(duration=duration)
src/behavior_profiler.py:537: in capture_behavior_profile
    if not self.start_monitoring():
src/behavior_profiler.py:467: in start_monitoring
    return self._start_monitoring()
src/behavior_profiler.py:444: in _start_monitoring
    if not self._setup_monitoring():
src/behavior_profiler.py:149: in _setup_monitoring
    import inspect
/Library/Frameworks/Python.framework/Versions/3.13/lib/python3.13/unittest/mock.py:1167: in __call__
    return self._mock_call(*args, **kwargs)
/Library/Frameworks/Python.framework/Versions/3.13/lib/python3.13/unittest/mock.py:1171: in _mock_call
    return self._execute_mock_call(*args, **kwargs)
/Library/Frameworks/Python.framework/Versions/3.13/lib/python3.13/unittest/mock.py:1226: in _execute_mock_call
    raise effect
E   ImportError: Module not found

During handling of the above exception, another exception occurred:
tests/test_build.py:246: in test_integrate_behavior_profile_import_error
    enhanced_regs = build.integrate_behavior_profile(
src/build.py:1376: in integrate_behavior_profile
    raise RuntimeError(f"Production build failed: {e}")
E   RuntimeError: Production build failed: Module not found</failure></testcase><testcase classname="tests.test_build.TestBehaviorProfiling" name="test_integrate_behavior_profile_profiling_error" time="0.001"><failure message="RuntimeError: Production build failed: 'Mock' object is not iterable">src/build.py:1301: in integrate_behavior_profile
    behavior_profile = profiler.capture_behavior_profile(duration=duration)
src/behavior_profiler.py:537: in capture_behavior_profile
    if not self.start_monitoring():
src/behavior_profiler.py:467: in start_monitoring
    return self._start_monitoring()
src/behavior_profiler.py:444: in _start_monitoring
    if not self._setup_monitoring():
src/behavior_profiler.py:155: in _setup_monitoring
    for frame in stack:
E   TypeError: 'Mock' object is not iterable

During handling of the above exception, another exception occurred:
tests/test_build.py:269: in test_integrate_behavior_profile_profiling_error
    enhanced_regs = build.integrate_behavior_profile(
src/build.py:1376: in integrate_behavior_profile
    raise RuntimeError(f"Production build failed: {e}")
E   RuntimeError: Production build failed: 'Mock' object is not iterable</failure></testcase><testcase classname="tests.test_build.TestSystemVerilogGeneration" name="test_build_sv_success" time="0.009"><failure message="RuntimeError: Production mode requires proper SystemVerilog generation: 'bars'">src/build.py:1104: in build_sv
    generated_files = builder.generate_systemverilog_files(device_info)
src/build.py:471: in generate_systemverilog_files
    project_files = self.sv_generator.discover_and_copy_all_files(
src/systemverilog_generator.py:491: in discover_and_copy_all_files
    config_module = self.generate_device_config_module(device_info)
src/systemverilog_generator.py:532: in generate_device_config_module
    if i &lt; len(device_info["bars"]):
E   KeyError: 'bars'

During handling of the above exception, another exception occurred:
tests/test_build.py:284: in test_build_sv_success
    build.build_sv(mock_register_data, target_file)
src/build.py:1162: in build_sv
    raise RuntimeError(
E   RuntimeError: Production mode requires proper SystemVerilog generation: 'bars'</failure></testcase><testcase classname="tests.test_build.TestSystemVerilogGeneration" name="test_build_sv_no_registers" time="0.007"><failure message="RuntimeError: Production mode requires proper SystemVerilog generation: 'bars'">src/build.py:1104: in build_sv
    generated_files = builder.generate_systemverilog_files(device_info)
src/build.py:471: in generate_systemverilog_files
    project_files = self.sv_generator.discover_and_copy_all_files(
src/systemverilog_generator.py:491: in discover_and_copy_all_files
    config_module = self.generate_device_config_module(device_info)
src/systemverilog_generator.py:532: in generate_device_config_module
    if i &lt; len(device_info["bars"]):
E   KeyError: 'bars'

During handling of the above exception, another exception occurred:
tests/test_build.py:313: in test_build_sv_no_registers
    build.build_sv([], target_file)
src/build.py:1162: in build_sv
    raise RuntimeError(
E   RuntimeError: Production mode requires proper SystemVerilog generation: 'bars'</failure></testcase><testcase classname="tests.test_build.TestSystemVerilogGeneration" name="test_build_sv_complex_timing" time="0.007"><failure message="RuntimeError: Production mode requires proper SystemVerilog generation: 'bars'">src/build.py:1104: in build_sv
    generated_files = builder.generate_systemverilog_files(device_info)
src/build.py:471: in generate_systemverilog_files
    project_files = self.sv_generator.discover_and_copy_all_files(
src/systemverilog_generator.py:491: in discover_and_copy_all_files
    config_module = self.generate_device_config_module(device_info)
src/systemverilog_generator.py:532: in generate_device_config_module
    if i &lt; len(device_info["bars"]):
E   KeyError: 'bars'

During handling of the above exception, another exception occurred:
tests/test_build.py:346: in test_build_sv_complex_timing
    build.build_sv(complex_regs, target_file)
src/build.py:1162: in build_sv
    raise RuntimeError(
E   RuntimeError: Production mode requires proper SystemVerilog generation: 'bars'</failure></testcase><testcase classname="tests.test_build.TestStateMachineGeneration" name="test_generate_register_state_machine_simple" time="0.001"><failure message="AssertionError: assert 'test_reg_state_0' in {'base_offset': 1024, 'initial_state': 'STATE_0', 'register': 'test_reg', 'sequences': [{'function': 'init', 'operation': 'write', 'position': 0}, {'function': 'init', 'operation': 'read', 'position': 1}], ...}">tests/test_build.py:373: in test_generate_register_state_machine_simple
    assert "test_reg_state_0" in state_machine
E   AssertionError: assert 'test_reg_state_0' in {'base_offset': 1024, 'initial_state': 'STATE_0', 'register': 'test_reg', 'sequences': [{'function': 'init', 'operation': 'write', 'position': 0}, {'function': 'init', 'operation': 'read', 'position': 1}], ...}</failure></testcase><testcase classname="tests.test_build.TestStateMachineGeneration" name="test_generate_register_state_machine_insufficient_sequences" time="0.001"><failure message="AssertionError: assert {} == ''">tests/test_build.py:385: in test_generate_register_state_machine_insufficient_sequences
    assert state_machine == ""
E   AssertionError: assert {} == ''</failure></testcase><testcase classname="tests.test_build.TestStateMachineGeneration" name="test_generate_device_state_machine" time="0.001"><failure message="AssertionError: assert 'DEVICE_RESET' in {'device_states': ['INIT', 'READY', 'ACTIVE', 'ERROR'], 'register_count': 2, 'registers': ['reg_ctrl', 'reg_status'], 'state_transitions': [{'from': 'INIT', 'to': 'READY', 'trigger': 'initialization_complete'}, {'from': 'READY', 'to': 'ACTIVE', 'trigger': 'operation_start'}, {'from': 'ACTIVE', 'to': 'READY', 'trigger': 'operation_complete'}, {'from': '*', 'to': 'ERROR', 'trigger': 'error_condition'}]}">tests/test_build.py:391: in test_generate_device_state_machine
    assert "DEVICE_RESET" in state_machine
E   AssertionError: assert 'DEVICE_RESET' in {'device_states': ['INIT', 'READY', 'ACTIVE', 'ERROR'], 'register_count': 2, 'registers': ['reg_ctrl', 'reg_status'], 'state_transitions': [{'from': 'INIT', 'to': 'READY', 'trigger': 'initialization_complete'}, {'from': 'READY', 'to': 'ACTIVE', 'trigger': 'operation_start'}, {'from': 'ACTIVE', 'to': 'READY', 'trigger': 'operation_complete'}, {'from': '*', 'to': 'ERROR', 'trigger': 'error_condition'}]}</failure></testcase><testcase classname="tests.test_build.TestStateMachineGeneration" name="test_generate_device_state_machine_empty_regs" time="0.001"><failure message="AssertionError: assert 'DEVICE_RESET' in {'registers': [], 'states': ['IDLE']}">tests/test_build.py:405: in test_generate_device_state_machine_empty_regs
    assert "DEVICE_RESET" in state_machine
E   AssertionError: assert 'DEVICE_RESET' in {'registers': [], 'states': ['IDLE']}</failure></testcase><testcase classname="tests.test_build.TestTCLGeneration" name="test_code_from_bytes_valid" time="0.001" /><testcase classname="tests.test_build.TestTCLGeneration" name="test_code_from_bytes_invalid" time="0.001" /><testcase classname="tests.test_build.TestTCLGeneration" name="test_build_tcl_success" time="0.022"><failure message="AssertionError: assert ('Bar0_Scale' in '# Generated TCL for 0x8086:0x1533\nset_property BITSTREAM.GENERAL.COMPRESS TRUE [current_design]\nset_property CFGBVS VCCO [current_design]\nset_property CONFIG_VOLTAGE 3.3 [current_design]\n')">tests/test_build.py:434: in test_build_tcl_success
    assert ("Bar0_Scale" in tcl_content and "Kilobytes" in tcl_content and
E   AssertionError: assert ('Bar0_Scale' in '# Generated TCL for 0x8086:0x1533\nset_property BITSTREAM.GENERAL.COMPRESS TRUE [current_design]\nset_property CFGBVS VCCO [current_design]\nset_property CONFIG_VOLTAGE 3.3 [current_design]\n')</failure></testcase><testcase classname="tests.test_build.TestTCLGeneration" name="test_build_tcl_unsupported_bar_size" time="0.018"><failure message="AssertionError: assert '128K' in '# Generated TCL for 0x8086:0x1533\nset_property BITSTREAM.GENERAL.COMPRESS TRUE [current_design]\nset_property CFGBVS VCCO [current_design]\nset_property CONFIG_VOLTAGE 3.3 [current_design]\n'">tests/test_build.py:456: in test_build_tcl_unsupported_bar_size
    assert "128K" in tcl_content
E   AssertionError: assert '128K' in '# Generated TCL for 0x8086:0x1533\nset_property BITSTREAM.GENERAL.COMPRESS TRUE [current_design]\nset_property CFGBVS VCCO [current_design]\nset_property CONFIG_VOLTAGE 3.3 [current_design]\n'</failure></testcase><testcase classname="tests.test_build.TestBoardConfiguration" name="test_board_info_constants" time="0.001"><failure message="AssertionError: assert 'gen' in {'root': 'xc7a35tcsg324-2'}">tests/test_build.py:486: in test_board_info_constants
    assert "gen" in info
E   AssertionError: assert 'gen' in {'root': 'xc7a35tcsg324-2'}</failure></testcase><testcase classname="tests.test_build.TestBoardConfiguration" name="test_aperture_constants" time="0.001" /><testcase classname="tests.test_build.TestUtilityFunctions" name="test_run_command_success" time="0.095"><failure message="AssertionError: expected call not found.&#10;Expected: run('echo test', shell=True, check=True)&#10;  Actual: run('echo test', shell=True, check=True, capture_output=True, text=True)&#10;&#10;pytest introspection follows:&#10;&#10;Kwargs:&#10;assert {'capture_out... 'text': True} == {'check': True, 'shell': True}&#10;  &#10;  Omitting 2 identical items, use -vv to show&#10;  Left contains 2 more items:&#10;  #x1B[0m{#x1B[33m'#x1B[39;49;00m#x1B[33mcapture_output#x1B[39;49;00m#x1B[33m'#x1B[39;49;00m: #x1B[94mTrue#x1B[39;49;00m, #x1B[33m'#x1B[39;49;00m#x1B[33mtext#x1B[39;49;00m#x1B[33m'#x1B[39;49;00m: #x1B[94mTrue#x1B[39;49;00m}#x1B[90m#x1B[39;49;00m&#10;  &#10;  Full diff:&#10;  #x1B[0m#x1B[90m #x1B[39;49;00m {#x1B[90m#x1B[39;49;00m...&#10;  &#10;  ...Full output truncated (5 lines hidden), use '-vv' to show">/Library/Frameworks/Python.framework/Versions/3.13/lib/python3.13/unittest/mock.py:977: in assert_called_with
    raise AssertionError(_error_message()) from cause
E   AssertionError: expected call not found.
E   Expected: run('echo test', shell=True, check=True)
E     Actual: run('echo test', shell=True, check=True, capture_output=True, text=True)

During handling of the above exception, another exception occurred:
/Library/Frameworks/Python.framework/Versions/3.13/lib/python3.13/unittest/mock.py:989: in assert_called_once_with
    return self.assert_called_with(*args, **kwargs)
E   AssertionError: expected call not found.
E   Expected: run('echo test', shell=True, check=True)
E     Actual: run('echo test', shell=True, check=True, capture_output=True, text=True)
E   
E   pytest introspection follows:
E   
E   Kwargs:
E   assert {'capture_out... 'text': True} == {'check': True, 'shell': True}
E     
E     Omitting 2 identical items, use -vv to show
E     Left contains 2 more items:
E     #x1B[0m{#x1B[33m'#x1B[39;49;00m#x1B[33mcapture_output#x1B[39;49;00m#x1B[33m'#x1B[39;49;00m: #x1B[94mTrue#x1B[39;49;00m, #x1B[33m'#x1B[39;49;00m#x1B[33mtext#x1B[39;49;00m#x1B[33m'#x1B[39;49;00m: #x1B[94mTrue#x1B[39;49;00m}#x1B[90m#x1B[39;49;00m
E     
E     Full diff:
E     #x1B[0m#x1B[90m #x1B[39;49;00m {#x1B[90m#x1B[39;49;00m...
E     
E     ...Full output truncated (5 lines hidden), use '-vv' to show

During handling of the above exception, another exception occurred:
tests/test_build.py:510: in test_run_command_success
    mock_run.assert_called_once_with("echo test", shell=True, check=True)
E   AssertionError: expected call not found.
E   Expected: run('echo test', shell=True, check=True)
E     Actual: run('echo test', shell=True, check=True, capture_output=True, text=True)
E   
E   pytest introspection follows:
E   
E   Kwargs:
E   assert {'capture_out... 'text': True} == {'check': True, 'shell': True}
E     
E     Omitting 2 identical items, use -vv to show
E     Left contains 2 more items:
E     #x1B[0m{#x1B[33m'#x1B[39;49;00m#x1B[33mcapture_output#x1B[39;49;00m#x1B[33m'#x1B[39;49;00m: #x1B[94mTrue#x1B[39;49;00m, #x1B[33m'#x1B[39;49;00m#x1B[33mtext#x1B[39;49;00m#x1B[33m'#x1B[39;49;00m: #x1B[94mTrue#x1B[39;49;00m}#x1B[90m#x1B[39;49;00m
E     
E     Full diff:
E     #x1B[0m#x1B[90m #x1B[39;49;00m {#x1B[90m#x1B[39;49;00m...
E     
E     ...Full output truncated (5 lines hidden), use '-vv' to show</failure></testcase><testcase classname="tests.test_build.TestUtilityFunctions" name="test_run_command_failure" time="0.001" /><testcase classname="tests.test_build.TestIntegrationScenarios" name="test_full_build_workflow" time="0.002"><failure message="AttributeError: &lt;module 'build' from '/Users/ramseymcgrath/code/PCILeechFWGenerator/tests/../src/build.py'&gt; does not have the attribute 'get_donor_info'">/Library/Frameworks/Python.framework/Versions/3.13/lib/python3.13/unittest/mock.py:1421: in patched
    with self.decoration_helper(patched,
/Library/Frameworks/Python.framework/Versions/3.13/lib/python3.13/contextlib.py:141: in __enter__
    return next(self.gen)
/Library/Frameworks/Python.framework/Versions/3.13/lib/python3.13/unittest/mock.py:1403: in decoration_helper
    arg = exit_stack.enter_context(patching)
/Library/Frameworks/Python.framework/Versions/3.13/lib/python3.13/contextlib.py:530: in enter_context
    result = _enter(cm)
/Library/Frameworks/Python.framework/Versions/3.13/lib/python3.13/unittest/mock.py:1495: in __enter__
    original, local = self.get_original()
/Library/Frameworks/Python.framework/Versions/3.13/lib/python3.13/unittest/mock.py:1465: in get_original
    raise AttributeError(
E   AttributeError: &lt;module 'build' from '/Users/ramseymcgrath/code/PCILeechFWGenerator/tests/../src/build.py'&gt; does not have the attribute 'get_donor_info'</failure></testcase><testcase classname="tests.test_build.TestErrorHandlingAndEdgeCases" name="test_empty_register_list_handling" time="0.007"><failure message="RuntimeError: Production mode requires proper SystemVerilog generation: 'bars'">src/build.py:1104: in build_sv
    generated_files = builder.generate_systemverilog_files(device_info)
src/build.py:471: in generate_systemverilog_files
    project_files = self.sv_generator.discover_and_copy_all_files(
src/systemverilog_generator.py:491: in discover_and_copy_all_files
    config_module = self.generate_device_config_module(device_info)
src/systemverilog_generator.py:532: in generate_device_config_module
    if i &lt; len(device_info["bars"]):
E   KeyError: 'bars'

During handling of the above exception, another exception occurred:
tests/test_build.py:577: in test_empty_register_list_handling
    build.build_sv([], target_file)
src/build.py:1162: in build_sv
    raise RuntimeError(
E   RuntimeError: Production mode requires proper SystemVerilog generation: 'bars'</failure></testcase><testcase classname="tests.test_build.TestErrorHandlingAndEdgeCases" name="test_malformed_register_data" time="0.007"><failure message="RuntimeError: Production mode requires proper SystemVerilog generation: 'bars'">src/build.py:1104: in build_sv
    generated_files = builder.generate_systemverilog_files(device_info)
src/build.py:471: in generate_systemverilog_files
    project_files = self.sv_generator.discover_and_copy_all_files(
src/systemverilog_generator.py:491: in discover_and_copy_all_files
    config_module = self.generate_device_config_module(device_info)
src/systemverilog_generator.py:532: in generate_device_config_module
    if i &lt; len(device_info["bars"]):
E   KeyError: 'bars'

During handling of the above exception, another exception occurred:
tests/test_build.py:599: in test_malformed_register_data
    build.build_sv(malformed_regs, temp_dir / "test.sv")
src/build.py:1162: in build_sv
    raise RuntimeError(
E   RuntimeError: Production mode requires proper SystemVerilog generation: 'bars'</failure></testcase><testcase classname="tests.test_build.TestErrorHandlingAndEdgeCases" name="test_missing_context_data" time="0.007"><failure message="RuntimeError: Production mode requires proper SystemVerilog generation: 'bars'">src/build.py:1104: in build_sv
    generated_files = builder.generate_systemverilog_files(device_info)
src/build.py:471: in generate_systemverilog_files
    project_files = self.sv_generator.discover_and_copy_all_files(
src/systemverilog_generator.py:491: in discover_and_copy_all_files
    config_module = self.generate_device_config_module(device_info)
src/systemverilog_generator.py:532: in generate_device_config_module
    if i &lt; len(device_info["bars"]):
E   KeyError: 'bars'

During handling of the above exception, another exception occurred:
tests/test_build.py:614: in test_missing_context_data
    build.build_sv(minimal_regs, temp_dir / "test.sv")
src/build.py:1162: in build_sv
    raise RuntimeError(
E   RuntimeError: Production mode requires proper SystemVerilog generation: 'bars'</failure></testcase><testcase classname="tests.test_build.TestPerformanceAndScaling" name="test_large_register_set_generation" time="0.009"><failure message="RuntimeError: Production mode requires proper SystemVerilog generation: 'bars'">src/build.py:1104: in build_sv
    generated_files = builder.generate_systemverilog_files(device_info)
src/build.py:471: in generate_systemverilog_files
    project_files = self.sv_generator.discover_and_copy_all_files(
src/systemverilog_generator.py:491: in discover_and_copy_all_files
    config_module = self.generate_device_config_module(device_info)
src/systemverilog_generator.py:532: in generate_device_config_module
    if i &lt; len(device_info["bars"]):
E   KeyError: 'bars'

During handling of the above exception, another exception occurred:
tests/test_build.py:636: in test_large_register_set_generation
    build.build_sv(large_reg_set, target_file)
src/build.py:1162: in build_sv
    raise RuntimeError(
E   RuntimeError: Production mode requires proper SystemVerilog generation: 'bars'</failure></testcase><testcase classname="tests.test_build.TestPerformanceAndScaling" name="test_memory_usage_with_large_datasets" time="0.034" /><testcase classname="tests.test_build.TestRegressionPrevention" name="test_register_offset_formatting" time="0.008"><failure message="RuntimeError: Production mode requires proper SystemVerilog generation: 'bars'">src/build.py:1104: in build_sv
    generated_files = builder.generate_systemverilog_files(device_info)
src/build.py:471: in generate_systemverilog_files
    project_files = self.sv_generator.discover_and_copy_all_files(
src/systemverilog_generator.py:491: in discover_and_copy_all_files
    config_module = self.generate_device_config_module(device_info)
src/systemverilog_generator.py:532: in generate_device_config_module
    if i &lt; len(device_info["bars"]):
E   KeyError: 'bars'

During handling of the above exception, another exception occurred:
tests/test_build.py:690: in test_register_offset_formatting
    build.build_sv(test_regs, target_file)
src/build.py:1162: in build_sv
    raise RuntimeError(
E   RuntimeError: Production mode requires proper SystemVerilog generation: 'bars'</failure></testcase><testcase classname="tests.test_build.TestRegressionPrevention" name="test_special_character_handling_in_names" time="0.007"><failure message="RuntimeError: Production mode requires proper SystemVerilog generation: 'bars'">src/build.py:1104: in build_sv
    generated_files = builder.generate_systemverilog_files(device_info)
src/build.py:471: in generate_systemverilog_files
    project_files = self.sv_generator.discover_and_copy_all_files(
src/systemverilog_generator.py:491: in discover_and_copy_all_files
    config_module = self.generate_device_config_module(device_info)
src/systemverilog_generator.py:532: in generate_device_config_module
    if i &lt; len(device_info["bars"]):
E   KeyError: 'bars'

During handling of the above exception, another exception occurred:
tests/test_build.py:710: in test_special_character_handling_in_names
    build.build_sv(test_regs, target_file)
src/build.py:1162: in build_sv
    raise RuntimeError(
E   RuntimeError: Production mode requires proper SystemVerilog generation: 'bars'</failure></testcase><testcase classname="tests.test_build.TestRegressionPrevention" name="test_timing_calculation_edge_cases" time="0.008"><failure message="RuntimeError: Production mode requires proper SystemVerilog generation: 'bars'">src/build.py:1104: in build_sv
    generated_files = builder.generate_systemverilog_files(device_info)
src/build.py:471: in generate_systemverilog_files
    project_files = self.sv_generator.discover_and_copy_all_files(
src/systemverilog_generator.py:491: in discover_and_copy_all_files
    config_module = self.generate_device_config_module(device_info)
src/systemverilog_generator.py:532: in generate_device_config_module
    if i &lt; len(device_info["bars"]):
E   KeyError: 'bars'

During handling of the above exception, another exception occurred:
tests/test_build.py:743: in test_timing_calculation_edge_cases
    build.build_sv(edge_case_regs, target_file)
src/build.py:1162: in build_sv
    raise RuntimeError(
E   RuntimeError: Production mode requires proper SystemVerilog generation: 'bars'</failure></testcase><testcase classname="tests.test_build.TestRefactoredBuildSystem" name="test_template_based_tcl_generation" time="0.001" /><testcase classname="tests.test_build.TestRefactoredBuildSystem" name="test_backward_compatibility_api" time="0.001"><failure message="AssertionError: assert False&#10; +  where False = hasattr(build, 'get_donor_info')">tests/test_build.py:803: in test_backward_compatibility_api
    assert hasattr(build, "get_donor_info")
E   AssertionError: assert False
E    +  where False = hasattr(build, 'get_donor_info')</failure></testcase><testcase classname="tests.test_build.TestRefactoredBuildSystem" name="test_safe_import_integration" time="0.001" /><testcase classname="tests.test_build.TestRefactoredBuildSystem" name="test_template_vs_legacy_output_equivalence" time="0.019" /><testcase classname="tests.test_build.TestRefactoredBuildSystem" name="test_fpga_strategy_integration" time="0.001"><failure message="AttributeError: &lt;module 'build' from '/Users/ramseymcgrath/code/PCILeechFWGenerator/tests/../src/build.py'&gt; does not have the attribute 'select_pcie_ip_core'">/Library/Frameworks/Python.framework/Versions/3.13/lib/python3.13/unittest/mock.py:1421: in patched
    with self.decoration_helper(patched,
/Library/Frameworks/Python.framework/Versions/3.13/lib/python3.13/contextlib.py:141: in __enter__
    return next(self.gen)
/Library/Frameworks/Python.framework/Versions/3.13/lib/python3.13/unittest/mock.py:1403: in decoration_helper
    arg = exit_stack.enter_context(patching)
/Library/Frameworks/Python.framework/Versions/3.13/lib/python3.13/contextlib.py:530: in enter_context
    result = _enter(cm)
/Library/Frameworks/Python.framework/Versions/3.13/lib/python3.13/unittest/mock.py:1495: in __enter__
    original, local = self.get_original()
/Library/Frameworks/Python.framework/Versions/3.13/lib/python3.13/unittest/mock.py:1465: in get_original
    raise AttributeError(
E   AttributeError: &lt;module 'build' from '/Users/ramseymcgrath/code/PCILeechFWGenerator/tests/../src/build.py'&gt; does not have the attribute 'select_pcie_ip_core'</failure></testcase><testcase classname="tests.test_build.TestRefactoredBuildSystem" name="test_constants_integration" time="0.001" /><testcase classname="tests.test_build.TestRefactoredBuildSystem" name="test_helper_function_integration" time="0.001" /><testcase classname="tests.test_build.TestRefactoredBuildSystem" name="test_error_handling_with_refactored_components" time="0.001" /><testcase classname="tests.test_build.TestPerformanceComparison" name="test_tcl_generation_performance" time="0.163" /><testcase classname="tests.test_build.TestPerformanceComparison" name="test_memory_usage_comparison" time="1.624" /><testcase classname="tests.test_build.TestMigrationCompatibility" name="test_gradual_migration_support" time="0.001" /><testcase classname="tests.test_build.TestMigrationCompatibility" name="test_configuration_migration" time="0.001" /><testcase classname="tests.test_build.TestMigrationCompatibility" name="test_api_consistency" time="0.017" /><testcase classname="tests.test_build_helpers.TestSafeImportWithFallback" name="test_successful_primary_import" time="0.001" /><testcase classname="tests.test_build_helpers.TestSafeImportWithFallback" name="test_fallback_import_success" time="0.001"><failure message="RuntimeError: Production mode requires all modules to be available. Failed to import TestClass: Primary import failed">tests/test_build_helpers.py:58: in import_side_effect
    raise ImportError("Primary import failed")
E   ImportError: Primary import failed

During handling of the above exception, another exception occurred:
tests/test_build_helpers.py:69: in test_fallback_import_success
    result = safe_import_with_fallback(primary_imports, fallback_imports)
src/build_helpers.py:108: in safe_import_with_fallback
    raise RuntimeError(
E   RuntimeError: Production mode requires all modules to be available. Failed to import TestClass: Primary import failed</failure></testcase><testcase classname="tests.test_build_helpers.TestSafeImportWithFallback" name="test_both_imports_fail_with_fallback_value" time="0.001"><failure message="RuntimeError: Production mode requires all modules to be available. Failed to import TestClass: All imports fail">src/build_helpers.py:99: in safe_import_with_fallback
    module = __import__(module_name, fromlist=[class_name])
/Library/Frameworks/Python.framework/Versions/3.13/lib/python3.13/unittest/mock.py:1167: in __call__
    return self._mock_call(*args, **kwargs)
/Library/Frameworks/Python.framework/Versions/3.13/lib/python3.13/unittest/mock.py:1171: in _mock_call
    return self._execute_mock_call(*args, **kwargs)
/Library/Frameworks/Python.framework/Versions/3.13/lib/python3.13/unittest/mock.py:1226: in _execute_mock_call
    raise effect
E   ImportError: All imports fail

During handling of the above exception, another exception occurred:
tests/test_build_helpers.py:82: in test_both_imports_fail_with_fallback_value
    result = safe_import_with_fallback(
src/build_helpers.py:108: in safe_import_with_fallback
    raise RuntimeError(
E   RuntimeError: Production mode requires all modules to be available. Failed to import TestClass: All imports fail</failure></testcase><testcase classname="tests.test_build_helpers.TestSafeImportWithFallback" name="test_both_imports_fail_no_fallback_value" time="0.001"><failure message="RuntimeError: Production mode requires all modules to be available. Failed to import TestClass: All imports fail">src/build_helpers.py:99: in safe_import_with_fallback
    module = __import__(module_name, fromlist=[class_name])
/Library/Frameworks/Python.framework/Versions/3.13/lib/python3.13/unittest/mock.py:1167: in __call__
    return self._mock_call(*args, **kwargs)
/Library/Frameworks/Python.framework/Versions/3.13/lib/python3.13/unittest/mock.py:1171: in _mock_call
    return self._execute_mock_call(*args, **kwargs)
/Library/Frameworks/Python.framework/Versions/3.13/lib/python3.13/unittest/mock.py:1226: in _execute_mock_call
    raise effect
E   ImportError: All imports fail

During handling of the above exception, another exception occurred:
tests/test_build_helpers.py:96: in test_both_imports_fail_no_fallback_value
    result = safe_import_with_fallback(primary_imports, fallback_imports)
src/build_helpers.py:108: in safe_import_with_fallback
    raise RuntimeError(
E   RuntimeError: Production mode requires all modules to be available. Failed to import TestClass: All imports fail</failure></testcase><testcase classname="tests.test_build_helpers.TestSafeImportWithFallback" name="test_simple_module_import" time="0.001" /><testcase classname="tests.test_build_helpers.TestSafeImportWithFallback" name="test_multiple_imports" time="0.001" /><testcase classname="tests.test_build_helpers.TestSafeImportWithFallback" name="test_empty_imports" time="0.001" /><testcase classname="tests.test_build_helpers.TestSafeImportWithFallback" name="test_none_fallback_parameters" time="0.001"><failure message="RuntimeError: Production mode requires all modules to be available. Failed to import TestClass: Import failed">src/build_helpers.py:99: in safe_import_with_fallback
    module = __import__(module_name, fromlist=[class_name])
/Library/Frameworks/Python.framework/Versions/3.13/lib/python3.13/unittest/mock.py:1167: in __call__
    return self._mock_call(*args, **kwargs)
/Library/Frameworks/Python.framework/Versions/3.13/lib/python3.13/unittest/mock.py:1171: in _mock_call
    return self._execute_mock_call(*args, **kwargs)
/Library/Frameworks/Python.framework/Versions/3.13/lib/python3.13/unittest/mock.py:1226: in _execute_mock_call
    raise effect
E   ImportError: Import failed

During handling of the above exception, another exception occurred:
tests/test_build_helpers.py:147: in test_none_fallback_parameters
    result = safe_import_with_fallback(primary_imports, None, None)
src/build_helpers.py:108: in safe_import_with_fallback
    raise RuntimeError(
E   RuntimeError: Production mode requires all modules to be available. Failed to import TestClass: Import failed</failure></testcase><testcase classname="tests.test_build_helpers.TestSelectPcieIpCore" name="test_artix7_35t_selection" time="0.001" /><testcase classname="tests.test_build_helpers.TestSelectPcieIpCore" name="test_artix7_75t_selection" time="0.001" /><testcase classname="tests.test_build_helpers.TestSelectPcieIpCore" name="test_kintex7_selection" time="0.001" /><testcase classname="tests.test_build_helpers.TestSelectPcieIpCore" name="test_zynq_ultrascale_selection" time="0.001" /><testcase classname="tests.test_build_helpers.TestSelectPcieIpCore" name="test_unknown_part_default" time="0.001" /><testcase classname="tests.test_build_helpers.TestWriteTclFileWithLogging" name="test_successful_file_write" time="0.001" /><testcase classname="tests.test_build_helpers.TestWriteTclFileWithLogging" name="test_create_parent_directories" time="0.001" /><testcase classname="tests.test_build_helpers.TestWriteTclFileWithLogging" name="test_custom_logger" time="0.001" /><testcase classname="tests.test_build_helpers.TestWriteTclFileWithLogging" name="test_file_write_error" time="0.002" /><testcase classname="tests.test_build_helpers.TestWriteTclFileWithLogging" name="test_string_path_input" time="0.001" /><testcase classname="tests.test_build_helpers.TestFpgaStrategySelector" name="test_artix7_35t_strategy" time="0.001" /><testcase classname="tests.test_build_helpers.TestFpgaStrategySelector" name="test_artix7_75t_strategy" time="0.001" /><testcase classname="tests.test_build_helpers.TestFpgaStrategySelector" name="test_kintex7_strategy" time="0.001" /><testcase classname="tests.test_build_helpers.TestFpgaStrategySelector" name="test_zynq_ultrascale_strategy" time="0.001" /><testcase classname="tests.test_build_helpers.TestFpgaStrategySelector" name="test_default_strategy" time="0.001" /><testcase classname="tests.test_build_helpers.TestFpgaStrategySelector" name="test_case_insensitive_matching" time="0.001" /><testcase classname="tests.test_build_helpers.TestBatchWriteTclFiles" name="test_successful_batch_write" time="0.002" /><testcase classname="tests.test_build_helpers.TestBatchWriteTclFiles" name="test_partial_failure_batch_write" time="0.001" /><testcase classname="tests.test_build_helpers.TestBatchWriteTclFiles" name="test_custom_logger_batch_write" time="0.001" /><testcase classname="tests.test_build_helpers.TestBatchWriteTclFiles" name="test_empty_contents_batch_write" time="0.001" /><testcase classname="tests.test_build_helpers.TestValidateFpgaPart" name="test_validate_known_parts" time="0.001" /><testcase classname="tests.test_build_helpers.TestValidateFpgaPart" name="test_validate_unknown_but_valid_format" time="0.001" /><testcase classname="tests.test_build_helpers.TestValidateFpgaPart" name="test_validate_invalid_parts" time="0.001" /><testcase classname="tests.test_build_helpers.TestValidateFpgaPart" name="test_validate_with_constants_import_error" time="0.001"><failure message="AttributeError: &lt;module 'build_helpers' from '/Users/ramseymcgrath/code/PCILeechFWGenerator/src/build_helpers.py'&gt; does not have the attribute 'BOARD_PARTS'">tests/test_build_helpers.py:487: in test_validate_with_constants_import_error
    with patch("build_helpers.BOARD_PARTS", side_effect=ImportError):
/Library/Frameworks/Python.framework/Versions/3.13/lib/python3.13/unittest/mock.py:1495: in __enter__
    original, local = self.get_original()
/Library/Frameworks/Python.framework/Versions/3.13/lib/python3.13/unittest/mock.py:1465: in get_original
    raise AttributeError(
E   AttributeError: &lt;module 'build_helpers' from '/Users/ramseymcgrath/code/PCILeechFWGenerator/src/build_helpers.py'&gt; does not have the attribute 'BOARD_PARTS'</failure></testcase><testcase classname="tests.test_build_helpers.TestValidateFpgaPart" name="test_validate_case_insensitive" time="0.001" /><testcase classname="tests.test_build_helpers.TestValidateFpgaPart" name="test_validate_none_input" time="0.001" /><testcase classname="tests.test_build_helpers.TestIntegrationScenarios" name="test_complete_fpga_configuration_workflow" time="0.001" /><testcase classname="tests.test_build_helpers.TestIntegrationScenarios" name="test_batch_tcl_generation_with_strategy" time="0.001" /><testcase classname="tests.test_build_helpers.TestIntegrationScenarios" name="test_error_handling_integration" time="0.001" /><testcase classname="tests.test_build_helpers.TestLoggingBehavior" name="test_write_tcl_file_logging_levels" time="0.001" /><testcase classname="tests.test_build_helpers.TestLoggingBehavior" name="test_batch_write_logging_summary" time="0.001" /><testcase classname="tests.test_build_validation_fix.TestBuildValidationFix" name="test_legacy_build_firmware_tcl_validation" time="0.003" /><testcase classname="tests.test_build_validation_fix.TestBuildValidationFix" name="test_legacy_build_all_tcl_validation" time="0.001" /><testcase classname="tests.test_build_validation_fix.TestBuildValidationFix" name="test_pcileech_vivado_build_tcl_validation" time="0.001" /><testcase classname="tests.test_build_validation_fix.TestBuildValidationFix" name="test_pcileech_vivado_generate_project_tcl_validation" time="0.001" /><testcase classname="tests.test_build_validation_fix.TestBuildValidationFix" name="test_mixed_legacy_and_pcileech_files" time="0.001" /><testcase classname="tests.test_build_validation_fix.TestBuildValidationFix" name="test_both_pcileech_files_exist" time="0.001" /><testcase classname="tests.test_build_validation_fix.TestBuildValidationFix" name="test_no_tcl_files_validation_fails" time="0.001" /><testcase classname="tests.test_build_validation_fix.TestBuildValidationFix" name="test_partial_pcileech_files_only_build_script" time="0.001" /><testcase classname="tests.test_build_validation_fix.TestBuildValidationFix" name="test_partial_pcileech_files_only_project_script" time="0.001" /><testcase classname="tests.test_build_validation_fix.TestBuildValidationFix" name="test_minimal_tcl_content_validation" time="0.001" /><testcase classname="tests.test_build_validation_fix.TestBuildValidationFix" name="test_tcl_without_hex_generation" time="0.001" /><testcase classname="tests.test_build_validation_fix.TestBuildValidationFix" name="test_full_vivado_build_with_bitstream" time="0.003" /><testcase classname="tests.test_build_validation_fix.TestBuildValidationFix" name="test_small_bitstream_warning" time="0.003" /><testcase classname="tests.test_build_validation_fix.TestBuildValidationFix" name="test_backward_compatibility_maintained" time="0.001" /><testcase classname="tests.test_build_validation_fix.TestBuildValidationFix" name="test_pcileech_files_detection" time="0.001" /><testcase classname="tests.test_build_validation_fix.TestBuildValidationFix" name="test_file_priority_order" time="0.001" /><testcase classname="tests.test_build_validation_fix.TestBuildValidationFix" name="test_validation_with_additional_files" time="0.001" /><testcase classname="tests.test_capability_pruning.TestCapabilityPruning" name="test_capability_chain_integrity" time="0.003"><failure message="AssertionError: 0 != 3">tests/test_capability_pruning.py:272: in test_capability_chain_integrity
    self.assertEqual(len(pruned_caps), 3)
E   AssertionError: 0 != 3</failure></testcase><testcase classname="tests.test_capability_pruning.TestCapabilityPruning" name="test_complex_capability_configuration" time="0.001"><failure message="AssertionError: unexpectedly None">tests/test_capability_pruning.py:441: in test_complex_capability_configuration
    self.assertIsNotNone(find_cap(pruned_config, PCICapabilityID.PCI_EXPRESS.value))
E   AssertionError: unexpectedly None</failure></testcase><testcase classname="tests.test_capability_pruning.TestCapabilityPruning" name="test_empty_capability_chain" time="0.001" /><testcase classname="tests.test_capability_pruning.TestCapabilityPruning" name="test_extended_capability_pruning" time="0.001"><failure message="AssertionError: 0 != 4">tests/test_capability_pruning.py:359: in test_extended_capability_pruning
    self.assertEqual(len(ext_caps), 4)
E   AssertionError: 0 != 4</failure></testcase><testcase classname="tests.test_capability_pruning.TestCapabilityPruning" name="test_pcie_capability_modification" time="0.001"><failure message="AssertionError: None != 64">tests/test_capability_pruning.py:521: in test_pcie_capability_modification
    self.assertEqual(pcie_offset, 0x40)
E   AssertionError: None != 64</failure></testcase><testcase classname="tests.test_capability_pruning.TestCapabilityPruning" name="test_pruning_specific_capability_types" time="0.001"><failure message="AssertionError: 0 != 5">tests/test_capability_pruning.py:173: in test_pruning_specific_capability_types
    self.assertEqual(len(caps), 5)
E   AssertionError: 0 != 5</failure></testcase><testcase classname="tests.test_capability_pruning_integration.TestCapabilityPruningIntegration" name="test_capability_pruning_disabled" time="0.001"><failure message="AttributeError: &lt;module 'src.build' from '/Users/ramseymcgrath/code/PCILeechFWGenerator/src/build.py'&gt; does not have the attribute 'vivado_run'">/Library/Frameworks/Python.framework/Versions/3.13/lib/python3.13/unittest/mock.py:1421: in patched
    with self.decoration_helper(patched,
/Library/Frameworks/Python.framework/Versions/3.13/lib/python3.13/contextlib.py:141: in __enter__
    return next(self.gen)
/Library/Frameworks/Python.framework/Versions/3.13/lib/python3.13/unittest/mock.py:1403: in decoration_helper
    arg = exit_stack.enter_context(patching)
/Library/Frameworks/Python.framework/Versions/3.13/lib/python3.13/contextlib.py:530: in enter_context
    result = _enter(cm)
/Library/Frameworks/Python.framework/Versions/3.13/lib/python3.13/unittest/mock.py:1495: in __enter__
    original, local = self.get_original()
/Library/Frameworks/Python.framework/Versions/3.13/lib/python3.13/unittest/mock.py:1465: in get_original
    raise AttributeError(
E   AttributeError: &lt;module 'src.build' from '/Users/ramseymcgrath/code/PCILeechFWGenerator/src/build.py'&gt; does not have the attribute 'vivado_run'</failure></testcase><testcase classname="tests.test_capability_pruning_integration.TestCapabilityPruningIntegration" name="test_capability_pruning_integration" time="0.001"><failure message="AttributeError: &lt;module 'src.build' from '/Users/ramseymcgrath/code/PCILeechFWGenerator/src/build.py'&gt; does not have the attribute 'vivado_run'">/Library/Frameworks/Python.framework/Versions/3.13/lib/python3.13/unittest/mock.py:1421: in patched
    with self.decoration_helper(patched,
/Library/Frameworks/Python.framework/Versions/3.13/lib/python3.13/contextlib.py:141: in __enter__
    return next(self.gen)
/Library/Frameworks/Python.framework/Versions/3.13/lib/python3.13/unittest/mock.py:1403: in decoration_helper
    arg = exit_stack.enter_context(patching)
/Library/Frameworks/Python.framework/Versions/3.13/lib/python3.13/contextlib.py:530: in enter_context
    result = _enter(cm)
/Library/Frameworks/Python.framework/Versions/3.13/lib/python3.13/unittest/mock.py:1495: in __enter__
    original, local = self.get_original()
/Library/Frameworks/Python.framework/Versions/3.13/lib/python3.13/unittest/mock.py:1465: in get_original
    raise AttributeError(
E   AttributeError: &lt;module 'src.build' from '/Users/ramseymcgrath/code/PCILeechFWGenerator/src/build.py'&gt; does not have the attribute 'vivado_run'</failure></testcase><testcase classname="tests.test_config_space_extraction.TestConfigSpaceExtraction" name="test_save_config_space_hex" time="0.002" /><testcase classname="tests.test_config_space_extraction.TestConfigSpaceExtraction" name="test_save_donor_info_with_config_space" time="0.002" /><testcase classname="tests.test_config_space_extraction.TestConfigSpaceExtraction" name="test_setup_module_with_config_extraction" time="0.002" /><testcase classname="tests.test_config_space_extraction.TestConfigSpaceExtraction" name="test_synthetic_config_space_generation" time="0.008" /><testcase classname="tests.test_config_space_shadow.TestConfigSpaceShadow" name="test_save_config_space_hex" time="0.002"><failure message="AssertionError: 1024 != 512">tests/test_config_space_shadow.py:63: in test_save_config_space_hex
    self.assertEqual(len(lines), 512)
E   AssertionError: 1024 != 512</failure></testcase><testcase classname="tests.test_config_space_shadow.TestConfigSpaceShadow" name="test_save_donor_info_with_config_space" time="0.002" /><testcase classname="tests.test_config_space_shadow.TestConfigSpaceShadow" name="test_setup_module_with_config_extraction" time="0.002" /><testcase classname="tests.test_config_space_shadow.TestConfigSpaceShadow" name="test_synthetic_config_space_generation" time="0.007" /><testcase classname="tests.test_constants.TestBoardPartsMapping" name="test_board_parts_not_empty" time="0.001" /><testcase classname="tests.test_constants.TestBoardPartsMapping" name="test_original_boards_present" time="0.001" /><testcase classname="tests.test_constants.TestBoardPartsMapping" name="test_captaindma_boards_present" time="0.001" /><testcase classname="tests.test_constants.TestBoardPartsMapping" name="test_other_boards_present" time="0.001" /><testcase classname="tests.test_constants.TestBoardPartsMapping" name="test_fpga_part_format_validity" time="0.001" /><testcase classname="tests.test_constants.TestBoardPartsMapping" name="test_artix7_parts_mapping" time="0.001" /><testcase classname="tests.test_constants.TestBoardPartsMapping" name="test_zynq_ultrascale_parts_mapping" time="0.001" /><testcase classname="tests.test_constants.TestBoardPartsMapping" name="test_no_duplicate_values" time="0.001" /><testcase classname="tests.test_constants.TestDefaultFpgaPart" name="test_default_fpga_part_defined" time="0.001" /><testcase classname="tests.test_constants.TestDefaultFpgaPart" name="test_default_fpga_part_valid_format" time="0.001" /><testcase classname="tests.test_constants.TestDefaultFpgaPart" name="test_default_fpga_part_in_board_parts" time="0.001" /><testcase classname="tests.test_constants.TestDefaultFpgaPart" name="test_default_fpga_part_is_conservative" time="0.001" /><testcase classname="tests.test_constants.TestVivadoConfiguration" name="test_vivado_project_name_defined" time="0.001" /><testcase classname="tests.test_constants.TestVivadoConfiguration" name="test_vivado_project_name_valid" time="0.001" /><testcase classname="tests.test_constants.TestVivadoConfiguration" name="test_vivado_project_dir_defined" time="0.001" /><testcase classname="tests.test_constants.TestVivadoConfiguration" name="test_vivado_project_dir_relative" time="0.001" /><testcase classname="tests.test_constants.TestVivadoConfiguration" name="test_vivado_output_dir_defined" time="0.001" /><testcase classname="tests.test_constants.TestTclScriptFiles" name="test_tcl_script_files_defined" time="0.001" /><testcase classname="tests.test_constants.TestTclScriptFiles" name="test_tcl_script_files_order" time="0.001" /><testcase classname="tests.test_constants.TestTclScriptFiles" name="test_tcl_script_files_naming_convention" time="0.001" /><testcase classname="tests.test_constants.TestTclScriptFiles" name="test_tcl_script_files_coverage" time="0.001" /><testcase classname="tests.test_constants.TestTclScriptFiles" name="test_master_build_script_defined" time="0.001" /><testcase classname="tests.test_constants.TestTclScriptFiles" name="test_master_build_script_name" time="0.001" /><testcase classname="tests.test_constants.TestBuildStrategies" name="test_synthesis_strategy_defined" time="0.001" /><testcase classname="tests.test_constants.TestBuildStrategies" name="test_synthesis_strategy_valid" time="0.001" /><testcase classname="tests.test_constants.TestBuildStrategies" name="test_implementation_strategy_defined" time="0.001" /><testcase classname="tests.test_constants.TestBuildStrategies" name="test_implementation_strategy_valid" time="0.001" /><testcase classname="tests.test_constants.TestFpgaFamilies" name="test_fpga_families_defined" time="0.001" /><testcase classname="tests.test_constants.TestFpgaFamilies" name="test_fpga_families_coverage" time="0.001" /><testcase classname="tests.test_constants.TestFpgaFamilies" name="test_fpga_families_patterns_valid" time="0.001" /><testcase classname="tests.test_constants.TestFpgaFamilies" name="test_fpga_families_pattern_uniqueness" time="0.001" /><testcase classname="tests.test_constants.TestFpgaFamilies" name="test_fpga_families_match_board_parts" time="0.001"><failure message="AssertionError: No board parts match family KINTEX7 pattern xc7k&#10;assert 0 &gt; 0&#10; +  where 0 = len([])">tests/test_constants.py:372: in test_fpga_families_match_board_parts
    assert (
E   AssertionError: No board parts match family KINTEX7 pattern xc7k
E   assert 0 &gt; 0
E    +  where 0 = len([])</failure></testcase><testcase classname="tests.test_constants.TestFpgaFamilies" name="test_specific_family_patterns" time="0.001" /><testcase classname="tests.test_constants.TestLegacyTclFiles" name="test_legacy_tcl_files_defined" time="0.001" /><testcase classname="tests.test_constants.TestLegacyTclFiles" name="test_legacy_tcl_files_format" time="0.001" /><testcase classname="tests.test_constants.TestLegacyTclFiles" name="test_legacy_tcl_files_not_overlap_current" time="0.001" /><testcase classname="tests.test_constants.TestLegacyTclFiles" name="test_legacy_tcl_files_naming_patterns" time="0.001" /><testcase classname="tests.test_constants.TestConstantsConsistency" name="test_default_fpga_part_has_family_pattern" time="0.001" /><testcase classname="tests.test_constants.TestConstantsConsistency" name="test_board_parts_cover_all_families" time="0.001"><failure message="AssertionError: No boards use FPGA family KINTEX7 (pattern: xc7k)&#10;assert 0 &gt; 0&#10; +  where 0 = len([])">tests/test_constants.py:447: in test_board_parts_cover_all_families
    assert (
E   AssertionError: No boards use FPGA family KINTEX7 (pattern: xc7k)
E   assert 0 &gt; 0
E    +  where 0 = len([])</failure></testcase><testcase classname="tests.test_constants.TestConstantsConsistency" name="test_tcl_script_count_reasonable" time="0.001" /><testcase classname="tests.test_constants.TestConstantsConsistency" name="test_vivado_project_name_matches_context" time="0.001" /><testcase classname="tests.test_constants.TestConstantsTypes" name="test_string_constants_types" time="0.001" /><testcase classname="tests.test_constants.TestConstantsTypes" name="test_dict_constants_types" time="0.001" /><testcase classname="tests.test_constants.TestConstantsTypes" name="test_list_constants_types" time="0.001" /><testcase classname="tests.test_constants.TestConstantsTypes" name="test_nested_types_consistency" time="0.001" /><testcase classname="tests.test_constants.TestConstantsCompleteness" name="test_all_expected_constants_present" time="0.001" /><testcase classname="tests.test_constants.TestConstantsCompleteness" name="test_no_unexpected_none_values" time="0.001" /><testcase classname="tests.test_constants.TestConstantsCompleteness" name="test_constants_not_empty" time="0.001" /><testcase classname="tests.test_donor_dump.TestKernelModuleBuild" name="test_module_compilation_success" time="0.001" /><testcase classname="tests.test_donor_dump.TestKernelModuleBuild" name="test_module_compilation_failure" time="0.001" /><testcase classname="tests.test_donor_dump.TestKernelModuleBuild" name="test_kernel_headers_check" time="0.001" /><testcase classname="tests.test_donor_dump.TestModuleParameters" name="test_bdf_parameter_validation" time="0.001" /><testcase classname="tests.test_donor_dump.TestModuleParameters" name="test_module_parameter_parsing" time="0.001" /><testcase classname="tests.test_donor_dump.TestModuleLoading" name="test_module_loading_success" time="0.001" /><testcase classname="tests.test_donor_dump.TestModuleLoading" name="test_module_loading_failure" time="0.001" /><testcase classname="tests.test_donor_dump.TestModuleLoading" name="test_module_unloading" time="0.001" /><testcase classname="tests.test_donor_dump.TestModuleLoading" name="test_module_already_loaded_handling" time="0.001" /><testcase classname="tests.test_donor_dump.TestProcInterface" name="test_proc_donor_dump_output_parsing" time="0.001" /><testcase classname="tests.test_donor_dump.TestProcInterface" name="test_proc_output_missing_fields" time="0.001" /><testcase classname="tests.test_donor_dump.TestProcInterface" name="test_proc_output_malformed" time="0.001" /><testcase classname="tests.test_donor_dump.TestDeviceAccess" name="test_pci_config_space_access_simulation" time="0.001" /><testcase classname="tests.test_donor_dump.TestDeviceAccess" name="test_bar_size_calculation" time="0.001" /><testcase classname="tests.test_donor_dump.TestDeviceAccess" name="test_extended_config_space_access" time="0.001" /><testcase classname="tests.test_donor_dump.TestErrorHandling" name="test_device_not_found_error" time="0.001" /><testcase classname="tests.test_donor_dump.TestErrorHandling" name="test_permission_denied_error" time="0.001" /><testcase classname="tests.test_donor_dump.TestErrorHandling" name="test_module_build_dependency_missing" time="0.001" /><testcase classname="tests.test_donor_dump.TestErrorHandling" name="test_invalid_bdf_parameter_handling" time="0.001" /><testcase classname="tests.test_donor_dump.TestHardwareSimulation" name="test_simulated_pci_device_data" time="0.001" /><testcase classname="tests.test_donor_dump.TestHardwareSimulation" name="test_simulated_config_space_data" time="0.001" /><testcase classname="tests.test_donor_dump.TestMakefileValidation" name="test_makefile_exists" time="0.001" /><testcase classname="tests.test_donor_dump.TestMakefileValidation" name="test_makefile_targets" time="0.002" /><testcase classname="tests.test_donor_dump.TestMakefileValidation" name="test_kernel_version_compatibility" time="0.001" /><testcase classname="tests.test_donor_dump.TestDonorDumpManager" name="test_manager_initialization" time="0.001" /><testcase classname="tests.test_donor_dump.TestDonorDumpManager" name="test_check_kernel_headers_available" time="0.001" /><testcase classname="tests.test_donor_dump.TestDonorDumpManager" name="test_check_kernel_headers_missing" time="0.001" /><testcase classname="tests.test_donor_dump.TestDonorDumpManager" name="test_install_kernel_headers_success" time="0.001" /><testcase classname="tests.test_donor_dump.TestDonorDumpManager" name="test_install_kernel_headers_failure" time="0.002" /><testcase classname="tests.test_donor_dump.TestDonorDumpManager" name="test_build_module_success" time="0.001" /><testcase classname="tests.test_donor_dump.TestDonorDumpManager" name="test_build_module_source_missing" time="0.001" /><testcase classname="tests.test_donor_dump.TestDonorDumpManager" name="test_is_module_loaded_true" time="0.001" /><testcase classname="tests.test_donor_dump.TestDonorDumpManager" name="test_is_module_loaded_false" time="0.001" /><testcase classname="tests.test_donor_dump.TestDonorDumpManager" name="test_load_module_invalid_bdf" time="0.001" /><testcase classname="tests.test_donor_dump.TestDonorDumpManager" name="test_load_module_success" time="0.001" /><testcase classname="tests.test_donor_dump.TestDonorDumpManager" name="test_unload_module_success" time="0.001" /><testcase classname="tests.test_donor_dump.TestDonorDumpManager" name="test_read_device_info_success" time="0.001" /><testcase classname="tests.test_donor_dump.TestDonorDumpManager" name="test_read_device_info_proc_missing" time="0.001" /><testcase classname="tests.test_donor_dump.TestDonorDumpManager" name="test_setup_module_complete_flow" time="0.002" /><testcase classname="tests.test_donor_dump.TestHexFileGeneration" name="test_save_device_info_with_extended_config" time="0.006" /><testcase classname="tests.test_donor_dump.TestHexFileGeneration" name="test_save_device_info_without_extended_config" time="0.002" /><testcase classname="tests.test_donor_dump.TestHexFileGeneration" name="test_save_device_info_with_disabled_extended_config" time="0.002" /><testcase classname="tests.test_donor_dump.TestHexFileGeneration" name="test_generate_blank_config_hex_direct" time="0.001" /><testcase classname="tests.test_donor_dump.TestHexFileGeneration" name="test_hex_file_always_created" time="0.005" /><testcase classname="tests.test_driver_scrape.TestValidateHexId" name="test_valid_hex_ids" time="0.001" /><testcase classname="tests.test_driver_scrape.TestValidateHexId" name="test_invalid_hex_ids" time="0.001" /><testcase classname="tests.test_driver_scrape.TestDriverAnalyzer" name="test_initialization" time="0.002" /><testcase classname="tests.test_driver_scrape.TestDriverAnalyzer" name="test_function_context_analysis" time="0.003" /><testcase classname="tests.test_driver_scrape.TestDriverAnalyzer" name="test_access_sequence_analysis" time="0.001" /><testcase classname="tests.test_driver_scrape.TestDriverAnalyzer" name="test_timing_constraints_analysis" time="0.001" /><testcase classname="tests.test_driver_scrape.TestDriverAnalyzer" name="test_bit_width_detection" time="0.001" /><testcase classname="tests.test_driver_scrape.TestKernelUtils" name="test_run_command_success" time="0.001" /><testcase classname="tests.test_driver_scrape.TestKernelUtils" name="test_run_command_failure" time="0.001" /><testcase classname="tests.test_driver_scrape.TestKernelUtils" name="test_ensure_kernel_source_not_found" time="0.001" /><testcase classname="tests.test_driver_scrape.TestKernelUtils" name="test_resolve_driver_module_success" time="0.001"><failure message="RuntimeError: Driver module resolution requires Linux. Current platform: Darwin. This functionality is only available on Linux systems.">tests/test_driver_scrape.py:335: in test_resolve_driver_module_success
    result = resolve_driver_module("8086", "1533")
src/scripts/kernel_utils.py:155: in resolve_driver_module
    check_linux_requirement("Driver module resolution")
src/scripts/kernel_utils.py:33: in check_linux_requirement
    raise RuntimeError(
E   RuntimeError: Driver module resolution requires Linux. Current platform: Darwin. This functionality is only available on Linux systems.</failure></testcase><testcase classname="tests.test_driver_scrape.TestKernelUtils" name="test_resolve_driver_module_not_found" time="0.001"><failure message="AssertionError: Regex pattern did not match.&#10; Regex: 'No driver module found'&#10; Input: 'Driver module resolution requires Linux. Current platform: Darwin. This functionality is only available on Linux systems.'">tests/test_driver_scrape.py:344: in test_resolve_driver_module_not_found
    resolve_driver_module("FFFF", "FFFF")
src/scripts/kernel_utils.py:155: in resolve_driver_module
    check_linux_requirement("Driver module resolution")
src/scripts/kernel_utils.py:33: in check_linux_requirement
    raise RuntimeError(
E   RuntimeError: Driver module resolution requires Linux. Current platform: Darwin. This functionality is only available on Linux systems.

During handling of the above exception, another exception occurred:
tests/test_driver_scrape.py:343: in test_resolve_driver_module_not_found
    with pytest.raises(RuntimeError, match="No driver module found"):
E   AssertionError: Regex pattern did not match.
E    Regex: 'No driver module found'
E    Input: 'Driver module resolution requires Linux. Current platform: Darwin. This functionality is only available on Linux systems.'</failure></testcase><testcase classname="tests.test_driver_scrape.TestKernelUtils" name="test_find_driver_sources" time="0.003" /><testcase classname="tests.test_driver_scrape.TestKernelUtils" name="test_find_driver_sources_empty" time="0.002" /><testcase classname="tests.test_driver_scrape.TestExtractRegistersWithAnalysis" name="test_extract_with_valid_sources" time="0.021" /><testcase classname="tests.test_driver_scrape.TestExtractRegistersWithAnalysis" name="test_extract_with_empty_sources" time="0.001" /><testcase classname="tests.test_driver_scrape.TestMainFunction" name="test_main_success_flow" time="0.001"><failure message="SystemExit: 2">src/scripts/driver_scrape.py:605: in main
    check_linux_requirement("Driver analysis")
src/scripts/kernel_utils.py:33: in check_linux_requirement
    raise RuntimeError(
E   RuntimeError: Driver analysis requires Linux. Current platform: Darwin. This functionality is only available on Linux systems.

During handling of the above exception, another exception occurred:
tests/test_driver_scrape.py:427: in test_main_success_flow
    main()
src/scripts/driver_scrape.py:678: in main
    sys.exit(2)
E   SystemExit: 2</failure></testcase><testcase classname="tests.test_driver_scrape.TestMainFunction" name="test_main_no_kernel_source" time="0.001"><failure message="SystemExit: 2">src/scripts/driver_scrape.py:605: in main
    check_linux_requirement("Driver analysis")
src/scripts/kernel_utils.py:33: in check_linux_requirement
    raise RuntimeError(
E   RuntimeError: Driver analysis requires Linux. Current platform: Darwin. This functionality is only available on Linux systems.

During handling of the above exception, another exception occurred:
tests/test_driver_scrape.py:447: in test_main_no_kernel_source
    main()
src/scripts/driver_scrape.py:678: in main
    sys.exit(2)
E   SystemExit: 2</failure></testcase><testcase classname="tests.test_driver_scrape.TestMainFunction" name="test_main_invalid_vendor_id" time="0.001" /><testcase classname="tests.test_driver_scrape.TestMainFunction" name="test_main_non_linux_platform" time="0.001" /><testcase classname="tests.test_driver_scrape.TestNestedStateMachine" name="test_nested_switch_analysis" time="0.002" /><testcase classname="tests.test_driver_scrape.TestOutputSchema" name="test_register_schema" time="0.002" /><testcase classname="tests.test_driver_scrape.TestPerformanceOptimizations" name="test_file_content_caching" time="0.001" /><testcase classname="tests.test_driver_scrape.TestPerformanceOptimizations" name="test_regex_pattern_caching" time="0.001" /><testcase classname="tests.test_driver_scrape.TestHelperFunctions" name="test_run_command_success" time="0.001"><failure message="AttributeError: module 'src.scripts.driver_scrape' has no attribute 'run'">tests/test_driver_scrape.py:655: in test_run_command_success
    result = driver_scrape.run("echo test")
E   AttributeError: module 'src.scripts.driver_scrape' has no attribute 'run'</failure></testcase><testcase classname="tests.test_driver_scrape.TestHelperFunctions" name="test_run_command_failure" time="0.001"><failure message="AttributeError: module 'src.scripts.driver_scrape' has no attribute 'run'">tests/test_driver_scrape.py:665: in test_run_command_failure
    driver_scrape.run("false")
E   AttributeError: module 'src.scripts.driver_scrape' has no attribute 'run'</failure></testcase><testcase classname="tests.test_driver_scrape.TestModuleResolution" name="test_ko_name_from_alias_success" time="0.004"><failure message="AttributeError: &lt;module 'driver_scrape' from '/Users/ramseymcgrath/code/PCILeechFWGenerator/src/scripts/driver_scrape.py'&gt; does not have the attribute 'run'">/Library/Frameworks/Python.framework/Versions/3.13/lib/python3.13/unittest/mock.py:1421: in patched
    with self.decoration_helper(patched,
/Library/Frameworks/Python.framework/Versions/3.13/lib/python3.13/contextlib.py:141: in __enter__
    return next(self.gen)
/Library/Frameworks/Python.framework/Versions/3.13/lib/python3.13/unittest/mock.py:1403: in decoration_helper
    arg = exit_stack.enter_context(patching)
/Library/Frameworks/Python.framework/Versions/3.13/lib/python3.13/contextlib.py:530: in enter_context
    result = _enter(cm)
/Library/Frameworks/Python.framework/Versions/3.13/lib/python3.13/unittest/mock.py:1495: in __enter__
    original, local = self.get_original()
/Library/Frameworks/Python.framework/Versions/3.13/lib/python3.13/unittest/mock.py:1465: in get_original
    raise AttributeError(
E   AttributeError: &lt;module 'driver_scrape' from '/Users/ramseymcgrath/code/PCILeechFWGenerator/src/scripts/driver_scrape.py'&gt; does not have the attribute 'run'</failure></testcase><testcase classname="tests.test_driver_scrape.TestModuleResolution" name="test_ko_name_from_alias_not_found" time="0.001"><failure message="AttributeError: &lt;module 'driver_scrape' from '/Users/ramseymcgrath/code/PCILeechFWGenerator/src/scripts/driver_scrape.py'&gt; does not have the attribute 'run'">/Library/Frameworks/Python.framework/Versions/3.13/lib/python3.13/unittest/mock.py:1421: in patched
    with self.decoration_helper(patched,
/Library/Frameworks/Python.framework/Versions/3.13/lib/python3.13/contextlib.py:141: in __enter__
    return next(self.gen)
/Library/Frameworks/Python.framework/Versions/3.13/lib/python3.13/unittest/mock.py:1403: in decoration_helper
    arg = exit_stack.enter_context(patching)
/Library/Frameworks/Python.framework/Versions/3.13/lib/python3.13/contextlib.py:530: in enter_context
    result = _enter(cm)
/Library/Frameworks/Python.framework/Versions/3.13/lib/python3.13/unittest/mock.py:1495: in __enter__
    original, local = self.get_original()
/Library/Frameworks/Python.framework/Versions/3.13/lib/python3.13/unittest/mock.py:1465: in get_original
    raise AttributeError(
E   AttributeError: &lt;module 'driver_scrape' from '/Users/ramseymcgrath/code/PCILeechFWGenerator/src/scripts/driver_scrape.py'&gt; does not have the attribute 'run'</failure></testcase><testcase classname="tests.test_driver_scrape.TestFunctionContextAnalysis" name="test_analyze_function_context_complete" time="0.001"><failure message="AttributeError: module 'src.scripts.driver_scrape' has no attribute 'analyze_function_context'">tests/test_driver_scrape.py:729: in test_analyze_function_context_complete
    context = driver_scrape.analyze_function_context(file_content, "REG_CTRL")
E   AttributeError: module 'src.scripts.driver_scrape' has no attribute 'analyze_function_context'</failure></testcase><testcase classname="tests.test_driver_scrape.TestFunctionContextAnalysis" name="test_analyze_function_context_interrupt_handler" time="0.001"><failure message="AttributeError: module 'src.scripts.driver_scrape' has no attribute 'analyze_function_context'">tests/test_driver_scrape.py:753: in test_analyze_function_context_interrupt_handler
    context = driver_scrape.analyze_function_context(file_content, "REG_IRQ_STATUS")
E   AttributeError: module 'src.scripts.driver_scrape' has no attribute 'analyze_function_context'</failure></testcase><testcase classname="tests.test_driver_scrape.TestFunctionContextAnalysis" name="test_analyze_function_context_runtime_function" time="0.001"><failure message="AttributeError: module 'src.scripts.driver_scrape' has no attribute 'analyze_function_context'">tests/test_driver_scrape.py:770: in test_analyze_function_context_runtime_function
    context = driver_scrape.analyze_function_context(
E   AttributeError: module 'src.scripts.driver_scrape' has no attribute 'analyze_function_context'</failure></testcase><testcase classname="tests.test_driver_scrape.TestFunctionContextAnalysis" name="test_analyze_function_context_not_found" time="0.001"><failure message="AttributeError: module 'src.scripts.driver_scrape' has no attribute 'analyze_function_context'">tests/test_driver_scrape.py:787: in test_analyze_function_context_not_found
    context = driver_scrape.analyze_function_context(file_content, "REG_MISSING")
E   AttributeError: module 'src.scripts.driver_scrape' has no attribute 'analyze_function_context'</failure></testcase><testcase classname="tests.test_driver_scrape.TestFunctionContextAnalysis" name="test_analyze_function_context_cleanup_function" time="0.001"><failure message="AttributeError: module 'src.scripts.driver_scrape' has no attribute 'analyze_function_context'">tests/test_driver_scrape.py:804: in test_analyze_function_context_cleanup_function
    context = driver_scrape.analyze_function_context(file_content, "REG_ENABLE")
E   AttributeError: module 'src.scripts.driver_scrape' has no attribute 'analyze_function_context'</failure></testcase><testcase classname="tests.test_driver_scrape.TestAccessPatternAnalysis" name="test_access_pattern_write_heavy" time="0.001"><failure message="AttributeError: module 'src.scripts.driver_scrape' has no attribute 'analyze_function_context'">tests/test_driver_scrape.py:825: in test_access_pattern_write_heavy
    context = driver_scrape.analyze_function_context(file_content, "REG_CONFIG")
E   AttributeError: module 'src.scripts.driver_scrape' has no attribute 'analyze_function_context'</failure></testcase><testcase classname="tests.test_driver_scrape.TestAccessPatternAnalysis" name="test_access_pattern_read_heavy" time="0.001"><failure message="AttributeError: module 'src.scripts.driver_scrape' has no attribute 'analyze_function_context'">tests/test_driver_scrape.py:841: in test_access_pattern_read_heavy
    context = driver_scrape.analyze_function_context(file_content, "REG_STATUS")
E   AttributeError: module 'src.scripts.driver_scrape' has no attribute 'analyze_function_context'</failure></testcase><testcase classname="tests.test_driver_scrape.TestAccessPatternAnalysis" name="test_access_pattern_balanced" time="0.001"><failure message="AttributeError: module 'src.scripts.driver_scrape' has no attribute 'analyze_function_context'">tests/test_driver_scrape.py:855: in test_access_pattern_balanced
    context = driver_scrape.analyze_function_context(file_content, "REG_DATA")
E   AttributeError: module 'src.scripts.driver_scrape' has no attribute 'analyze_function_context'</failure></testcase><testcase classname="tests.test_driver_scrape.TestAccessPatternAnalysis" name="test_access_pattern_write_then_read" time="0.001"><failure message="AttributeError: module 'src.scripts.driver_scrape' has no attribute 'analyze_function_context'">tests/test_driver_scrape.py:867: in test_access_pattern_write_then_read
    context = driver_scrape.analyze_function_context(file_content, "REG_COMMAND")
E   AttributeError: module 'src.scripts.driver_scrape' has no attribute 'analyze_function_context'</failure></testcase><testcase classname="tests.test_driver_scrape.TestTimingConstraintAnalysis" name="test_analyze_timing_constraints_with_delays" time="0.001"><failure message="AttributeError: module 'src.scripts.driver_scrape' has no attribute 'analyze_timing_constraints'">tests/test_driver_scrape.py:886: in test_analyze_timing_constraints_with_delays
    constraints = driver_scrape.analyze_timing_constraints(file_content, "REG_INIT")
E   AttributeError: module 'src.scripts.driver_scrape' has no attribute 'analyze_timing_constraints'</failure></testcase><testcase classname="tests.test_driver_scrape.TestTimingConstraintAnalysis" name="test_analyze_timing_constraints_no_delays" time="0.001"><failure message="AttributeError: module 'src.scripts.driver_scrape' has no attribute 'analyze_timing_constraints'">tests/test_driver_scrape.py:903: in test_analyze_timing_constraints_no_delays
    constraints = driver_scrape.analyze_timing_constraints(
E   AttributeError: module 'src.scripts.driver_scrape' has no attribute 'analyze_timing_constraints'</failure></testcase><testcase classname="tests.test_driver_scrape.TestTimingConstraintAnalysis" name="test_analyze_timing_constraints_complex_delays" time="0.001"><failure message="AttributeError: module 'src.scripts.driver_scrape' has no attribute 'analyze_timing_constraints'">tests/test_driver_scrape.py:925: in test_analyze_timing_constraints_complex_delays
    constraints = driver_scrape.analyze_timing_constraints(
E   AttributeError: module 'src.scripts.driver_scrape' has no attribute 'analyze_timing_constraints'</failure></testcase><testcase classname="tests.test_driver_scrape.TestSequenceAnalysis" name="test_analyze_access_sequences_simple" time="0.001"><failure message="AttributeError: module 'src.scripts.driver_scrape' has no attribute 'analyze_access_sequences'">tests/test_driver_scrape.py:949: in test_analyze_access_sequences_simple
    sequences = driver_scrape.analyze_access_sequences(file_content, "REG_ENABLE")
E   AttributeError: module 'src.scripts.driver_scrape' has no attribute 'analyze_access_sequences'</failure></testcase><testcase classname="tests.test_driver_scrape.TestSequenceAnalysis" name="test_analyze_access_sequences_multiple_functions" time="0.001"><failure message="AttributeError: module 'src.scripts.driver_scrape' has no attribute 'analyze_access_sequences'">tests/test_driver_scrape.py:974: in test_analyze_access_sequences_multiple_functions
    sequences = driver_scrape.analyze_access_sequences(file_content, "REG_CTRL")
E   AttributeError: module 'src.scripts.driver_scrape' has no attribute 'analyze_access_sequences'</failure></testcase><testcase classname="tests.test_driver_scrape.TestSequenceAnalysis" name="test_analyze_access_sequences_complex_function" time="0.001"><failure message="AttributeError: module 'src.scripts.driver_scrape' has no attribute 'analyze_access_sequences'">tests/test_driver_scrape.py:994: in test_analyze_access_sequences_complex_function
    sequences = driver_scrape.analyze_access_sequences(file_content, "REG_TARGET")
E   AttributeError: module 'src.scripts.driver_scrape' has no attribute 'analyze_access_sequences'</failure></testcase><testcase classname="tests.test_driver_scrape.TestRegisterExtraction" name="test_extract_registers_from_header" time="0.002"><failure message="AttributeError: module 'src.scripts.driver_scrape' has no attribute 'extract_registers_from_file'">tests/test_driver_scrape.py:1028: in test_extract_registers_from_header
    registers = driver_scrape.extract_registers_from_file("test_header.h")
E   AttributeError: module 'src.scripts.driver_scrape' has no attribute 'extract_registers_from_file'</failure></testcase><testcase classname="tests.test_driver_scrape.TestRegisterExtraction" name="test_extract_registers_from_source" time="0.001"><failure message="AttributeError: module 'src.scripts.driver_scrape' has no attribute 'enhance_registers_with_context'">tests/test_driver_scrape.py:1072: in test_extract_registers_from_source
    enhanced_registers = driver_scrape.enhance_registers_with_context(
E   AttributeError: module 'src.scripts.driver_scrape' has no attribute 'enhance_registers_with_context'</failure></testcase><testcase classname="tests.test_driver_scrape.TestMainWorkflow" name="test_main_workflow_success" time="0.001"><failure message="AttributeError: &lt;module 'driver_scrape' from '/Users/ramseymcgrath/code/PCILeechFWGenerator/src/scripts/driver_scrape.py'&gt; does not have the attribute 'extract_and_analyze_registers'">/Library/Frameworks/Python.framework/Versions/3.13/lib/python3.13/unittest/mock.py:1421: in patched
    with self.decoration_helper(patched,
/Library/Frameworks/Python.framework/Versions/3.13/lib/python3.13/contextlib.py:141: in __enter__
    return next(self.gen)
/Library/Frameworks/Python.framework/Versions/3.13/lib/python3.13/unittest/mock.py:1403: in decoration_helper
    arg = exit_stack.enter_context(patching)
/Library/Frameworks/Python.framework/Versions/3.13/lib/python3.13/contextlib.py:530: in enter_context
    result = _enter(cm)
/Library/Frameworks/Python.framework/Versions/3.13/lib/python3.13/unittest/mock.py:1495: in __enter__
    original, local = self.get_original()
/Library/Frameworks/Python.framework/Versions/3.13/lib/python3.13/unittest/mock.py:1465: in get_original
    raise AttributeError(
E   AttributeError: &lt;module 'driver_scrape' from '/Users/ramseymcgrath/code/PCILeechFWGenerator/src/scripts/driver_scrape.py'&gt; does not have the attribute 'extract_and_analyze_registers'</failure></testcase><testcase classname="tests.test_driver_scrape.TestErrorHandling" name="test_invalid_vendor_device_format" time="0.001" /><testcase classname="tests.test_driver_scrape.TestErrorHandling" name="test_file_not_found_handling" time="0.001"><failure message="AttributeError: module 'src.scripts.driver_scrape' has no attribute 'extract_registers_from_file'">tests/test_driver_scrape.py:1151: in test_file_not_found_handling
    registers = driver_scrape.extract_registers_from_file("nonexistent.h")
E   AttributeError: module 'src.scripts.driver_scrape' has no attribute 'extract_registers_from_file'</failure></testcase><testcase classname="tests.test_driver_scrape.TestErrorHandling" name="test_malformed_register_definitions" time="0.001"><failure message="AttributeError: module 'src.scripts.driver_scrape' has no attribute 'extract_registers_from_file'">tests/test_driver_scrape.py:1163: in test_malformed_register_definitions
    registers = driver_scrape.extract_registers_from_file("malformed.h")
E   AttributeError: module 'src.scripts.driver_scrape' has no attribute 'extract_registers_from_file'</failure></testcase><testcase classname="tests.test_driver_scrape.TestErrorHandling" name="test_empty_source_files" time="0.001"><failure message="AttributeError: module 'src.scripts.driver_scrape' has no attribute 'extract_registers_from_file'">tests/test_driver_scrape.py:1172: in test_empty_source_files
    registers = driver_scrape.extract_registers_from_file("empty.h")
E   AttributeError: module 'src.scripts.driver_scrape' has no attribute 'extract_registers_from_file'</failure></testcase><testcase classname="tests.test_driver_scrape.TestErrorHandling" name="test_binary_file_handling" time="0.001"><failure message="AttributeError: module 'src.scripts.driver_scrape' has no attribute 'extract_registers_from_file'">tests/test_driver_scrape.py:1181: in test_binary_file_handling
    registers = driver_scrape.extract_registers_from_file("binary.o")
E   AttributeError: module 'src.scripts.driver_scrape' has no attribute 'extract_registers_from_file'</failure></testcase><testcase classname="tests.test_driver_scrape.TestPerformanceAndScaling" name="test_large_source_file_processing" time="0.002"><failure message="AttributeError: module 'src.scripts.driver_scrape' has no attribute 'extract_registers_from_file'">tests/test_driver_scrape.py:1204: in test_large_source_file_processing
    registers = driver_scrape.extract_registers_from_file("large_file.h")
E   AttributeError: module 'src.scripts.driver_scrape' has no attribute 'extract_registers_from_file'</failure></testcase><testcase classname="tests.test_driver_scrape.TestPerformanceAndScaling" name="test_memory_usage_with_large_datasets" time="0.031" /><testcase classname="tests.test_driver_scrape.TestOutputFormatting" name="test_json_output_format" time="0.001" /><testcase classname="tests.test_driver_scrape.TestOutputFormatting" name="test_json_output_special_characters" time="0.001" /><testcase classname="tests.test_driver_scrape.TestOutputFormatting" name="test_empty_output_handling" time="0.001" /><testcase classname="tests.test_error_handling.TestErrorHandling" name="test_cleanup_on_error" time="0.001"><failure message="AttributeError: &lt;module 'src.build' from '/Users/ramseymcgrath/code/PCILeechFWGenerator/src/build.py'&gt; does not have the attribute 'ManufacturingVarianceSimulator'">tests/test_error_handling.py:505: in test_cleanup_on_error
    patch("src.build.ManufacturingVarianceSimulator", None),
/Library/Frameworks/Python.framework/Versions/3.13/lib/python3.13/unittest/mock.py:1495: in __enter__
    original, local = self.get_original()
/Library/Frameworks/Python.framework/Versions/3.13/lib/python3.13/unittest/mock.py:1465: in get_original
    raise AttributeError(
E   AttributeError: &lt;module 'src.build' from '/Users/ramseymcgrath/code/PCILeechFWGenerator/src/build.py'&gt; does not have the attribute 'ManufacturingVarianceSimulator'</failure></testcase><testcase classname="tests.test_error_handling.TestErrorHandling" name="test_concurrent_access_handling" time="0.001"><failure message="AttributeError: &lt;module 'src.build' from '/Users/ramseymcgrath/code/PCILeechFWGenerator/src/build.py'&gt; does not have the attribute 'ManufacturingVarianceSimulator'">tests/test_error_handling.py:395: in test_concurrent_access_handling
    patch("src.build.ManufacturingVarianceSimulator", None),
/Library/Frameworks/Python.framework/Versions/3.13/lib/python3.13/unittest/mock.py:1495: in __enter__
    original, local = self.get_original()
/Library/Frameworks/Python.framework/Versions/3.13/lib/python3.13/unittest/mock.py:1465: in get_original
    raise AttributeError(
E   AttributeError: &lt;module 'src.build' from '/Users/ramseymcgrath/code/PCILeechFWGenerator/src/build.py'&gt; does not have the attribute 'ManufacturingVarianceSimulator'</failure></testcase><testcase classname="tests.test_error_handling.TestErrorHandling" name="test_config_space_read_failure" time="0.001"><failure message="AttributeError: &lt;module 'src.build' from '/Users/ramseymcgrath/code/PCILeechFWGenerator/src/build.py'&gt; does not have the attribute 'ManufacturingVarianceSimulator'">tests/test_error_handling.py:289: in test_config_space_read_failure
    patch("src.build.ManufacturingVarianceSimulator", None),
/Library/Frameworks/Python.framework/Versions/3.13/lib/python3.13/unittest/mock.py:1495: in __enter__
    original, local = self.get_original()
/Library/Frameworks/Python.framework/Versions/3.13/lib/python3.13/unittest/mock.py:1465: in get_original
    raise AttributeError(
E   AttributeError: &lt;module 'src.build' from '/Users/ramseymcgrath/code/PCILeechFWGenerator/src/build.py'&gt; does not have the attribute 'ManufacturingVarianceSimulator'</failure></testcase><testcase classname="tests.test_error_handling.TestErrorHandling" name="test_disk_space_error_handling" time="0.001"><failure message="AttributeError: &lt;module 'src.build' from '/Users/ramseymcgrath/code/PCILeechFWGenerator/src/build.py'&gt; does not have the attribute 'ManufacturingVarianceSimulator'">tests/test_error_handling.py:178: in test_disk_space_error_handling
    patch("src.build.ManufacturingVarianceSimulator", None),
/Library/Frameworks/Python.framework/Versions/3.13/lib/python3.13/unittest/mock.py:1495: in __enter__
    original, local = self.get_original()
/Library/Frameworks/Python.framework/Versions/3.13/lib/python3.13/unittest/mock.py:1465: in get_original
    raise AttributeError(
E   AttributeError: &lt;module 'src.build' from '/Users/ramseymcgrath/code/PCILeechFWGenerator/src/build.py'&gt; does not have the attribute 'ManufacturingVarianceSimulator'</failure></testcase><testcase classname="tests.test_error_handling.TestErrorHandling" name="test_error_context_preservation" time="0.001" /><testcase classname="tests.test_error_handling.TestErrorHandling" name="test_error_logging_integration" time="0.001"><failure message="AttributeError: &lt;module 'src.build' from '/Users/ramseymcgrath/code/PCILeechFWGenerator/src/build.py'&gt; does not have the attribute 'ManufacturingVarianceSimulator'">tests/test_error_handling.py:439: in test_error_logging_integration
    patch("src.build.ManufacturingVarianceSimulator", None),
/Library/Frameworks/Python.framework/Versions/3.13/lib/python3.13/unittest/mock.py:1495: in __enter__
    original, local = self.get_original()
/Library/Frameworks/Python.framework/Versions/3.13/lib/python3.13/unittest/mock.py:1465: in get_original
    raise AttributeError(
E   AttributeError: &lt;module 'src.build' from '/Users/ramseymcgrath/code/PCILeechFWGenerator/src/build.py'&gt; does not have the attribute 'ManufacturingVarianceSimulator'</failure></testcase><testcase classname="tests.test_error_handling.TestErrorHandling" name="test_error_recovery_mechanisms" time="0.001"><failure message="AttributeError: &lt;module 'src.build' from '/Users/ramseymcgrath/code/PCILeechFWGenerator/src/build.py'&gt; does not have the attribute 'ManufacturingVarianceSimulator'">tests/test_error_handling.py:463: in test_error_recovery_mechanisms
    patch("src.build.ManufacturingVarianceSimulator", None),
/Library/Frameworks/Python.framework/Versions/3.13/lib/python3.13/unittest/mock.py:1495: in __enter__
    original, local = self.get_original()
/Library/Frameworks/Python.framework/Versions/3.13/lib/python3.13/unittest/mock.py:1465: in get_original
    raise AttributeError(
E   AttributeError: &lt;module 'src.build' from '/Users/ramseymcgrath/code/PCILeechFWGenerator/src/build.py'&gt; does not have the attribute 'ManufacturingVarianceSimulator'</failure></testcase><testcase classname="tests.test_error_handling.TestErrorHandling" name="test_git_repository_corruption_handling" time="0.001"><failure message="AttributeError: module 'src.repo_manager' has no attribute 'subprocess'">tests/test_error_handling.py:248: in test_git_repository_corruption_handling
    with patch("src.repo_manager.subprocess.run") as mock_run:
/Library/Frameworks/Python.framework/Versions/3.13/lib/python3.13/unittest/mock.py:1479: in __enter__
    self.target = self.getter()
/Library/Frameworks/Python.framework/Versions/3.13/lib/python3.13/pkgutil.py:528: in resolve_name
    result = getattr(result, p)
E   AttributeError: module 'src.repo_manager' has no attribute 'subprocess'</failure></testcase><testcase classname="tests.test_error_handling.TestErrorHandling" name="test_interrupt_handling" time="0.001"><failure message="AttributeError: &lt;module 'src.build' from '/Users/ramseymcgrath/code/PCILeechFWGenerator/src/build.py'&gt; does not have the attribute 'ManufacturingVarianceSimulator'">tests/test_error_handling.py:375: in test_interrupt_handling
    patch("src.build.ManufacturingVarianceSimulator", None),
/Library/Frameworks/Python.framework/Versions/3.13/lib/python3.13/unittest/mock.py:1495: in __enter__
    original, local = self.get_original()
/Library/Frameworks/Python.framework/Versions/3.13/lib/python3.13/unittest/mock.py:1465: in get_original
    raise AttributeError(
E   AttributeError: &lt;module 'src.build' from '/Users/ramseymcgrath/code/PCILeechFWGenerator/src/build.py'&gt; does not have the attribute 'ManufacturingVarianceSimulator'</failure></testcase><testcase classname="tests.test_error_handling.TestErrorHandling" name="test_invalid_bdf_validation" time="0.001"><failure message="AttributeError: &lt;module 'src.build' from '/Users/ramseymcgrath/code/PCILeechFWGenerator/src/build.py'&gt; does not have the attribute 'ManufacturingVarianceSimulator'">tests/test_error_handling.py:86: in test_invalid_bdf_validation
    patch("src.build.ManufacturingVarianceSimulator", None),
/Library/Frameworks/Python.framework/Versions/3.13/lib/python3.13/unittest/mock.py:1495: in __enter__
    original, local = self.get_original()
/Library/Frameworks/Python.framework/Versions/3.13/lib/python3.13/unittest/mock.py:1465: in get_original
    raise AttributeError(
E   AttributeError: &lt;module 'src.build' from '/Users/ramseymcgrath/code/PCILeechFWGenerator/src/build.py'&gt; does not have the attribute 'ManufacturingVarianceSimulator'</failure></testcase><testcase classname="tests.test_error_handling.TestErrorHandling" name="test_invalid_board_type_handling" time="0.001"><failure message="AttributeError: &lt;module 'src.build' from '/Users/ramseymcgrath/code/PCILeechFWGenerator/src/build.py'&gt; does not have the attribute 'ManufacturingVarianceSimulator'">tests/test_error_handling.py:111: in test_invalid_board_type_handling
    patch("src.build.ManufacturingVarianceSimulator", None),
/Library/Frameworks/Python.framework/Versions/3.13/lib/python3.13/unittest/mock.py:1495: in __enter__
    original, local = self.get_original()
/Library/Frameworks/Python.framework/Versions/3.13/lib/python3.13/unittest/mock.py:1465: in get_original
    raise AttributeError(
E   AttributeError: &lt;module 'src.build' from '/Users/ramseymcgrath/code/PCILeechFWGenerator/src/build.py'&gt; does not have the attribute 'ManufacturingVarianceSimulator'</failure></testcase><testcase classname="tests.test_error_handling.TestErrorHandling" name="test_malformed_device_info_handling" time="0.001"><failure message="AttributeError: &lt;module 'src.build' from '/Users/ramseymcgrath/code/PCILeechFWGenerator/src/build.py'&gt; does not have the attribute 'ManufacturingVarianceSimulator'">tests/test_error_handling.py:203: in test_malformed_device_info_handling
    patch("src.build.ManufacturingVarianceSimulator", None),
/Library/Frameworks/Python.framework/Versions/3.13/lib/python3.13/unittest/mock.py:1495: in __enter__
    original, local = self.get_original()
/Library/Frameworks/Python.framework/Versions/3.13/lib/python3.13/unittest/mock.py:1465: in get_original
    raise AttributeError(
E   AttributeError: &lt;module 'src.build' from '/Users/ramseymcgrath/code/PCILeechFWGenerator/src/build.py'&gt; does not have the attribute 'ManufacturingVarianceSimulator'</failure></testcase><testcase classname="tests.test_error_handling.TestErrorHandling" name="test_memory_exhaustion_handling" time="0.001"><failure message="AttributeError: &lt;module 'src.build' from '/Users/ramseymcgrath/code/PCILeechFWGenerator/src/build.py'&gt; does not have the attribute 'ManufacturingVarianceSimulator'">tests/test_error_handling.py:350: in test_memory_exhaustion_handling
    patch("src.build.ManufacturingVarianceSimulator", None),
/Library/Frameworks/Python.framework/Versions/3.13/lib/python3.13/unittest/mock.py:1495: in __enter__
    original, local = self.get_original()
/Library/Frameworks/Python.framework/Versions/3.13/lib/python3.13/unittest/mock.py:1465: in get_original
    raise AttributeError(
E   AttributeError: &lt;module 'src.build' from '/Users/ramseymcgrath/code/PCILeechFWGenerator/src/build.py'&gt; does not have the attribute 'ManufacturingVarianceSimulator'</failure></testcase><testcase classname="tests.test_error_handling.TestErrorHandling" name="test_missing_output_directory_handling" time="0.001"><failure message="AttributeError: &lt;module 'src.build' from '/Users/ramseymcgrath/code/PCILeechFWGenerator/src/build.py'&gt; does not have the attribute 'ManufacturingVarianceSimulator'">tests/test_error_handling.py:131: in test_missing_output_directory_handling
    patch("src.build.ManufacturingVarianceSimulator", None),
/Library/Frameworks/Python.framework/Versions/3.13/lib/python3.13/unittest/mock.py:1495: in __enter__
    original, local = self.get_original()
/Library/Frameworks/Python.framework/Versions/3.13/lib/python3.13/unittest/mock.py:1465: in get_original
    raise AttributeError(
E   AttributeError: &lt;module 'src.build' from '/Users/ramseymcgrath/code/PCILeechFWGenerator/src/build.py'&gt; does not have the attribute 'ManufacturingVarianceSimulator'</failure></testcase><testcase classname="tests.test_error_handling.TestErrorHandling" name="test_network_error_handling" time="0.001"><failure message="AttributeError: module 'src.repo_manager' has no attribute 'subprocess'">tests/test_error_handling.py:233: in test_network_error_handling
    with patch("src.repo_manager.subprocess.run") as mock_run:
/Library/Frameworks/Python.framework/Versions/3.13/lib/python3.13/unittest/mock.py:1479: in __enter__
    self.target = self.getter()
/Library/Frameworks/Python.framework/Versions/3.13/lib/python3.13/pkgutil.py:528: in resolve_name
    result = getattr(result, p)
E   AttributeError: module 'src.repo_manager' has no attribute 'subprocess'</failure></testcase><testcase classname="tests.test_error_handling.TestErrorHandling" name="test_permission_error_handling" time="0.001"><failure message="AttributeError: &lt;module 'src.build' from '/Users/ramseymcgrath/code/PCILeechFWGenerator/src/build.py'&gt; does not have the attribute 'ManufacturingVarianceSimulator'">tests/test_error_handling.py:151: in test_permission_error_handling
    patch("src.build.ManufacturingVarianceSimulator", None),
/Library/Frameworks/Python.framework/Versions/3.13/lib/python3.13/unittest/mock.py:1495: in __enter__
    original, local = self.get_original()
/Library/Frameworks/Python.framework/Versions/3.13/lib/python3.13/unittest/mock.py:1465: in get_original
    raise AttributeError(
E   AttributeError: &lt;module 'src.build' from '/Users/ramseymcgrath/code/PCILeechFWGenerator/src/build.py'&gt; does not have the attribute 'ManufacturingVarianceSimulator'</failure></testcase><testcase classname="tests.test_error_handling.TestErrorHandling" name="test_systemverilog_syntax_error_detection" time="0.001"><failure message="AttributeError: &lt;module 'src.build' from '/Users/ramseymcgrath/code/PCILeechFWGenerator/src/build.py'&gt; does not have the attribute 'ManufacturingVarianceSimulator'">tests/test_error_handling.py:310: in test_systemverilog_syntax_error_detection
    patch("src.build.ManufacturingVarianceSimulator", None),
/Library/Frameworks/Python.framework/Versions/3.13/lib/python3.13/unittest/mock.py:1495: in __enter__
    original, local = self.get_original()
/Library/Frameworks/Python.framework/Versions/3.13/lib/python3.13/unittest/mock.py:1465: in get_original
    raise AttributeError(
E   AttributeError: &lt;module 'src.build' from '/Users/ramseymcgrath/code/PCILeechFWGenerator/src/build.py'&gt; does not have the attribute 'ManufacturingVarianceSimulator'</failure></testcase><testcase classname="tests.test_error_handling.TestErrorHandling" name="test_tcl_syntax_error_detection" time="0.001"><failure message="AttributeError: &lt;module 'src.build' from '/Users/ramseymcgrath/code/PCILeechFWGenerator/src/build.py'&gt; does not have the attribute 'ManufacturingVarianceSimulator'">tests/test_error_handling.py:330: in test_tcl_syntax_error_detection
    patch("src.build.ManufacturingVarianceSimulator", None),
/Library/Frameworks/Python.framework/Versions/3.13/lib/python3.13/unittest/mock.py:1495: in __enter__
    original, local = self.get_original()
/Library/Frameworks/Python.framework/Versions/3.13/lib/python3.13/unittest/mock.py:1465: in get_original
    raise AttributeError(
E   AttributeError: &lt;module 'src.build' from '/Users/ramseymcgrath/code/PCILeechFWGenerator/src/build.py'&gt; does not have the attribute 'ManufacturingVarianceSimulator'</failure></testcase><testcase classname="tests.test_error_handling.TestErrorHandling" name="test_tui_error_creation" time="0.001" /><testcase classname="tests.test_error_handling.TestErrorHandling" name="test_tui_error_severity_levels" time="0.001" /><testcase classname="tests.test_error_handling.TestErrorHandling" name="test_unicode_handling_in_errors" time="0.001" /><testcase classname="tests.test_error_handling.TestErrorHandling" name="test_validation_error_messages" time="0.001" /><testcase classname="tests.test_error_handling.TestErrorHandling" name="test_vivado_not_found_handling" time="0.002" /><testcase classname="tests.test_error_handling.TestErrorRecovery" name="test_fallback_device_detection" time="0.001" /><testcase classname="tests.test_error_handling.TestErrorRecovery" name="test_graceful_degradation" time="0.001" /><testcase classname="tests.test_error_handling.TestErrorRecovery" name="test_synthetic_config_space_generation" time="0.001"><failure message="AttributeError: &lt;module 'src.build' from '/Users/ramseymcgrath/code/PCILeechFWGenerator/src/build.py'&gt; does not have the attribute 'ManufacturingVarianceSimulator'">tests/test_error_handling.py:546: in test_synthetic_config_space_generation
    patch("src.build.ManufacturingVarianceSimulator", None),
/Library/Frameworks/Python.framework/Versions/3.13/lib/python3.13/unittest/mock.py:1495: in __enter__
    original, local = self.get_original()
/Library/Frameworks/Python.framework/Versions/3.13/lib/python3.13/unittest/mock.py:1465: in get_original
    raise AttributeError(
E   AttributeError: &lt;module 'src.build' from '/Users/ramseymcgrath/code/PCILeechFWGenerator/src/build.py'&gt; does not have the attribute 'ManufacturingVarianceSimulator'</failure></testcase><testcase classname="tests.test_external_integration.TestExternalPatternIntegration" name="test_advanced_sv_generator_with_external_patterns" time="8.380"><failure message="TypeError: PowerManagementConfig.__init__() got an unexpected keyword argument 'supported_power_states'">tests/test_external_integration.py:94: in test_advanced_sv_generator_with_external_patterns
    power_config = PowerManagementConfig(
E   TypeError: PowerManagementConfig.__init__() got an unexpected keyword argument 'supported_power_states'</failure></testcase><testcase classname="tests.test_external_integration.TestExternalPatternIntegration" name="test_power_management_with_external_patterns" time="0.109"><failure message="TypeError: PowerManagementConfig.__init__() got an unexpected keyword argument 'supported_power_states'">tests/test_external_integration.py:199: in test_power_management_with_external_patterns
    power_config = PowerManagementConfig(
E   TypeError: PowerManagementConfig.__init__() got an unexpected keyword argument 'supported_power_states'</failure></testcase><testcase classname="tests.test_external_integration.TestExternalPatternIntegration" name="test_error_handling_with_external_patterns" time="0.115" /><testcase classname="tests.test_external_integration.TestExternalPatternIntegration" name="test_performance_counters_with_external_patterns" time="0.135"><failure message="AssertionError: assert 'Performance Counter' in '    // Lightweight performance counter declarations\n    // See perf_stub module for implementation\n\n    // Transaction counting implemented in perf_stub\n\n    // Bandwidth monitoring implemented in perf_stub\n\n    // Device-specific counters for network implemented in perf_stub\n\n    // Performance grading implemented in perf_stub\n'">tests/test_external_integration.py:326: in test_performance_counters_with_external_patterns
    assert "Performance Counter" in perf_code
E   AssertionError: assert 'Performance Counter' in '    // Lightweight performance counter declarations\n    // See perf_stub module for implementation\n\n    // Transaction counting implemented in perf_stub\n\n    // Bandwidth monitoring implemented in perf_stub\n\n    // Device-specific counters for network implemented in perf_stub\n\n    // Performance grading implemented in perf_stub\n'</failure></testcase><testcase classname="tests.test_external_integration.TestExternalExampleBasedRegisters" name="test_extract_registers_from_example" time="0.161" /><testcase classname="tests.test_external_integration.TestExternalExampleBasedRegisters" name="test_register_access_patterns_from_example" time="0.110" /><testcase classname="tests.test_external_integration.TestExternalExampleBasedStateMachines" name="test_extract_state_machines_from_example" time="0.121"><failure message="TypeError: PowerManagementConfig.__init__() got an unexpected keyword argument 'supported_power_states'">tests/test_external_integration.py:551: in test_extract_state_machines_from_example
    power_config = PowerManagementConfig(
E   TypeError: PowerManagementConfig.__init__() got an unexpected keyword argument 'supported_power_states'</failure></testcase><testcase classname="tests.test_flash_fpga.TestCommandExecution" name="test_run_command_success" time="0.002" /><testcase classname="tests.test_flash_fpga.TestCommandExecution" name="test_run_command_failure" time="0.001" /><testcase classname="tests.test_flash_fpga.TestArgumentParsing" name="test_argument_parser_creation" time="0.002" /><testcase classname="tests.test_flash_fpga.TestArgumentParsing" name="test_argument_parser_missing_bitfile" time="0.002" /><testcase classname="tests.test_flash_fpga.TestUSBLoaderValidation" name="test_usbloader_available" time="0.001" /><testcase classname="tests.test_flash_fpga.TestUSBLoaderValidation" name="test_usbloader_not_available" time="0.001" /><testcase classname="tests.test_flash_fpga.TestBitfileValidation" name="test_bitfile_exists" time="0.002" /><testcase classname="tests.test_flash_fpga.TestBitfileValidation" name="test_bitfile_not_exists" time="0.001" /><testcase classname="tests.test_flash_fpga.TestFlashingProcess" name="test_flash_process_success" time="0.002" /><testcase classname="tests.test_flash_fpga.TestFlashingProcess" name="test_flash_process_no_usbloader" time="0.001" /><testcase classname="tests.test_flash_fpga.TestFlashingProcess" name="test_flash_process_no_bitfile" time="0.001" /><testcase classname="tests.test_flash_fpga.TestVIDPIDConfiguration" name="test_default_vidpid" time="0.001" /><testcase classname="tests.test_flash_fpga.TestVIDPIDConfiguration" name="test_flash_command_format" time="0.001" /><testcase classname="tests.test_flash_fpga.TestErrorHandling" name="test_usbloader_command_failure" time="0.001" /><testcase classname="tests.test_flash_fpga.TestErrorHandling" name="test_usbloader_permission_error" time="0.001" /><testcase classname="tests.test_flash_fpga.TestErrorHandling" name="test_invalid_bitfile_path" time="0.001" /><testcase classname="tests.test_flash_fpga.TestIntegrationScenarios" name="test_complete_flash_workflow" time="0.002" /><testcase classname="tests.test_flash_fpga.TestIntegrationScenarios" name="test_flash_with_different_boards" time="0.001" /><testcase classname="tests.test_flash_fpga.TestPerformanceAndReliability" name="test_large_firmware_file_handling" time="0.005" /><testcase classname="tests.test_flash_fpga.TestPerformanceAndReliability" name="test_concurrent_flash_attempts" time="0.001" /><testcase classname="tests.test_flash_fpga.TestPerformanceAndReliability" name="test_path_resolution_edge_cases" time="0.001" /><testcase classname="tests.test_flash_fpga.TestSecurityConsiderations" name="test_command_injection_prevention" time="0.001" /><testcase classname="tests.test_flash_fpga.TestSecurityConsiderations" name="test_safe_command_execution" time="0.001" /><testcase classname="tests.test_flash_fpga.TestSecurityConsiderations" name="test_file_permission_checks" time="0.001" /><testcase classname="tests.test_flash_fpga.TestDocumentationAndUsage" name="test_help_message_content" time="0.001" /><testcase classname="tests.test_flash_fpga.TestDocumentationAndUsage" name="test_usage_examples" time="0.001" /><testcase classname="tests.test_flash_fpga.TestDocumentationAndUsage" name="test_error_message_clarity" time="0.001" /><testcase classname="tests.test_flash_fpga.TestCompatibility" name="test_usbloader_path_variations" time="0.001" /><testcase classname="tests.test_flash_fpga.TestCompatibility" name="test_cross_platform_path_handling" time="0.001" /><testcase classname="tests.test_flash_fpga.TestCompatibility" name="test_filename_encoding_handling" time="0.001" /><testcase classname="tests.test_generate.TestBDFValidation" name="test_valid_bdf_formats" time="0.001" /><testcase classname="tests.test_generate.TestBDFValidation" name="test_invalid_bdf_formats" time="0.001" /><testcase classname="tests.test_generate.TestPCIDeviceEnumeration" name="test_list_pci_devices_success" time="0.001"><failure message="RuntimeError: PCIe device enumeration requires Linux. Current platform: Darwin. Please run this on a Linux system with VFIO support.">tests/test_generate.py:63: in test_list_pci_devices_success
    devices = generate.list_pci_devices()
generate.py:173: in list_pci_devices
    check_linux_requirement("PCIe device enumeration")
generate.py:164: in check_linux_requirement
    raise RuntimeError(
E   RuntimeError: PCIe device enumeration requires Linux. Current platform: Darwin. Please run this on a Linux system with VFIO support.</failure></testcase><testcase classname="tests.test_generate.TestPCIDeviceEnumeration" name="test_list_pci_devices_empty" time="0.001"><failure message="RuntimeError: PCIe device enumeration requires Linux. Current platform: Darwin. Please run this on a Linux system with VFIO support.">tests/test_generate.py:82: in test_list_pci_devices_empty
    devices = generate.list_pci_devices()
generate.py:173: in list_pci_devices
    check_linux_requirement("PCIe device enumeration")
generate.py:164: in check_linux_requirement
    raise RuntimeError(
E   RuntimeError: PCIe device enumeration requires Linux. Current platform: Darwin. Please run this on a Linux system with VFIO support.</failure></testcase><testcase classname="tests.test_generate.TestPCIDeviceEnumeration" name="test_list_pci_devices_malformed" time="0.001"><failure message="RuntimeError: PCIe device enumeration requires Linux. Current platform: Darwin. Please run this on a Linux system with VFIO support.">tests/test_generate.py:89: in test_list_pci_devices_malformed
    devices = generate.list_pci_devices()
generate.py:173: in list_pci_devices
    check_linux_requirement("PCIe device enumeration")
generate.py:164: in check_linux_requirement
    raise RuntimeError(
E   RuntimeError: PCIe device enumeration requires Linux. Current platform: Darwin. Please run this on a Linux system with VFIO support.</failure></testcase><testcase classname="tests.test_generate.TestDeviceSelection" name="test_choose_device_valid_selection" time="0.001" /><testcase classname="tests.test_generate.TestDeviceSelection" name="test_choose_device_invalid_then_valid" time="0.001" /><testcase classname="tests.test_generate.TestDriverManagement" name="test_get_current_driver_exists" time="0.001"><failure message="RuntimeError: Driver detection requires Linux. Current platform: Darwin. Please run this on a Linux system with VFIO support.">tests/test_generate.py:128: in test_get_current_driver_exists
    driver = generate.get_current_driver("0000:03:00.0")
generate.py:421: in get_current_driver
    check_linux_requirement("Driver detection")
generate.py:164: in check_linux_requirement
    raise RuntimeError(
E   RuntimeError: Driver detection requires Linux. Current platform: Darwin. Please run this on a Linux system with VFIO support.</failure></testcase><testcase classname="tests.test_generate.TestDriverManagement" name="test_get_current_driver_none" time="0.001"><failure message="RuntimeError: Driver detection requires Linux. Current platform: Darwin. Please run this on a Linux system with VFIO support.">tests/test_generate.py:137: in test_get_current_driver_none
    driver = generate.get_current_driver("0000:03:00.0")
generate.py:421: in get_current_driver
    check_linux_requirement("Driver detection")
generate.py:164: in check_linux_requirement
    raise RuntimeError(
E   RuntimeError: Driver detection requires Linux. Current platform: Darwin. Please run this on a Linux system with VFIO support.</failure></testcase><testcase classname="tests.test_generate.TestDriverManagement" name="test_get_current_driver_invalid_bdf" time="0.001"><failure message="RuntimeError: Driver detection requires Linux. Current platform: Darwin. Please run this on a Linux system with VFIO support.">tests/test_generate.py:143: in test_get_current_driver_invalid_bdf
    generate.get_current_driver("invalid-bd")
generate.py:421: in get_current_driver
    check_linux_requirement("Driver detection")
generate.py:164: in check_linux_requirement
    raise RuntimeError(
E   RuntimeError: Driver detection requires Linux. Current platform: Darwin. Please run this on a Linux system with VFIO support.</failure></testcase><testcase classname="tests.test_generate.TestDriverManagement" name="test_get_iommu_group" time="0.001"><failure message="RuntimeError: IOMMU group detection requires Linux. Current platform: Darwin. Please run this on a Linux system with VFIO support.">tests/test_generate.py:152: in test_get_iommu_group
    group = generate.get_iommu_group("0000:03:00.0")
generate.py:436: in get_iommu_group
    check_linux_requirement("IOMMU group detection")
generate.py:164: in check_linux_requirement
    raise RuntimeError(
E   RuntimeError: IOMMU group detection requires Linux. Current platform: Darwin. Please run this on a Linux system with VFIO support.</failure></testcase><testcase classname="tests.test_generate.TestDriverManagement" name="test_get_iommu_group_invalid_bdf" time="0.001"><failure message="RuntimeError: IOMMU group detection requires Linux. Current platform: Darwin. Please run this on a Linux system with VFIO support.">tests/test_generate.py:161: in test_get_iommu_group_invalid_bdf
    generate.get_iommu_group("invalid-bd")
generate.py:436: in get_iommu_group
    check_linux_requirement("IOMMU group detection")
generate.py:164: in check_linux_requirement
    raise RuntimeError(
E   RuntimeError: IOMMU group detection requires Linux. Current platform: Darwin. Please run this on a Linux system with VFIO support.</failure></testcase><testcase classname="tests.test_generate.TestVFIOBinding" name="test_bind_to_vfio_success" time="0.001"><failure message="RuntimeError: VFIO device binding requires Linux. Current platform: Darwin. Please run this on a Linux system with VFIO support.">tests/test_generate.py:173: in test_bind_to_vfio_success
    generate.bind_to_vfio("0000:03:00.0", "8086", "1533", "e1000e")
generate.py:609: in bind_to_vfio
    check_linux_requirement("VFIO device binding")
generate.py:164: in check_linux_requirement
    raise RuntimeError(
E   RuntimeError: VFIO device binding requires Linux. Current platform: Darwin. Please run this on a Linux system with VFIO support.</failure></testcase><testcase classname="tests.test_generate.TestVFIOBinding" name="test_bind_to_vfio_no_original_driver" time="0.001"><failure message="RuntimeError: VFIO device binding requires Linux. Current platform: Darwin. Please run this on a Linux system with VFIO support.">tests/test_generate.py:188: in test_bind_to_vfio_no_original_driver
    generate.bind_to_vfio("0000:03:00.0", "8086", "1533", None)
generate.py:609: in bind_to_vfio
    check_linux_requirement("VFIO device binding")
generate.py:164: in check_linux_requirement
    raise RuntimeError(
E   RuntimeError: VFIO device binding requires Linux. Current platform: Darwin. Please run this on a Linux system with VFIO support.</failure></testcase><testcase classname="tests.test_generate.TestVFIOBinding" name="test_bind_to_vfio_driver_not_available" time="0.001"><failure message="AssertionError: Regex pattern did not match.&#10; Regex: 'vfio-pci driver not available'&#10; Input: 'VFIO device binding requires Linux. Current platform: Darwin. Please run this on a Linux system with VFIO support.'">tests/test_generate.py:202: in test_bind_to_vfio_driver_not_available
    generate.bind_to_vfio("0000:03:00.0", "8086", "1533", "e1000e")
generate.py:609: in bind_to_vfio
    check_linux_requirement("VFIO device binding")
generate.py:164: in check_linux_requirement
    raise RuntimeError(
E   RuntimeError: VFIO device binding requires Linux. Current platform: Darwin. Please run this on a Linux system with VFIO support.

During handling of the above exception, another exception occurred:
tests/test_generate.py:201: in test_bind_to_vfio_driver_not_available
    with pytest.raises(RuntimeError, match="vfio-pci driver not available"):
E   AssertionError: Regex pattern did not match.
E    Regex: 'vfio-pci driver not available'
E    Input: 'VFIO device binding requires Linux. Current platform: Darwin. Please run this on a Linux system with VFIO support.'</failure></testcase><testcase classname="tests.test_generate.TestVFIOBinding" name="test_bind_to_vfio_invalid_bdf" time="0.001"><failure message="RuntimeError: VFIO device binding requires Linux. Current platform: Darwin. Please run this on a Linux system with VFIO support.">tests/test_generate.py:207: in test_bind_to_vfio_invalid_bdf
    generate.bind_to_vfio("invalid-bd", "8086", "1533", "e1000e")
generate.py:609: in bind_to_vfio
    check_linux_requirement("VFIO device binding")
generate.py:164: in check_linux_requirement
    raise RuntimeError(
E   RuntimeError: VFIO device binding requires Linux. Current platform: Darwin. Please run this on a Linux system with VFIO support.</failure></testcase><testcase classname="tests.test_generate.TestDriverRestore" name="test_restore_original_driver_success" time="0.002"><failure message="AssertionError: Calls not found.&#10;Expected: [call('echo 0000:03:00.0 &gt; /sys/bus/pci/drivers/vfio-pci/unbind'),&#10; call('echo 0000:03:00.0 &gt; /sys/bus/pci/drivers/e1000e/bind')]&#10;  Actual: []&#10;&#10;pytest introspection follows:&#10;&#10;Args:&#10;assert () == ('echo 0000:0...-pci/unbind',)&#10;  &#10;  Right contains one more item: #x1B[0m#x1B[33m'#x1B[39;49;00m#x1B[33mecho 0000:03:00.0 &gt; /sys/bus/pci/drivers/vfio-pci/unbind#x1B[39;49;00m#x1B[33m'#x1B[39;49;00m#x1B[90m#x1B[39;49;00m&#10;  &#10;  Full diff:&#10;  #x1B[0m#x1B[92m+ ()#x1B[39;49;00m#x1B[90m#x1B[39;49;00m&#10;  #x1B[91m- (#x1B[39;49;00m#x1B[90m#x1B[39;49;00m&#10;  #x1B[91m-     'echo 0000:03:00.0 &gt; /sys/bus/pci/drivers/vfio-pci/unbind',#x1B[39;49;00m#x1B[90m#x1B[39;49;00m&#10;  #x1B[91m- )#x1B[39;49;00m#x1B[90m#x1B[39;49;00m&#10;Args:&#10;assert () == ('echo 0000:0...e1000e/bind',)&#10;  &#10;  Right contains one more item: #x1B[0m#x1B[33m'#x1B[39;49;00m#x1B[33mecho 0000:03:00.0 &gt; /sys/bus/pci/drivers/e1000e/bind#x1B[39;49;00m#x1B[33m'#x1B[39;49;00m#x1B[90m#x1B[39;49;00m&#10;  &#10;  Full diff:&#10;  #x1B[0m#x1B[92m+ ()#x1B[39;49;00m#x1B[90m#x1B[39;49;00m&#10;  #x1B[91m- (#x1B[39;49;00m#x1B[90m#x1B[39;49;00m&#10;  #x1B[91m-     'echo 0000:03:00.0 &gt; /sys/bus/pci/drivers/e1000e/bind',#x1B[39;49;00m#x1B[90m#x1B[39;49;00m&#10;  #x1B[91m- )#x1B[39;49;00m#x1B[90m#x1B[39;49;00m">/Library/Frameworks/Python.framework/Versions/3.13/lib/python3.13/unittest/mock.py:1014: in assert_has_calls
    raise AssertionError(
E   AssertionError: Calls not found.
E   Expected: [call('echo 0000:03:00.0 &gt; /sys/bus/pci/drivers/vfio-pci/unbind'),
E    call('echo 0000:03:00.0 &gt; /sys/bus/pci/drivers/e1000e/bind')]
E     Actual: []

During handling of the above exception, another exception occurred:
tests/test_generate.py:229: in test_restore_original_driver_success
    mock_run.assert_has_calls(expected_calls)
E   AssertionError: Calls not found.
E   Expected: [call('echo 0000:03:00.0 &gt; /sys/bus/pci/drivers/vfio-pci/unbind'),
E    call('echo 0000:03:00.0 &gt; /sys/bus/pci/drivers/e1000e/bind')]
E     Actual: []
E   
E   pytest introspection follows:
E   
E   Args:
E   assert () == ('echo 0000:0...-pci/unbind',)
E     
E     Right contains one more item: #x1B[0m#x1B[33m'#x1B[39;49;00m#x1B[33mecho 0000:03:00.0 &gt; /sys/bus/pci/drivers/vfio-pci/unbind#x1B[39;49;00m#x1B[33m'#x1B[39;49;00m#x1B[90m#x1B[39;49;00m
E     
E     Full diff:
E     #x1B[0m#x1B[92m+ ()#x1B[39;49;00m#x1B[90m#x1B[39;49;00m
E     #x1B[91m- (#x1B[39;49;00m#x1B[90m#x1B[39;49;00m
E     #x1B[91m-     'echo 0000:03:00.0 &gt; /sys/bus/pci/drivers/vfio-pci/unbind',#x1B[39;49;00m#x1B[90m#x1B[39;49;00m
E     #x1B[91m- )#x1B[39;49;00m#x1B[90m#x1B[39;49;00m
E   Args:
E   assert () == ('echo 0000:0...e1000e/bind',)
E     
E     Right contains one more item: #x1B[0m#x1B[33m'#x1B[39;49;00m#x1B[33mecho 0000:03:00.0 &gt; /sys/bus/pci/drivers/e1000e/bind#x1B[39;49;00m#x1B[33m'#x1B[39;49;00m#x1B[90m#x1B[39;49;00m
E     
E     Full diff:
E     #x1B[0m#x1B[92m+ ()#x1B[39;49;00m#x1B[90m#x1B[39;49;00m
E     #x1B[91m- (#x1B[39;49;00m#x1B[90m#x1B[39;49;00m
E     #x1B[91m-     'echo 0000:03:00.0 &gt; /sys/bus/pci/drivers/e1000e/bind',#x1B[39;49;00m#x1B[90m#x1B[39;49;00m
E     #x1B[91m- )#x1B[39;49;00m#x1B[90m#x1B[39;49;00m</failure></testcase><testcase classname="tests.test_generate.TestDriverRestore" name="test_restore_original_driver_not_vfio" time="0.001" /><testcase classname="tests.test_generate.TestDriverRestore" name="test_restore_original_driver_no_original" time="0.001" /><testcase classname="tests.test_generate.TestUSBDeviceManagement" name="test_list_usb_devices_success" time="0.001" /><testcase classname="tests.test_generate.TestUSBDeviceManagement" name="test_list_usb_devices_command_error" time="0.001" /><testcase classname="tests.test_generate.TestUSBDeviceManagement" name="test_select_usb_device_success" time="0.001" /><testcase classname="tests.test_generate.TestUSBDeviceManagement" name="test_select_usb_device_no_devices" time="0.001" /><testcase classname="tests.test_generate.TestFirmwareFlashing" name="test_flash_firmware_success" time="0.001" /><testcase classname="tests.test_generate.TestFirmwareFlashing" name="test_flash_firmware_no_usbloader" time="0.001" /><testcase classname="tests.test_generate.TestFirmwareFlashing" name="test_flash_firmware_command_failure" time="0.001" /><testcase classname="tests.test_generate.TestContainerExecution" name="test_run_build_container_success" time="0.002"><failure message="RuntimeError: Driver detection requires Linux. Current platform: Darwin. Please run this on a Linux system with VFIO support.">tests/test_generate.py:364: in test_run_build_container_success
    generate.run_build_container("0000:03:00.0", "75t", "/dev/vfio/15", mock_args)
generate.py:1207: in run_build_container
    _validate_vfio_device_access(vfio_device, bdf)
generate.py:1041: in _validate_vfio_device_access
    current_driver = get_current_driver(bdf)
generate.py:421: in get_current_driver
    check_linux_requirement("Driver detection")
generate.py:164: in check_linux_requirement
    raise RuntimeError(
E   RuntimeError: Driver detection requires Linux. Current platform: Darwin. Please run this on a Linux system with VFIO support.</failure></testcase><testcase classname="tests.test_generate.TestContainerExecution" name="test_run_build_container_no_vfio_device" time="0.001"><failure message="generate.ContainerError: Podman not found in PATH. Please install Podman container runtime.">tests/test_generate.py:393: in test_run_build_container_no_vfio_device
    generate.run_build_container(
generate.py:1194: in run_build_container
    _validate_container_environment()
generate.py:1154: in _validate_container_environment
    _check_podman_availability()
generate.py:1068: in _check_podman_availability
    raise ContainerError(error_msg)
E   generate.ContainerError: Podman not found in PATH. Please install Podman container runtime.</failure></testcase><testcase classname="tests.test_generate.TestContainerExecution" name="test_run_build_container_invalid_bdf" time="0.001" /><testcase classname="tests.test_generate.TestContainerExecution" name="test_run_build_container_with_advanced_features" time="0.001"><failure message="RuntimeError: Driver detection requires Linux. Current platform: Darwin. Please run this on a Linux system with VFIO support.">tests/test_generate.py:432: in test_run_build_container_with_advanced_features
    generate.run_build_container("0000:03:00.0", "75t", "/dev/vfio/15", mock_args)
generate.py:1207: in run_build_container
    _validate_vfio_device_access(vfio_device, bdf)
generate.py:1041: in _validate_vfio_device_access
    current_driver = get_current_driver(bdf)
generate.py:421: in get_current_driver
    check_linux_requirement("Driver detection")
generate.py:164: in check_linux_requirement
    raise RuntimeError(
E   RuntimeError: Driver detection requires Linux. Current platform: Darwin. Please run this on a Linux system with VFIO support.</failure></testcase><testcase classname="tests.test_generate.TestEnvironmentValidation" name="test_validate_environment_success" time="0.001"><failure message="OSError: pytest: reading from stdin while output is captured!  Consider using `-s`.">tests/test_generate.py:467: in test_validate_environment_success
    generate.validate_environment()
generate.py:1328: in validate_environment
    input("\nWould you like to continue without Vivado? (y/N): ")
/Library/Frameworks/Python.framework/Versions/3.13/lib/python3.13/site-packages/_pytest/capture.py:227: in read
    raise OSError(
E   OSError: pytest: reading from stdin while output is captured!  Consider using `-s`.</failure></testcase><testcase classname="tests.test_generate.TestEnvironmentValidation" name="test_validate_environment_not_root" time="0.001" /><testcase classname="tests.test_generate.TestEnvironmentValidation" name="test_validate_environment_no_podman" time="0.001" /><testcase classname="tests.test_generate.TestMainWorkflow" name="test_main_success_no_flash" time="0.017"><failure message="assert 1 == 0">tests/test_generate.py:524: in test_main_success_no_flash
    assert result == 0
E   assert 1 == 0</failure></testcase><testcase classname="tests.test_generate.TestMainWorkflow" name="test_main_success_with_flash" time="0.013"><failure message="assert 1 == 0">tests/test_generate.py:569: in test_main_success_with_flash
    assert result == 0
E   assert 1 == 0</failure></testcase><testcase classname="tests.test_generate.TestMainWorkflow" name="test_main_no_devices" time="0.013" /><testcase classname="tests.test_generate.TestMainWorkflow" name="test_main_keyboard_interrupt" time="0.001" /><testcase classname="tests.test_generate.TestErrorHandling" name="test_run_command_success" time="0.001" /><testcase classname="tests.test_generate.TestErrorHandling" name="test_run_command_failure" time="0.001" /><testcase classname="tests.test_generate.TestArgumentParsing" name="test_default_arguments" time="0.001" /><testcase classname="tests.test_generate.TestArgumentParsing" name="test_custom_arguments" time="0.001" /><testcase classname="tests.test_local_build.TestLocalBuild" name="test_default_donor_dump_behavior" time="0.001"><failure message="AttributeError: module 'src.build' has no attribute 'get_donor_info'">tests/test_local_build.py:39: in test_default_donor_dump_behavior
    info = build.get_donor_info(bdf="0000:00:00.0")  # Only provide BDF
E   AttributeError: module 'src.build' has no attribute 'get_donor_info'</failure></testcase><testcase classname="tests.test_local_build.TestLocalBuild" name="test_get_donor_info_from_file" time="0.001"><failure message="AssertionError: Sample donor info file not found&#10;assert False&#10; +  where False = exists()&#10; +    where exists = PosixPath('/Users/ramseymcgrath/code/PCILeechFWGenerator/tests/sample_donor_info.json').exists">tests/test_local_build.py:54: in test_get_donor_info_from_file
    assert donor_info_path.exists(), "Sample donor info file not found"
E   AssertionError: Sample donor info file not found
E   assert False
E    +  where False = exists()
E    +    where exists = PosixPath('/Users/ramseymcgrath/code/PCILeechFWGenerator/tests/sample_donor_info.json').exists</failure></testcase><testcase classname="tests.test_local_build.TestLocalBuild" name="test_build_with_skip_donor_dump" time="0.001"><failure message="AttributeError: &lt;module 'src.build' from '/Users/ramseymcgrath/code/PCILeechFWGenerator/src/build.py'&gt; does not have the attribute 'vivado_run'">/Library/Frameworks/Python.framework/Versions/3.13/lib/python3.13/unittest/mock.py:1421: in patched
    with self.decoration_helper(patched,
/Library/Frameworks/Python.framework/Versions/3.13/lib/python3.13/contextlib.py:141: in __enter__
    return next(self.gen)
/Library/Frameworks/Python.framework/Versions/3.13/lib/python3.13/unittest/mock.py:1403: in decoration_helper
    arg = exit_stack.enter_context(patching)
/Library/Frameworks/Python.framework/Versions/3.13/lib/python3.13/contextlib.py:530: in enter_context
    result = _enter(cm)
/Library/Frameworks/Python.framework/Versions/3.13/lib/python3.13/unittest/mock.py:1495: in __enter__
    original, local = self.get_original()
/Library/Frameworks/Python.framework/Versions/3.13/lib/python3.13/unittest/mock.py:1465: in get_original
    raise AttributeError(
E   AttributeError: &lt;module 'src.build' from '/Users/ramseymcgrath/code/PCILeechFWGenerator/src/build.py'&gt; does not have the attribute 'vivado_run'</failure></testcase><testcase classname="tests.test_local_build.TestLocalBuild" name="test_generate_synthetic_donor_info" time="0.002"><failure message="AttributeError: module 'src.build' has no attribute 'get_donor_info'">tests/test_local_build.py:146: in test_generate_synthetic_donor_info
    info = build.get_donor_info(
E   AttributeError: module 'src.build' has no attribute 'get_donor_info'</failure></testcase><testcase classname="tests.test_local_build.TestLocalBuild" name="test_donor_info_file_validation" time="0.001"><failure message="AttributeError: module 'src.build' has no attribute 'get_donor_info'">tests/test_local_build.py:189: in test_donor_info_file_validation
    info = build.get_donor_info(
E   AttributeError: module 'src.build' has no attribute 'get_donor_info'</failure></testcase><testcase classname="tests.test_local_build.TestLocalBuild" name="test_build_without_donor_file" time="0.001"><failure message="AttributeError: &lt;module 'src.build' from '/Users/ramseymcgrath/code/PCILeechFWGenerator/src/build.py'&gt; does not have the attribute 'vivado_run'">/Library/Frameworks/Python.framework/Versions/3.13/lib/python3.13/unittest/mock.py:1421: in patched
    with self.decoration_helper(patched,
/Library/Frameworks/Python.framework/Versions/3.13/lib/python3.13/contextlib.py:141: in __enter__
    return next(self.gen)
/Library/Frameworks/Python.framework/Versions/3.13/lib/python3.13/unittest/mock.py:1403: in decoration_helper
    arg = exit_stack.enter_context(patching)
/Library/Frameworks/Python.framework/Versions/3.13/lib/python3.13/contextlib.py:530: in enter_context
    result = _enter(cm)
/Library/Frameworks/Python.framework/Versions/3.13/lib/python3.13/unittest/mock.py:1495: in __enter__
    original, local = self.get_original()
/Library/Frameworks/Python.framework/Versions/3.13/lib/python3.13/unittest/mock.py:1465: in get_original
    raise AttributeError(
E   AttributeError: &lt;module 'src.build' from '/Users/ramseymcgrath/code/PCILeechFWGenerator/src/build.py'&gt; does not have the attribute 'vivado_run'</failure></testcase><testcase classname="tests.test_local_build.TestBuildOrchestratorLocalBuild" name="test_orchestrator_default_behavior" time="0.002"><failure message="AttributeError: &lt;class 'src.tui.core.build_orchestrator.BuildOrchestrator'&gt; does not have the attribute '_run_monitored_command'">/Library/Frameworks/Python.framework/Versions/3.13/lib/python3.13/site-packages/pytest_asyncio/plugin.py:508: in runtest
    super().runtest()
/Library/Frameworks/Python.framework/Versions/3.13/lib/python3.13/site-packages/pytest_asyncio/plugin.py:773: in inner
    _loop.run_until_complete(task)
/Library/Frameworks/Python.framework/Versions/3.13/lib/python3.13/asyncio/base_events.py:725: in run_until_complete
    return future.result()
/Library/Frameworks/Python.framework/Versions/3.13/lib/python3.13/unittest/mock.py:1438: in patched
    with self.decoration_helper(patched,
/Library/Frameworks/Python.framework/Versions/3.13/lib/python3.13/contextlib.py:141: in __enter__
    return next(self.gen)
/Library/Frameworks/Python.framework/Versions/3.13/lib/python3.13/unittest/mock.py:1403: in decoration_helper
    arg = exit_stack.enter_context(patching)
/Library/Frameworks/Python.framework/Versions/3.13/lib/python3.13/contextlib.py:530: in enter_context
    result = _enter(cm)
/Library/Frameworks/Python.framework/Versions/3.13/lib/python3.13/unittest/mock.py:1495: in __enter__
    original, local = self.get_original()
/Library/Frameworks/Python.framework/Versions/3.13/lib/python3.13/unittest/mock.py:1465: in get_original
    raise AttributeError(
E   AttributeError: &lt;class 'src.tui.core.build_orchestrator.BuildOrchestrator'&gt; does not have the attribute '_run_monitored_command'</failure></testcase><testcase classname="tests.test_local_build.TestBuildOrchestratorLocalBuild" name="test_orchestrator_local_build" time="0.001"><failure message="AttributeError: &lt;class 'src.tui.core.build_orchestrator.BuildOrchestrator'&gt; does not have the attribute '_run_monitored_command'">/Library/Frameworks/Python.framework/Versions/3.13/lib/python3.13/site-packages/pytest_asyncio/plugin.py:508: in runtest
    super().runtest()
/Library/Frameworks/Python.framework/Versions/3.13/lib/python3.13/site-packages/pytest_asyncio/plugin.py:773: in inner
    _loop.run_until_complete(task)
/Library/Frameworks/Python.framework/Versions/3.13/lib/python3.13/asyncio/base_events.py:725: in run_until_complete
    return future.result()
/Library/Frameworks/Python.framework/Versions/3.13/lib/python3.13/unittest/mock.py:1438: in patched
    with self.decoration_helper(patched,
/Library/Frameworks/Python.framework/Versions/3.13/lib/python3.13/contextlib.py:141: in __enter__
    return next(self.gen)
/Library/Frameworks/Python.framework/Versions/3.13/lib/python3.13/unittest/mock.py:1403: in decoration_helper
    arg = exit_stack.enter_context(patching)
/Library/Frameworks/Python.framework/Versions/3.13/lib/python3.13/contextlib.py:530: in enter_context
    result = _enter(cm)
/Library/Frameworks/Python.framework/Versions/3.13/lib/python3.13/unittest/mock.py:1495: in __enter__
    original, local = self.get_original()
/Library/Frameworks/Python.framework/Versions/3.13/lib/python3.13/unittest/mock.py:1465: in get_original
    raise AttributeError(
E   AttributeError: &lt;class 'src.tui.core.build_orchestrator.BuildOrchestrator'&gt; does not have the attribute '_run_monitored_command'</failure></testcase><testcase classname="tests.test_manufacturing_variance.TestDeterministicVarianceSeeding" name="test_boundary_conditions_for_seed_generation" time="0.001" /><testcase classname="tests.test_manufacturing_variance.TestDeterministicVarianceSeeding" name="test_deterministic_rng_initialization" time="0.001" /><testcase classname="tests.test_manufacturing_variance.TestDeterministicVarianceSeeding" name="test_deterministic_seed_generation" time="0.001" /><testcase classname="tests.test_manufacturing_variance.TestDeterministicVarianceSeeding" name="test_deterministic_variance_model" time="0.001" /><testcase classname="tests.test_manufacturing_variance.TestDeterministicVarianceSeeding" name="test_seed_algorithm_correctness" time="0.001" /><testcase classname="tests.test_manufacturing_variance.TestDeterministicVarianceSeeding" name="test_seed_with_different_dsn_revision_combinations" time="0.001" /><testcase classname="tests.test_manufacturing_variance.TestManufacturingVarianceSimulator" name="test_simulator_initialization" time="0.001" /><testcase classname="tests.test_manufacturing_variance.TestManufacturingVarianceSimulator" name="test_variance_model_generation" time="0.001" /><testcase classname="tests.test_manufacturing_variance.TestManufacturingVarianceSimulator" name="test_device_class_parameters" time="0.001" /><testcase classname="tests.test_manufacturing_variance.TestManufacturingVarianceSimulator" name="test_timing_pattern_analysis" time="0.001" /><testcase classname="tests.test_manufacturing_variance.TestManufacturingVarianceSimulator" name="test_variance_application" time="0.001" /><testcase classname="tests.test_manufacturing_variance.TestManufacturingVarianceSimulator" name="test_systemverilog_code_generation" time="0.001" /><testcase classname="tests.test_manufacturing_variance.TestManufacturingVarianceSimulator" name="test_variance_metadata" time="0.001" /><testcase classname="tests.test_manufacturing_variance.TestManufacturingVarianceSimulator" name="test_variance_parameters_dataclass" time="0.001" /><testcase classname="tests.test_manufacturing_variance.TestManufacturingVarianceSimulator" name="test_variance_model_timing_calculations" time="0.001" /><testcase classname="tests.test_manufacturing_variance.TestManufacturingVarianceSimulator" name="test_reproducible_generation" time="0.001" /><testcase classname="tests.test_manufacturing_variance.TestVarianceIntegration" name="test_default_device_class_parameters" time="0.001" /><testcase classname="tests.test_manufacturing_variance.TestVarianceIntegration" name="test_variance_ranges_logical" time="0.001" /><testcase classname="tests.test_modular_build.TestModularBuildArchitecture" name="test_build_controller_creation" time="0.000"><skipped type="pytest.skip" message="Modular build system not available">/Users/ramseymcgrath/code/PCILeechFWGenerator/tests/test_modular_build.py:40: Modular build system not available</skipped></testcase><testcase classname="tests.test_modular_build.TestModularBuildArchitecture" name="test_file_manager_creation" time="0.000"><skipped type="pytest.skip" message="Modular build system not available">/Users/ramseymcgrath/code/PCILeechFWGenerator/tests/test_modular_build.py:46: Modular build system not available</skipped></testcase><testcase classname="tests.test_modular_build.TestModularBuildArchitecture" name="test_process_manager_creation" time="0.000"><skipped type="pytest.skip" message="Modular build system not available">/Users/ramseymcgrath/code/PCILeechFWGenerator/tests/test_modular_build.py:53: Modular build system not available</skipped></testcase><testcase classname="tests.test_modular_build.TestModularBuildArchitecture" name="test_systemverilog_generator_creation" time="0.000"><skipped type="pytest.skip" message="Modular build system not available">/Users/ramseymcgrath/code/PCILeechFWGenerator/tests/test_modular_build.py:59: Modular build system not available</skipped></testcase><testcase classname="tests.test_modular_build.TestModularBuildArchitecture" name="test_tcl_builder_creation" time="0.000"><skipped type="pytest.skip" message="Modular build system not available">/Users/ramseymcgrath/code/PCILeechFWGenerator/tests/test_modular_build.py:65: Modular build system not available</skipped></testcase><testcase classname="tests.test_modular_build.TestModularBuildArchitecture" name="test_device_analyzer_creation" time="0.000"><skipped type="pytest.skip" message="Modular build system not available">/Users/ramseymcgrath/code/PCILeechFWGenerator/tests/test_modular_build.py:72: Modular build system not available</skipped></testcase><testcase classname="tests.test_modular_build.TestModularBuildArchitecture" name="test_register_analyzer_creation" time="0.000"><skipped type="pytest.skip" message="Modular build system not available">/Users/ramseymcgrath/code/PCILeechFWGenerator/tests/test_modular_build.py:78: Modular build system not available</skipped></testcase><testcase classname="tests.test_modular_build.TestModularBuildArchitecture" name="test_config_validator_creation" time="0.000"><skipped type="pytest.skip" message="Modular build system not available">/Users/ramseymcgrath/code/PCILeechFWGenerator/tests/test_modular_build.py:84: Modular build system not available</skipped></testcase><testcase classname="tests.test_modular_build.TestModularBuildArchitecture" name="test_config_loader_creation" time="0.000"><skipped type="pytest.skip" message="Modular build system not available">/Users/ramseymcgrath/code/PCILeechFWGenerator/tests/test_modular_build.py:90: Modular build system not available</skipped></testcase><testcase classname="tests.test_modular_build.TestModularBuildArchitecture" name="test_async_file_operations" time="0.000"><skipped type="pytest.skip" message="Modular build system not available">/Users/ramseymcgrath/code/PCILeechFWGenerator/tests/test_modular_build.py:96: Modular build system not available</skipped></testcase><testcase classname="tests.test_modular_build.TestModularBuildArchitecture" name="test_async_process_operations" time="0.000"><skipped type="pytest.skip" message="Modular build system not available">/Users/ramseymcgrath/code/PCILeechFWGenerator/tests/test_modular_build.py:110: Modular build system not available</skipped></testcase><testcase classname="tests.test_modular_build.TestModularBuildArchitecture" name="test_config_validation" time="0.000"><skipped type="pytest.skip" message="Modular build system not available">/Users/ramseymcgrath/code/PCILeechFWGenerator/tests/test_modular_build.py:120: Modular build system not available</skipped></testcase><testcase classname="tests.test_modular_build.TestModularBuildArchitecture" name="test_config_loading" time="0.000"><skipped type="pytest.skip" message="Modular build system not available">/Users/ramseymcgrath/code/PCILeechFWGenerator/tests/test_modular_build.py:139: Modular build system not available</skipped></testcase><testcase classname="tests.test_modular_build.TestModularBuildArchitecture" name="test_systemverilog_generation" time="0.000"><skipped type="pytest.skip" message="Modular build system not available">/Users/ramseymcgrath/code/PCILeechFWGenerator/tests/test_modular_build.py:150: Modular build system not available</skipped></testcase><testcase classname="tests.test_modular_build.TestModularBuildArchitecture" name="test_tcl_generation" time="0.000"><skipped type="pytest.skip" message="Modular build system not available">/Users/ramseymcgrath/code/PCILeechFWGenerator/tests/test_modular_build.py:173: Modular build system not available</skipped></testcase><testcase classname="tests.test_modular_build.TestModularBuildArchitecture" name="test_performance_improvement_estimation" time="0.000"><skipped type="pytest.skip" message="Modular build system not available">/Users/ramseymcgrath/code/PCILeechFWGenerator/tests/test_modular_build.py:200: Modular build system not available</skipped></testcase><testcase classname="tests.test_modular_build.TestBackwardCompatibility" name="test_build_controller_backward_compatibility" time="0.000"><skipped type="pytest.skip" message="Modular build system not available">/Users/ramseymcgrath/code/PCILeechFWGenerator/tests/test_modular_build.py:227: Modular build system not available</skipped></testcase><testcase classname="tests.test_modular_build.TestBackwardCompatibility" name="test_factory_functions_available" time="0.000"><skipped type="pytest.skip" message="Modular build system not available">/Users/ramseymcgrath/code/PCILeechFWGenerator/tests/test_modular_build.py:237: Modular build system not available</skipped></testcase><testcase classname="tests.test_msix_capability.TestMSIXCapability" name="test_different_table_sizes" time="0.001"><failure message="AssertionError: 0 != 1">tests/test_msix_capability.py:268: in test_different_table_sizes
    self.assertEqual(msix_size(config_1_entry), 1)
E   AssertionError: 0 != 1</failure></testcase><testcase classname="tests.test_msix_capability.TestMSIXCapability" name="test_edge_cases" time="0.001" /><testcase classname="tests.test_msix_capability.TestMSIXCapability" name="test_find_cap" time="0.001"><failure message="AssertionError: None != 64">tests/test_msix_capability.py:147: in test_find_cap
    self.assertEqual(cap_offset, 0x40)
E   AssertionError: None != 64</failure></testcase><testcase classname="tests.test_msix_capability.TestMSIXCapability" name="test_generate_msix_table_sv" time="0.001"><failure message="AssertionError: 'localparam NUM_MSIX = 8;' not found in '// MSI-X not supported or no entries'">tests/test_msix_capability.py:219: in test_generate_msix_table_sv
    self.assertIn("localparam NUM_MSIX = 8;", sv_code)
E   AssertionError: 'localparam NUM_MSIX = 8;' not found in '// MSI-X not supported or no entries'</failure></testcase><testcase classname="tests.test_msix_capability.TestMSIXCapability" name="test_helper_functions" time="0.001" /><testcase classname="tests.test_msix_capability.TestMSIXCapability" name="test_msix_size" time="0.001"><failure message="AssertionError: 0 != 8">tests/test_msix_capability.py:172: in test_msix_size
    self.assertEqual(size, 8)  # 7 + 1 = 8 entries
E   AssertionError: 0 != 8</failure></testcase><testcase classname="tests.test_msix_capability.TestMSIXCapability" name="test_parse_msix_capability" time="0.001"><failure message="AssertionError: 0 != 8">tests/test_msix_capability.py:191: in test_parse_msix_capability
    self.assertEqual(msix_info["table_size"], 8)
E   AssertionError: 0 != 8</failure></testcase><testcase classname="tests.test_option_rom.TestOptionROMManager" name="test_extract_rom_linux_failure" time="0.002" /><testcase classname="tests.test_option_rom.TestOptionROMManager" name="test_extract_rom_linux_success" time="0.001" /><testcase classname="tests.test_option_rom.TestOptionROMManager" name="test_get_rom_info" time="0.001" /><testcase classname="tests.test_option_rom.TestOptionROMManager" name="test_load_rom_file_failure" time="0.001" /><testcase classname="tests.test_option_rom.TestOptionROMManager" name="test_load_rom_file_success" time="0.001" /><testcase classname="tests.test_option_rom.TestOptionROMManager" name="test_save_rom_hex" time="0.001" /><testcase classname="tests.test_option_rom.TestOptionROMManager" name="test_setup_option_rom" time="0.002" /><testcase classname="tests.test_option_rom" name="test_option_rom_size_variants[65536]" time="0.013" /><testcase classname="tests.test_option_rom" name="test_option_rom_size_variants[131072]" time="0.023" /><testcase classname="tests.test_option_rom" name="test_option_rom_size_variants[262144]" time="0.042" /><testcase classname="tests.test_pci_capability.TestPCICapability" name="test_categorize_capabilities" time="0.001" /><testcase classname="tests.test_pci_capability.TestPCICapability" name="test_determine_pruning_actions" time="0.001" /><testcase classname="tests.test_pci_capability.TestPCICapability" name="test_find_cap" time="0.001" /><testcase classname="tests.test_pci_capability.TestPCICapability" name="test_find_ext_cap" time="0.001" /><testcase classname="tests.test_pci_capability.TestPCICapability" name="test_get_all_capabilities" time="0.001" /><testcase classname="tests.test_pci_capability.TestPCICapability" name="test_get_all_ext_capabilities" time="0.001" /><testcase classname="tests.test_pci_capability.TestPCICapability" name="test_prune_capabilities" time="0.003" /><testcase classname="tests.test_pci_capability.TestPCICapability" name="test_prune_capabilities_by_rules" time="0.003" /><testcase classname="tests.test_pci_validation.TestPCIValidation" name="test_validate_donor_info_complete" time="0.001"><failure message="AttributeError: module 'src.build' has no attribute 'validate_donor_info'">tests/test_pci_validation.py:49: in test_validate_donor_info_complete
    result = build.validate_donor_info(complete_info)
E   AttributeError: module 'src.build' has no attribute 'validate_donor_info'</failure></testcase><testcase classname="tests.test_pci_validation.TestPCIValidation" name="test_validate_donor_info_missing_critical" time="0.001"><failure message="AttributeError: module 'src.build' has no attribute 'validate_donor_info'">tests/test_pci_validation.py:68: in test_validate_donor_info_missing_critical
    build.validate_donor_info(incomplete_info)
E   AttributeError: module 'src.build' has no attribute 'validate_donor_info'</failure></testcase><testcase classname="tests.test_pci_validation.TestPCIValidation" name="test_validate_donor_info_missing_extended" time="0.001"><failure message="AttributeError: module 'src.build' has no attribute 'validate_donor_info'">tests/test_pci_validation.py:86: in test_validate_donor_info_missing_extended
    result = build.validate_donor_info(basic_info)
E   AttributeError: module 'src.build' has no attribute 'validate_donor_info'</failure></testcase><testcase classname="tests.test_pci_validation.TestPCIValidation" name="test_validate_donor_info_invalid_format" time="0.001"><failure message="AttributeError: module 'src.build' has no attribute 'validate_donor_info'">tests/test_pci_validation.py:105: in test_validate_donor_info_invalid_format
    result = build.validate_donor_info(invalid_info)
E   AttributeError: module 'src.build' has no attribute 'validate_donor_info'</failure></testcase><testcase classname="tests.test_pci_validation.TestPCIValidation" name="test_get_donor_info_calls_validation" time="0.001"><failure message="AttributeError: &lt;module 'src.build' from '/Users/ramseymcgrath/code/PCILeechFWGenerator/src/build.py'&gt; does not have the attribute 'validate_donor_info'">/Library/Frameworks/Python.framework/Versions/3.13/lib/python3.13/unittest/mock.py:1421: in patched
    with self.decoration_helper(patched,
/Library/Frameworks/Python.framework/Versions/3.13/lib/python3.13/contextlib.py:141: in __enter__
    return next(self.gen)
/Library/Frameworks/Python.framework/Versions/3.13/lib/python3.13/unittest/mock.py:1403: in decoration_helper
    arg = exit_stack.enter_context(patching)
/Library/Frameworks/Python.framework/Versions/3.13/lib/python3.13/contextlib.py:530: in enter_context
    result = _enter(cm)
/Library/Frameworks/Python.framework/Versions/3.13/lib/python3.13/unittest/mock.py:1495: in __enter__
    original, local = self.get_original()
/Library/Frameworks/Python.framework/Versions/3.13/lib/python3.13/unittest/mock.py:1465: in get_original
    raise AttributeError(
E   AttributeError: &lt;module 'src.build' from '/Users/ramseymcgrath/code/PCILeechFWGenerator/src/build.py'&gt; does not have the attribute 'validate_donor_info'</failure></testcase><testcase classname="tests.test_pcileech_board_config.TestPCILeechBoardConfig" name="test_pcileech_board_config_constants" time="0.001" /><testcase classname="tests.test_pcileech_board_config.TestPCILeechBoardConfig" name="test_pcileech_35t325_x4_configuration" time="0.001" /><testcase classname="tests.test_pcileech_board_config.TestPCILeechBoardConfig" name="test_pcileech_75t484_x1_configuration" time="0.001" /><testcase classname="tests.test_pcileech_board_config.TestPCILeechBoardConfig" name="test_pcileech_100t484_x1_configuration" time="0.001"><failure message="AssertionError: assert 'xczu3eg-sbva484-1-e' == 'xc7a100tfgg484-2'&#10;  &#10;  - xc7a100tfgg484-2&#10;  + xczu3eg-sbva484-1-e">tests/test_pcileech_board_config.py:109: in test_pcileech_100t484_x1_configuration
    assert config["fpga_part"] == "xc7a100tfgg484-2"
E   AssertionError: assert 'xczu3eg-sbva484-1-e' == 'xc7a100tfgg484-2'
E     
E     - xc7a100tfgg484-2
E     + xczu3eg-sbva484-1-e</failure></testcase><testcase classname="tests.test_pcileech_board_config.TestPCILeechBoardConfig" name="test_board_config_file_lists" time="0.001" /><testcase classname="tests.test_pcileech_board_config.TestPCILeechBoardConfig" name="test_fpga_family_to_pcie_ip_mapping" time="0.001" /><testcase classname="tests.test_pcileech_board_config.TestPCILeechBoardConfig" name="test_board_config_validation" time="0.001" /><testcase classname="tests.test_pcileech_board_config.TestPCILeechBoardConfig" name="test_board_specific_features" time="0.001" /><testcase classname="tests.test_pcileech_board_config.TestPCILeechBoardConfig" name="test_board_config_yaml_files" time="0.004" /><testcase classname="tests.test_pcileech_board_config.TestPCILeechBoardConfig" name="test_file_manager_board_integration" time="0.003" /><testcase classname="tests.test_pcileech_board_config.TestPCILeechBoardConfig" name="test_board_config_error_handling" time="0.001" /><testcase classname="tests.test_pcileech_board_config.TestPCILeechBoardConfig" name="test_board_config_consistency" time="0.001" /><testcase classname="tests.test_pcileech_board_config.TestPCILeechBoardConfig" name="test_board_config_file_path_validation" time="0.001" /><testcase classname="tests.test_pcileech_board_config.TestPCILeechBoardConfig" name="test_board_config_completeness" time="0.001" /><testcase classname="tests.test_pcileech_end_to_end.TestPCILeechEndToEnd" name="test_complete_pcileech_workflow" time="0.031" /><testcase classname="tests.test_pcileech_end_to_end.TestPCILeechEndToEnd" name="test_pcileech_2_script_approach_validation" time="0.017" /><testcase classname="tests.test_pcileech_end_to_end.TestPCILeechEndToEnd" name="test_explicit_file_lists_end_to_end" time="0.001" /><testcase classname="tests.test_pcileech_end_to_end.TestPCILeechEndToEnd" name="test_advanced_features_integration" time="0.002" /><testcase classname="tests.test_pcileech_end_to_end.TestPCILeechEndToEnd" name="test_board_specific_end_to_end_workflows" time="0.049" /><testcase classname="tests.test_pcileech_integration.TestPCILeechIntegration" name="test_pcileech_constants_validation" time="0.001" /><testcase classname="tests.test_pcileech_integration.TestPCILeechIntegration" name="test_pcileech_board_configurations" time="0.001" /><testcase classname="tests.test_pcileech_integration.TestPCILeechIntegration" name="test_build_context_pcileech_integration" time="0.001" /><testcase classname="tests.test_pcileech_integration.TestPCILeechIntegration" name="test_pcileech_output_dataclass" time="0.001" /><testcase classname="tests.test_pcileech_integration.TestPCILeechIntegration" name="test_file_manager_pcileech_structure" time="0.001" /><testcase classname="tests.test_pcileech_integration.TestPCILeechIntegration" name="test_file_manager_pcileech_file_writing" time="0.002" /><testcase classname="tests.test_pcileech_integration.TestPCILeechIntegration" name="test_tcl_builder_pcileech_scripts" time="0.013"><failure message="assert 'PCILeech Project Generation Script' in '# PCILeech Firmware Build - pcileech_35t325_x4\n# PCILeech Unified Project Generation Script\n# Generated by PCILeechFWGenerator - PCILeech Integration\n# Board: pcileech_35t325_x4\n# FPGA: xc7a35tcsg324-2\n# Family: 7series\n\n# Set error handling\nset_msg_config -id {Common 17-55} -suppress\nset_msg_config -id {Vivado 12-1387} -suppress\n\n# Project configuration\nset project_name &quot;pcileech_firmware&quot;\nset project_dir &quot;./vivado_project&quot;\nset fpga_part &quot;xc7a35tcsg324-2&quot;\nset board_name &quot;pcileech_35t325_x4&quot;\n\n# PCILeech directory structure\nset src_dir &quot;src&quot;\nset ip_dir &quot;ip&quot;\n\n# Create project directory if it doesn\'t exist\nfile mkdir $project_dir\n\n# Create Vivado project\ncreate_project $project_name $project_dir -part $fpga_part -force\n\n# Set project properties\nset_property target_language Verilog [current_project]\nset_property simulator_language Mixed [current_project]\nset_property default_lib xil_defaultlib [current_project]\n# Create source directory structure\nfile mkdir [file join $project_dir $src_dir]\nfile mkdir [file join $project_dir $ip_dir]\n\nputs &quot;Created PCILeech directory structure:&quot;\nputs &quot;  Source directory: $src_dir&quot;\nputs &quot;  IP directory: $ip_dir&quot;\...&quot;  Warning: Coefficient file not found: coefficients.coe&quot;\n}\n# Add constraint files\nputs &quot;Adding constraint files...&quot;# Add all XDC files from current directory\nset xdc_files [glob -nocomplain &quot;*.xdc&quot;]\nforeach xdc_file $xdc_files {\n    add_files -fileset constrs_1 -norecurse $xdc_file\n    puts &quot;  Added constraint: [file tail $xdc_file]&quot;\n}\n# Set top-level module# Try to determine top module from first source file\nset top_module [file rootname [file tail &quot;pcileech_top.sv&quot;]]\nset_property top $top_module [current_fileset]\nputs &quot;Set top module: $top_module&quot;\n\n# Update compile order\nupdate_compile_order -fileset sources_1\n\n# Generate IP cores\nputs &quot;Generating IP cores...&quot;\ngenerate_target all [get_files *.xci]\ncatch {config_ip_cache -export [get_ips -all]}\n\n# Validate design\nputs &quot;Validating design...&quot;\nvalidate_design -quiet\n\nputs &quot;PCILeech project generation completed successfully!&quot;\nputs &quot;Project: $project_name&quot;\nputs &quot;Location: $project_dir&quot;\nputs &quot;FPGA Part: $fpga_part&quot;\nputs &quot;PCIe IP Type: axi_pcie&quot;\nputs &quot;Max Lanes: 4&quot;puts &quot;MSI Support: Enabled&quot;\n# Save project\nsave_project_as $project_name $project_dir -force\n\nputs &quot;Project saved. Ready for build phase.&quot;'">tests/test_pcileech_integration.py:253: in test_tcl_builder_pcileech_scripts
    assert "PCILeech Project Generation Script" in project_script
E   assert 'PCILeech Project Generation Script' in '# PCILeech Firmware Build - pcileech_35t325_x4\n# PCILeech Unified Project Generation Script\n# Generated by PCILeechFWGenerator - PCILeech Integration\n# Board: pcileech_35t325_x4\n# FPGA: xc7a35tcsg324-2\n# Family: 7series\n\n# Set error handling\nset_msg_config -id {Common 17-55} -suppress\nset_msg_config -id {Vivado 12-1387} -suppress\n\n# Project configuration\nset project_name "pcileech_firmware"\nset project_dir "./vivado_project"\nset fpga_part "xc7a35tcsg324-2"\nset board_name "pcileech_35t325_x4"\n\n# PCILeech directory structure\nset src_dir "src"\nset ip_dir "ip"\n\n# Create project directory if it doesn\'t exist\nfile mkdir $project_dir\n\n# Create Vivado project\ncreate_project $project_name $project_dir -part $fpga_part -force\n\n# Set project properties\nset_property target_language Verilog [current_project]\nset_property simulator_language Mixed [current_project]\nset_property default_lib xil_defaultlib [current_project]\n# Create source directory structure\nfile mkdir [file join $project_dir $src_dir]\nfile mkdir [file join $project_dir $ip_dir]\n\nputs "Created PCILeech directory structure:"\nputs "  Source directory: $src_dir"\nputs "  IP directory: $ip_dir"\..."  Warning: Coefficient file not found: coefficients.coe"\n}\n# Add constraint files\nputs "Adding constraint files..."# Add all XDC files from current directory\nset xdc_files [glob -nocomplain "*.xdc"]\nforeach xdc_file $xdc_files {\n    add_files -fileset constrs_1 -norecurse $xdc_file\n    puts "  Added constraint: [file tail $xdc_file]"\n}\n# Set top-level module# Try to determine top module from first source file\nset top_module [file rootname [file tail "pcileech_top.sv"]]\nset_property top $top_module [current_fileset]\nputs "Set top module: $top_module"\n\n# Update compile order\nupdate_compile_order -fileset sources_1\n\n# Generate IP cores\nputs "Generating IP cores..."\ngenerate_target all [get_files *.xci]\ncatch {config_ip_cache -export [get_ips -all]}\n\n# Validate design\nputs "Validating design..."\nvalidate_design -quiet\n\nputs "PCILeech project generation completed successfully!"\nputs "Project: $project_name"\nputs "Location: $project_dir"\nputs "FPGA Part: $fpga_part"\nputs "PCIe IP Type: axi_pcie"\nputs "Max Lanes: 4"puts "MSI Support: Enabled"\n# Save project\nsave_project_as $project_name $project_dir -force\n\nputs "Project saved. Ready for build phase."'</failure></testcase><testcase classname="tests.test_pcileech_integration.TestPCILeechIntegration" name="test_tcl_template_validation" time="0.016" /><testcase classname="tests.test_pcileech_integration.TestPCILeechIntegration" name="test_systemverilog_generator_pcileech_integration" time="0.011" /><testcase classname="tests.test_pcileech_integration.TestPCILeechIntegration" name="test_board_configuration_to_pcileech_mapping" time="0.001"><failure message="AssertionError: assert 'ultrascale_plus' == '7series'&#10;  &#10;  - 7series&#10;  + ultrascale_plus">tests/test_pcileech_integration.py:416: in test_board_configuration_to_pcileech_mapping
    assert config["fpga_family"] == case["expected_family"]
E   AssertionError: assert 'ultrascale_plus' == '7series'
E     
E     - 7series
E     + ultrascale_plus</failure></testcase><testcase classname="tests.test_pcileech_integration.TestPCILeechIntegration" name="test_explicit_file_list_generation" time="0.001" /><testcase classname="tests.test_pcileech_integration.TestPCILeechIntegration" name="test_advanced_systemverilog_features_preservation" time="0.001" /><testcase classname="tests.test_pcileech_integration.TestPCILeechIntegration" name="test_end_to_end_pcileech_build_flow" time="0.002" /><testcase classname="tests.test_pcileech_integration.TestPCILeechIntegration" name="test_pcileech_2_script_approach_validation" time="0.001" /><testcase classname="tests.test_pcileech_integration.TestPCILeechIntegration" name="test_fpga_family_to_pcie_ip_mapping" time="0.001" /><testcase classname="tests.test_pcileech_systemverilog.TestPCILeechSystemVerilog" name="test_pcileech_output_dataclass_initialization" time="0.001" /><testcase classname="tests.test_pcileech_systemverilog.TestPCILeechSystemVerilog" name="test_pcileech_output_file_list_management" time="0.001" /><testcase classname="tests.test_pcileech_systemverilog.TestPCILeechSystemVerilog" name="test_systemverilog_generator_pcileech_integration" time="0.012" /><testcase classname="tests.test_pcileech_systemverilog.TestPCILeechSystemVerilog" name="test_advanced_features_preservation_with_pcileech" time="0.001"><error message="failed on setup with &quot;TypeError: PowerManagementConfig.__init__() got an unexpected keyword argument 'enable_power_management'&quot;">tests/test_pcileech_systemverilog.py:80: in advanced_configs
    "power_config": PowerManagementConfig(
E   TypeError: PowerManagementConfig.__init__() got an unexpected keyword argument 'enable_power_management'</error></testcase><testcase classname="tests.test_pcileech_systemverilog.TestPCILeechSystemVerilog" name="test_pcileech_directory_structure_integration" time="0.001" /><testcase classname="tests.test_pcileech_systemverilog.TestPCILeechSystemVerilog" name="test_explicit_file_list_generation" time="0.001" /><testcase classname="tests.test_pcileech_systemverilog.TestPCILeechSystemVerilog" name="test_pcileech_board_specific_generation" time="0.001" /><testcase classname="tests.test_pcileech_systemverilog.TestPCILeechSystemVerilog" name="test_advanced_systemverilog_features_with_pcileech" time="0.001"><error message="failed on setup with &quot;TypeError: PowerManagementConfig.__init__() got an unexpected keyword argument 'enable_power_management'&quot;">tests/test_pcileech_systemverilog.py:80: in advanced_configs
    "power_config": PowerManagementConfig(
E   TypeError: PowerManagementConfig.__init__() got an unexpected keyword argument 'enable_power_management'</error></testcase><testcase classname="tests.test_pcileech_systemverilog.TestPCILeechSystemVerilog" name="test_systemverilog_template_integration" time="0.001" /><testcase classname="tests.test_pcileech_systemverilog.TestPCILeechSystemVerilog" name="test_pcileech_output_validation" time="0.001" /><testcase classname="tests.test_pcileech_tcl_templates.TestPCILeechTCLTemplates" name="test_pcileech_project_template_rendering" time="0.013" /><testcase classname="tests.test_pcileech_tcl_templates.TestPCILeechTCLTemplates" name="test_pcileech_build_template_rendering" time="0.005" /><testcase classname="tests.test_pcileech_tcl_templates.TestPCILeechTCLTemplates" name="test_explicit_file_lists_validation" time="0.012" /><testcase classname="tests.test_pcileech_tcl_templates.TestPCILeechTCLTemplates" name="test_batch_mode_compatibility" time="0.005" /><testcase classname="tests.test_pcileech_tcl_templates.TestPCILeechTCLTemplates" name="test_fpga_family_specific_configurations" time="0.013" /><testcase classname="tests.test_pcileech_tcl_templates.TestPCILeechTCLTemplates" name="test_ip_configuration_validation" time="0.013" /><testcase classname="tests.test_pcileech_tcl_templates.TestPCILeechTCLTemplates" name="test_constraint_file_handling" time="0.012" /><testcase classname="tests.test_pcileech_tcl_templates.TestPCILeechTCLTemplates" name="test_error_handling_in_templates" time="0.005" /><testcase classname="tests.test_pcileech_tcl_templates.TestPCILeechTCLTemplates" name="test_output_file_generation" time="0.005" /><testcase classname="tests.test_pin_constraints.TestPinConstraints" name="test_constraints_template_renders" time="0.002"><failure message="src.template_renderer.TemplateRenderError: Failed to render template 'tcl/constraints.j2': expected token ':', got '}'">src/template_renderer.py:173: in render_template
    template = self.env.get_template(template_name)
/Library/Frameworks/Python.framework/Versions/3.13/lib/python3.13/site-packages/jinja2/environment.py:1016: in get_template
    return self._load_template(name, globals)
/Library/Frameworks/Python.framework/Versions/3.13/lib/python3.13/site-packages/jinja2/environment.py:975: in _load_template
    template = self.loader.load(self, name, self.make_globals(globals))
/Library/Frameworks/Python.framework/Versions/3.13/lib/python3.13/site-packages/jinja2/loaders.py:138: in load
    code = environment.compile(source, name, filename)
/Library/Frameworks/Python.framework/Versions/3.13/lib/python3.13/site-packages/jinja2/environment.py:771: in compile
    self.handle_exception(source=source_hint)
/Library/Frameworks/Python.framework/Versions/3.13/lib/python3.13/site-packages/jinja2/environment.py:942: in handle_exception
    raise rewrite_traceback_stack(source=source)
src/templates/tcl/constraints.j2:95: in template
    puts $fp {{{ board_xdc_content }}}
E   jinja2.exceptions.TemplateSyntaxError: expected token ':', got '}'

The above exception was the direct cause of the following exception:
tests/test_pin_constraints.py:28: in test_constraints_template_renders
    result = self.renderer.render_template("tcl/constraints.j2", self.test_context)
src/template_renderer.py:181: in render_template
    raise TemplateRenderError(error_msg) from e
E   src.template_renderer.TemplateRenderError: Failed to render template 'tcl/constraints.j2': expected token ':', got '}'</failure></testcase><testcase classname="tests.test_pin_constraints.TestPinConstraints" name="test_constraints_include_all_port_types" time="0.002"><failure message="src.template_renderer.TemplateRenderError: Failed to render template 'tcl/constraints.j2': expected token ':', got '}'">src/template_renderer.py:173: in render_template
    template = self.env.get_template(template_name)
/Library/Frameworks/Python.framework/Versions/3.13/lib/python3.13/site-packages/jinja2/environment.py:1016: in get_template
    return self._load_template(name, globals)
/Library/Frameworks/Python.framework/Versions/3.13/lib/python3.13/site-packages/jinja2/environment.py:975: in _load_template
    template = self.loader.load(self, name, self.make_globals(globals))
/Library/Frameworks/Python.framework/Versions/3.13/lib/python3.13/site-packages/jinja2/loaders.py:138: in load
    code = environment.compile(source, name, filename)
/Library/Frameworks/Python.framework/Versions/3.13/lib/python3.13/site-packages/jinja2/environment.py:771: in compile
    self.handle_exception(source=source_hint)
/Library/Frameworks/Python.framework/Versions/3.13/lib/python3.13/site-packages/jinja2/environment.py:942: in handle_exception
    raise rewrite_traceback_stack(source=source)
src/templates/tcl/constraints.j2:95: in template
    puts $fp {{{ board_xdc_content }}}
E   jinja2.exceptions.TemplateSyntaxError: expected token ':', got '}'

The above exception was the direct cause of the following exception:
tests/test_pin_constraints.py:38: in test_constraints_include_all_port_types
    result = self.renderer.render_template("tcl/constraints.j2", self.test_context)
src/template_renderer.py:181: in render_template
    raise TemplateRenderError(error_msg) from e
E   src.template_renderer.TemplateRenderError: Failed to render template 'tcl/constraints.j2': expected token ':', got '}'</failure></testcase><testcase classname="tests.test_pin_constraints.TestPinConstraints" name="test_constraints_have_iostandards" time="0.002"><failure message="src.template_renderer.TemplateRenderError: Failed to render template 'tcl/constraints.j2': expected token ':', got '}'">src/template_renderer.py:173: in render_template
    template = self.env.get_template(template_name)
/Library/Frameworks/Python.framework/Versions/3.13/lib/python3.13/site-packages/jinja2/environment.py:1016: in get_template
    return self._load_template(name, globals)
/Library/Frameworks/Python.framework/Versions/3.13/lib/python3.13/site-packages/jinja2/environment.py:975: in _load_template
    template = self.loader.load(self, name, self.make_globals(globals))
/Library/Frameworks/Python.framework/Versions/3.13/lib/python3.13/site-packages/jinja2/loaders.py:138: in load
    code = environment.compile(source, name, filename)
/Library/Frameworks/Python.framework/Versions/3.13/lib/python3.13/site-packages/jinja2/environment.py:771: in compile
    self.handle_exception(source=source_hint)
/Library/Frameworks/Python.framework/Versions/3.13/lib/python3.13/site-packages/jinja2/environment.py:942: in handle_exception
    raise rewrite_traceback_stack(source=source)
src/templates/tcl/constraints.j2:95: in template
    puts $fp {{{ board_xdc_content }}}
E   jinja2.exceptions.TemplateSyntaxError: expected token ':', got '}'

The above exception was the direct cause of the following exception:
tests/test_pin_constraints.py:71: in test_constraints_have_iostandards
    result = self.renderer.render_template("tcl/constraints.j2", self.test_context)
src/template_renderer.py:181: in render_template
    raise TemplateRenderError(error_msg) from e
E   src.template_renderer.TemplateRenderError: Failed to render template 'tcl/constraints.j2': expected token ':', got '}'</failure></testcase><testcase classname="tests.test_pin_constraints.TestPinConstraints" name="test_constraints_use_catch_for_optional_ports" time="0.002"><failure message="src.template_renderer.TemplateRenderError: Failed to render template 'tcl/constraints.j2': expected token ':', got '}'">src/template_renderer.py:173: in render_template
    template = self.env.get_template(template_name)
/Library/Frameworks/Python.framework/Versions/3.13/lib/python3.13/site-packages/jinja2/environment.py:1016: in get_template
    return self._load_template(name, globals)
/Library/Frameworks/Python.framework/Versions/3.13/lib/python3.13/site-packages/jinja2/environment.py:975: in _load_template
    template = self.loader.load(self, name, self.make_globals(globals))
/Library/Frameworks/Python.framework/Versions/3.13/lib/python3.13/site-packages/jinja2/loaders.py:138: in load
    code = environment.compile(source, name, filename)
/Library/Frameworks/Python.framework/Versions/3.13/lib/python3.13/site-packages/jinja2/environment.py:771: in compile
    self.handle_exception(source=source_hint)
/Library/Frameworks/Python.framework/Versions/3.13/lib/python3.13/site-packages/jinja2/environment.py:942: in handle_exception
    raise rewrite_traceback_stack(source=source)
src/templates/tcl/constraints.j2:95: in template
    puts $fp {{{ board_xdc_content }}}
E   jinja2.exceptions.TemplateSyntaxError: expected token ':', got '}'

The above exception was the direct cause of the following exception:
tests/test_pin_constraints.py:78: in test_constraints_use_catch_for_optional_ports
    result = self.renderer.render_template("tcl/constraints.j2", self.test_context)
src/template_renderer.py:181: in render_template
    raise TemplateRenderError(error_msg) from e
E   src.template_renderer.TemplateRenderError: Failed to render template 'tcl/constraints.j2': expected token ':', got '}'</failure></testcase><testcase classname="tests.test_pin_constraints.TestPinConstraints" name="test_device_setup_template_renders" time="0.001"><skipped type="pytest.skip" message="device_setup.j2 requires additional template setup">/Users/ramseymcgrath/code/PCILeechFWGenerator/tests/test_pin_constraints.py:96: device_setup.j2 requires additional template setup</skipped></testcase><testcase classname="tests.test_pin_constraints.TestPinConstraints" name="test_constraints_include_warning_comments" time="0.002"><failure message="src.template_renderer.TemplateRenderError: Failed to render template 'tcl/constraints.j2': expected token ':', got '}'">src/template_renderer.py:173: in render_template
    template = self.env.get_template(template_name)
/Library/Frameworks/Python.framework/Versions/3.13/lib/python3.13/site-packages/jinja2/environment.py:1016: in get_template
    return self._load_template(name, globals)
/Library/Frameworks/Python.framework/Versions/3.13/lib/python3.13/site-packages/jinja2/environment.py:975: in _load_template
    template = self.loader.load(self, name, self.make_globals(globals))
/Library/Frameworks/Python.framework/Versions/3.13/lib/python3.13/site-packages/jinja2/loaders.py:138: in load
    code = environment.compile(source, name, filename)
/Library/Frameworks/Python.framework/Versions/3.13/lib/python3.13/site-packages/jinja2/environment.py:771: in compile
    self.handle_exception(source=source_hint)
/Library/Frameworks/Python.framework/Versions/3.13/lib/python3.13/site-packages/jinja2/environment.py:942: in handle_exception
    raise rewrite_traceback_stack(source=source)
src/templates/tcl/constraints.j2:95: in template
    puts $fp {{{ board_xdc_content }}}
E   jinja2.exceptions.TemplateSyntaxError: expected token ':', got '}'

The above exception was the direct cause of the following exception:
tests/test_pin_constraints.py:100: in test_constraints_include_warning_comments
    result = self.renderer.render_template("tcl/constraints.j2", self.test_context)
src/template_renderer.py:181: in render_template
    raise TemplateRenderError(error_msg) from e
E   src.template_renderer.TemplateRenderError: Failed to render template 'tcl/constraints.j2': expected token ':', got '}'</failure></testcase><testcase classname="tests.test_pin_constraints.TestPinConstraints" name="test_constraints_template_context_variables" time="0.002"><failure message="src.template_renderer.TemplateRenderError: Failed to render template 'tcl/constraints.j2': expected token ':', got '}'">src/template_renderer.py:173: in render_template
    template = self.env.get_template(template_name)
/Library/Frameworks/Python.framework/Versions/3.13/lib/python3.13/site-packages/jinja2/environment.py:1016: in get_template
    return self._load_template(name, globals)
/Library/Frameworks/Python.framework/Versions/3.13/lib/python3.13/site-packages/jinja2/environment.py:975: in _load_template
    template = self.loader.load(self, name, self.make_globals(globals))
/Library/Frameworks/Python.framework/Versions/3.13/lib/python3.13/site-packages/jinja2/loaders.py:138: in load
    code = environment.compile(source, name, filename)
/Library/Frameworks/Python.framework/Versions/3.13/lib/python3.13/site-packages/jinja2/environment.py:771: in compile
    self.handle_exception(source=source_hint)
/Library/Frameworks/Python.framework/Versions/3.13/lib/python3.13/site-packages/jinja2/environment.py:942: in handle_exception
    raise rewrite_traceback_stack(source=source)
src/templates/tcl/constraints.j2:95: in template
    puts $fp {{{ board_xdc_content }}}
E   jinja2.exceptions.TemplateSyntaxError: expected token ':', got '}'

The above exception was the direct cause of the following exception:
tests/test_pin_constraints.py:107: in test_constraints_template_context_variables
    result = self.renderer.render_template("tcl/constraints.j2", self.test_context)
src/template_renderer.py:181: in render_template
    raise TemplateRenderError(error_msg) from e
E   src.template_renderer.TemplateRenderError: Failed to render template 'tcl/constraints.j2': expected token ':', got '}'</failure></testcase><testcase classname="tests.test_pin_constraints.TestPinConstraints" name="test_pin_assignment_patterns" time="0.002"><failure message="src.template_renderer.TemplateRenderError: Failed to render template 'tcl/constraints.j2': expected token ':', got '}'">src/template_renderer.py:173: in render_template
    template = self.env.get_template(template_name)
/Library/Frameworks/Python.framework/Versions/3.13/lib/python3.13/site-packages/jinja2/environment.py:1016: in get_template
    return self._load_template(name, globals)
/Library/Frameworks/Python.framework/Versions/3.13/lib/python3.13/site-packages/jinja2/environment.py:975: in _load_template
    template = self.loader.load(self, name, self.make_globals(globals))
/Library/Frameworks/Python.framework/Versions/3.13/lib/python3.13/site-packages/jinja2/loaders.py:138: in load
    code = environment.compile(source, name, filename)
/Library/Frameworks/Python.framework/Versions/3.13/lib/python3.13/site-packages/jinja2/environment.py:771: in compile
    self.handle_exception(source=source_hint)
/Library/Frameworks/Python.framework/Versions/3.13/lib/python3.13/site-packages/jinja2/environment.py:942: in handle_exception
    raise rewrite_traceback_stack(source=source)
src/templates/tcl/constraints.j2:95: in template
    puts $fp {{{ board_xdc_content }}}
E   jinja2.exceptions.TemplateSyntaxError: expected token ':', got '}'

The above exception was the direct cause of the following exception:
tests/test_pin_constraints.py:115: in test_pin_assignment_patterns
    result = self.renderer.render_template("tcl/constraints.j2", self.test_context)
src/template_renderer.py:181: in render_template
    raise TemplateRenderError(error_msg) from e
E   src.template_renderer.TemplateRenderError: Failed to render template 'tcl/constraints.j2': expected token ':', got '}'</failure></testcase><testcase classname="tests.test_pin_constraints.TestPinConstraints" name="test_iostandard_patterns" time="0.002"><failure message="src.template_renderer.TemplateRenderError: Failed to render template 'tcl/constraints.j2': expected token ':', got '}'">src/template_renderer.py:173: in render_template
    template = self.env.get_template(template_name)
/Library/Frameworks/Python.framework/Versions/3.13/lib/python3.13/site-packages/jinja2/environment.py:1016: in get_template
    return self._load_template(name, globals)
/Library/Frameworks/Python.framework/Versions/3.13/lib/python3.13/site-packages/jinja2/environment.py:975: in _load_template
    template = self.loader.load(self, name, self.make_globals(globals))
/Library/Frameworks/Python.framework/Versions/3.13/lib/python3.13/site-packages/jinja2/loaders.py:138: in load
    code = environment.compile(source, name, filename)
/Library/Frameworks/Python.framework/Versions/3.13/lib/python3.13/site-packages/jinja2/environment.py:771: in compile
    self.handle_exception(source=source_hint)
/Library/Frameworks/Python.framework/Versions/3.13/lib/python3.13/site-packages/jinja2/environment.py:942: in handle_exception
    raise rewrite_traceback_stack(source=source)
src/templates/tcl/constraints.j2:95: in template
    puts $fp {{{ board_xdc_content }}}
E   jinja2.exceptions.TemplateSyntaxError: expected token ':', got '}'

The above exception was the direct cause of the following exception:
tests/test_pin_constraints.py:132: in test_iostandard_patterns
    result = self.renderer.render_template("tcl/constraints.j2", self.test_context)
src/template_renderer.py:181: in render_template
    raise TemplateRenderError(error_msg) from e
E   src.template_renderer.TemplateRenderError: Failed to render template 'tcl/constraints.j2': expected token ':', got '}'</failure></testcase><testcase classname="tests.test_pin_constraints.TestPinConstraints" name="test_timing_constraints_included" time="0.002"><failure message="src.template_renderer.TemplateRenderError: Failed to render template 'tcl/constraints.j2': expected token ':', got '}'">src/template_renderer.py:173: in render_template
    template = self.env.get_template(template_name)
/Library/Frameworks/Python.framework/Versions/3.13/lib/python3.13/site-packages/jinja2/environment.py:1016: in get_template
    return self._load_template(name, globals)
/Library/Frameworks/Python.framework/Versions/3.13/lib/python3.13/site-packages/jinja2/environment.py:975: in _load_template
    template = self.loader.load(self, name, self.make_globals(globals))
/Library/Frameworks/Python.framework/Versions/3.13/lib/python3.13/site-packages/jinja2/loaders.py:138: in load
    code = environment.compile(source, name, filename)
/Library/Frameworks/Python.framework/Versions/3.13/lib/python3.13/site-packages/jinja2/environment.py:771: in compile
    self.handle_exception(source=source_hint)
/Library/Frameworks/Python.framework/Versions/3.13/lib/python3.13/site-packages/jinja2/environment.py:942: in handle_exception
    raise rewrite_traceback_stack(source=source)
src/templates/tcl/constraints.j2:95: in template
    puts $fp {{{ board_xdc_content }}}
E   jinja2.exceptions.TemplateSyntaxError: expected token ':', got '}'

The above exception was the direct cause of the following exception:
tests/test_pin_constraints.py:149: in test_timing_constraints_included
    result = self.renderer.render_template("tcl/constraints.j2", self.test_context)
src/template_renderer.py:181: in render_template
    raise TemplateRenderError(error_msg) from e
E   src.template_renderer.TemplateRenderError: Failed to render template 'tcl/constraints.j2': expected token ':', got '}'</failure></testcase><testcase classname="tests.test_pin_constraints.TestPinConstraints" name="test_bus_signal_handling" time="0.002"><failure message="src.template_renderer.TemplateRenderError: Failed to render template 'tcl/constraints.j2': expected token ':', got '}'">src/template_renderer.py:173: in render_template
    template = self.env.get_template(template_name)
/Library/Frameworks/Python.framework/Versions/3.13/lib/python3.13/site-packages/jinja2/environment.py:1016: in get_template
    return self._load_template(name, globals)
/Library/Frameworks/Python.framework/Versions/3.13/lib/python3.13/site-packages/jinja2/environment.py:975: in _load_template
    template = self.loader.load(self, name, self.make_globals(globals))
/Library/Frameworks/Python.framework/Versions/3.13/lib/python3.13/site-packages/jinja2/loaders.py:138: in load
    code = environment.compile(source, name, filename)
/Library/Frameworks/Python.framework/Versions/3.13/lib/python3.13/site-packages/jinja2/environment.py:771: in compile
    self.handle_exception(source=source_hint)
/Library/Frameworks/Python.framework/Versions/3.13/lib/python3.13/site-packages/jinja2/environment.py:942: in handle_exception
    raise rewrite_traceback_stack(source=source)
src/templates/tcl/constraints.j2:95: in template
    puts $fp {{{ board_xdc_content }}}
E   jinja2.exceptions.TemplateSyntaxError: expected token ':', got '}'

The above exception was the direct cause of the following exception:
tests/test_pin_constraints.py:158: in test_bus_signal_handling
    result = self.renderer.render_template("tcl/constraints.j2", self.test_context)
src/template_renderer.py:181: in render_template
    raise TemplateRenderError(error_msg) from e
E   src.template_renderer.TemplateRenderError: Failed to render template 'tcl/constraints.j2': expected token ':', got '}'</failure></testcase><testcase classname="tests.test_pin_constraints.TestPinConstraints" name="test_constraint_file_generation" time="0.002"><failure message="src.template_renderer.TemplateRenderError: Failed to render template 'tcl/constraints.j2': expected token ':', got '}'">src/template_renderer.py:173: in render_template
    template = self.env.get_template(template_name)
/Library/Frameworks/Python.framework/Versions/3.13/lib/python3.13/site-packages/jinja2/environment.py:1016: in get_template
    return self._load_template(name, globals)
/Library/Frameworks/Python.framework/Versions/3.13/lib/python3.13/site-packages/jinja2/environment.py:975: in _load_template
    template = self.loader.load(self, name, self.make_globals(globals))
/Library/Frameworks/Python.framework/Versions/3.13/lib/python3.13/site-packages/jinja2/loaders.py:138: in load
    code = environment.compile(source, name, filename)
/Library/Frameworks/Python.framework/Versions/3.13/lib/python3.13/site-packages/jinja2/environment.py:771: in compile
    self.handle_exception(source=source_hint)
/Library/Frameworks/Python.framework/Versions/3.13/lib/python3.13/site-packages/jinja2/environment.py:942: in handle_exception
    raise rewrite_traceback_stack(source=source)
src/templates/tcl/constraints.j2:95: in template
    puts $fp {{{ board_xdc_content }}}
E   jinja2.exceptions.TemplateSyntaxError: expected token ':', got '}'

The above exception was the direct cause of the following exception:
tests/test_pin_constraints.py:169: in test_constraint_file_generation
    result = self.renderer.render_template("tcl/constraints.j2", self.test_context)
src/template_renderer.py:181: in render_template
    raise TemplateRenderError(error_msg) from e
E   src.template_renderer.TemplateRenderError: Failed to render template 'tcl/constraints.j2': expected token ':', got '}'</failure></testcase><testcase classname="tests.test_pin_constraints.TestPinConstraints" name="test_template_syntax_valid[tcl/constraints.j2]" time="0.002"><failure message="Failed: Template tcl/constraints.j2 failed to render: Failed to render template 'tcl/constraints.j2': expected token ':', got '}'">src/template_renderer.py:173: in render_template
    template = self.env.get_template(template_name)
/Library/Frameworks/Python.framework/Versions/3.13/lib/python3.13/site-packages/jinja2/environment.py:1016: in get_template
    return self._load_template(name, globals)
/Library/Frameworks/Python.framework/Versions/3.13/lib/python3.13/site-packages/jinja2/environment.py:975: in _load_template
    template = self.loader.load(self, name, self.make_globals(globals))
/Library/Frameworks/Python.framework/Versions/3.13/lib/python3.13/site-packages/jinja2/loaders.py:138: in load
    code = environment.compile(source, name, filename)
/Library/Frameworks/Python.framework/Versions/3.13/lib/python3.13/site-packages/jinja2/environment.py:771: in compile
    self.handle_exception(source=source_hint)
/Library/Frameworks/Python.framework/Versions/3.13/lib/python3.13/site-packages/jinja2/environment.py:942: in handle_exception
    raise rewrite_traceback_stack(source=source)
src/templates/tcl/constraints.j2:95: in template
    puts $fp {{{ board_xdc_content }}}
E   jinja2.exceptions.TemplateSyntaxError: expected token ':', got '}'

The above exception was the direct cause of the following exception:
tests/test_pin_constraints.py:180: in test_template_syntax_valid
    result = self.renderer.render_template(template_name, self.test_context)
src/template_renderer.py:181: in render_template
    raise TemplateRenderError(error_msg) from e
E   src.template_renderer.TemplateRenderError: Failed to render template 'tcl/constraints.j2': expected token ':', got '}'

During handling of the above exception, another exception occurred:
tests/test_pin_constraints.py:184: in test_template_syntax_valid
    pytest.fail(f"Template {template_name} failed to render: {e}")
E   Failed: Template tcl/constraints.j2 failed to render: Failed to render template 'tcl/constraints.j2': expected token ':', got '}'</failure></testcase><testcase classname="tests.test_pin_constraints.TestPinConstraints" name="test_comprehensive_port_coverage" time="0.002"><failure message="src.template_renderer.TemplateRenderError: Failed to render template 'tcl/constraints.j2': expected token ':', got '}'">src/template_renderer.py:173: in render_template
    template = self.env.get_template(template_name)
/Library/Frameworks/Python.framework/Versions/3.13/lib/python3.13/site-packages/jinja2/environment.py:1016: in get_template
    return self._load_template(name, globals)
/Library/Frameworks/Python.framework/Versions/3.13/lib/python3.13/site-packages/jinja2/environment.py:975: in _load_template
    template = self.loader.load(self, name, self.make_globals(globals))
/Library/Frameworks/Python.framework/Versions/3.13/lib/python3.13/site-packages/jinja2/loaders.py:138: in load
    code = environment.compile(source, name, filename)
/Library/Frameworks/Python.framework/Versions/3.13/lib/python3.13/site-packages/jinja2/environment.py:771: in compile
    self.handle_exception(source=source_hint)
/Library/Frameworks/Python.framework/Versions/3.13/lib/python3.13/site-packages/jinja2/environment.py:942: in handle_exception
    raise rewrite_traceback_stack(source=source)
src/templates/tcl/constraints.j2:95: in template
    puts $fp {{{ board_xdc_content }}}
E   jinja2.exceptions.TemplateSyntaxError: expected token ':', got '}'

The above exception was the direct cause of the following exception:
tests/test_pin_constraints.py:188: in test_comprehensive_port_coverage
    result = self.renderer.render_template("tcl/constraints.j2", self.test_context)
src/template_renderer.py:181: in render_template
    raise TemplateRenderError(error_msg) from e
E   src.template_renderer.TemplateRenderError: Failed to render template 'tcl/constraints.j2': expected token ':', got '}'</failure></testcase><testcase classname="tests.test_production_mode.TestProductionMode" name="test_validate_production_mode_strict" time="0.001" /><testcase classname="tests.test_production_mode.TestProductionMode" name="test_validate_production_mode_development" time="0.001" /><testcase classname="tests.test_production_mode.TestProductionMode" name="test_validate_production_mode_invalid_config" time="0.001" /><testcase classname="tests.test_production_mode.TestProductionMode" name="test_scrape_driver_regs_production_mode" time="0.001" /><testcase classname="tests.test_production_mode.TestProductionMode" name="test_scrape_driver_regs_development_mode" time="0.001" /><testcase classname="tests.test_production_mode.TestProductionMode" name="test_integrate_behavior_profile_production_mode" time="0.001" /><testcase classname="tests.test_production_mode.TestProductionMode" name="test_integrate_behavior_profile_development_mode" time="0.001" /><testcase classname="tests.test_production_mode.TestProductionMode" name="test_scrape_driver_regs_production_failure" time="0.001" /><testcase classname="tests.test_production_mode.TestProductionMode" name="test_integrate_behavior_profile_production_failure" time="0.001" /><testcase classname="tests.test_production_mode.TestEnvironmentVariables" name="test_production_mode_env_var_true" time="0.001" /><testcase classname="tests.test_production_mode.TestEnvironmentVariables" name="test_production_mode_env_var_false" time="0.001" /><testcase classname="tests.test_production_mode.TestEnvironmentVariables" name="test_allow_mock_data_env_var_false" time="0.001" /><testcase classname="tests.test_production_mode.TestEnvironmentVariables" name="test_allow_mock_data_env_var_true" time="0.001" /><testcase classname="tests.test_production_mode_fallback.TestProductionModeFallback" name="test_safe_import_with_fallback_production_mode" time="0.002" /><testcase classname="tests.test_production_mode_fallback.TestProductionModeFallback" name="test_build_py_import_fallback_production_mode" time="0.001"><failure message="AttributeError: 'method' object has no attribute 'return_value' and no __dict__ for setting new attributes">tests/test_production_mode_fallback.py:55: in test_build_py_import_fallback_production_mode
    mock_path.return_value.exists.return_value = True
E   AttributeError: 'method' object has no attribute 'return_value' and no __dict__ for setting new attributes</failure></testcase><testcase classname="tests.test_production_mode_fallback.TestProductionModeFallback" name="test_tcl_builder_fallback_production_mode" time="0.002"><failure message="AttributeError: 'method' object has no attribute 'return_value' and no __dict__ for setting new attributes">tests/test_production_mode_fallback.py:83: in test_tcl_builder_fallback_production_mode
    mock_path.return_value.exists.return_value = True
E   AttributeError: 'method' object has no attribute 'return_value' and no __dict__ for setting new attributes</failure></testcase><testcase classname="tests.test_production_mode_fallback.TestProductionModeFallback" name="test_systemverilog_fallback_production_mode" time="0.001"><failure message="AttributeError: 'method' object has no attribute 'return_value' and no __dict__ for setting new attributes">tests/test_production_mode_fallback.py:103: in test_systemverilog_fallback_production_mode
    mock_path.return_value.exists.return_value = True
E   AttributeError: 'method' object has no attribute 'return_value' and no __dict__ for setting new attributes</failure></testcase><testcase classname="tests.test_production_mode_fallback.TestProductionModeFallback" name="test_config_space_fallback_production_mode" time="0.001"><failure message="AttributeError: 'method' object has no attribute 'return_value' and no __dict__ for setting new attributes">tests/test_production_mode_fallback.py:130: in test_config_space_fallback_production_mode
    mock_path.return_value.exists.return_value = True
E   AttributeError: 'method' object has no attribute 'return_value' and no __dict__ for setting new attributes</failure></testcase><testcase classname="tests.test_production_mode_fallback.TestProductionModeFallback" name="test_output_cleanup_on_error" time="0.001"><failure message="AttributeError: 'method' object has no attribute 'return_value' and no __dict__ for setting new attributes">tests/test_production_mode_fallback.py:157: in test_output_cleanup_on_error
    mock_path.return_value.exists.return_value = True
E   AttributeError: 'method' object has no attribute 'return_value' and no __dict__ for setting new attributes</failure></testcase><testcase classname="tests.test_repo_manager.TestRepoManager" name="test_clone_no_git" time="0.001" /><testcase classname="tests.test_repo_manager.TestRepoManager" name="test_clone_retry_logic" time="0.002" /><testcase classname="tests.test_repo_manager.TestRepoManager" name="test_clone_success" time="0.002" /><testcase classname="tests.test_repo_manager.TestRepoManager" name="test_ensure_repo_clone_new" time="0.002" /><testcase classname="tests.test_repo_manager.TestRepoManager" name="test_ensure_repo_existing_repo" time="0.001" /><testcase classname="tests.test_repo_manager.TestRepoManager" name="test_get_board_path_invalid_board" time="0.001" /><testcase classname="tests.test_repo_manager.TestRepoManager" name="test_get_board_path_missing_directory" time="0.001" /><testcase classname="tests.test_repo_manager.TestRepoManager" name="test_get_board_path_valid_board" time="0.001" /><testcase classname="tests.test_repo_manager.TestRepoManager" name="test_get_xdc_files_found" time="0.001" /><testcase classname="tests.test_repo_manager.TestRepoManager" name="test_get_xdc_files_not_found" time="0.001" /><testcase classname="tests.test_repo_manager.TestRepoManager" name="test_git_available_failure" time="0.001" /><testcase classname="tests.test_repo_manager.TestRepoManager" name="test_git_available_success" time="0.001" /><testcase classname="tests.test_repo_manager.TestRepoManager" name="test_is_valid_repo_no_git_dir" time="0.001" /><testcase classname="tests.test_repo_manager.TestRepoManager" name="test_is_valid_repo_with_git" time="0.001" /><testcase classname="tests.test_repo_manager.TestRepoManager" name="test_is_valid_repo_without_git" time="0.001" /><testcase classname="tests.test_repo_manager.TestRepoManager" name="test_maybe_update_fresh_repo" time="0.001" /><testcase classname="tests.test_repo_manager.TestRepoManager" name="test_maybe_update_no_git" time="0.001" /><testcase classname="tests.test_repo_manager.TestRepoManager" name="test_maybe_update_old_repo" time="0.002" /><testcase classname="tests.test_repo_manager.TestRepoManager" name="test_read_combined_xdc" time="0.001" /><testcase classname="tests.test_repo_manager.TestRepoManager" name="test_repo_constants" time="0.001" /><testcase classname="tests.test_repo_manager.TestRepoManagerIntegration" name="test_full_workflow_existing_repo" time="0.001" /><testcase classname="tests.test_repo_manager.TestRepoManagerIntegration" name="test_full_workflow_new_repo" time="0.001" /><testcase classname="tests.test_state_machine_extractor.TestStateTransition" name="test_state_transition_init" time="0.001" /><testcase classname="tests.test_state_machine_extractor.TestStateTransition" name="test_state_transition_init_with_custom_values" time="0.001" /><testcase classname="tests.test_state_machine_extractor.TestStateTransition" name="test_to_dict" time="0.001" /><testcase classname="tests.test_state_machine_extractor.TestStateMachine" name="test_state_machine_init" time="0.001" /><testcase classname="tests.test_state_machine_extractor.TestStateMachine" name="test_add_state" time="0.001" /><testcase classname="tests.test_state_machine_extractor.TestStateMachine" name="test_add_transition" time="0.001" /><testcase classname="tests.test_state_machine_extractor.TestStateMachine" name="test_calculate_complexity" time="0.001" /><testcase classname="tests.test_state_machine_extractor.TestStateMachine" name="test_to_dict" time="0.001" /><testcase classname="tests.test_state_machine_extractor.TestStateMachine" name="test_generate_systemverilog" time="0.001"><failure message="assert 'typedef enum logic' in &quot;\n    // State machine: {self.name}\n    {state_enum}\n\n    {self.name}_state_t {self.name}_current_state = {self.initial_state.upper() if self.initial_state else list(self.states)[0].upper()};\n    {self.name}_state_t {self.name}_next_state;\n\n    // State transition logic for {self.name}\n    always_ff @(posedge clk) begin\n        if (!reset_n) begin\n            {self.name}_current_state &lt;= {self.initial_state.upper() if self.initial_state else list(self.states)[0].upper()};\n        end else begin\n            {self.name}_current_state &lt;= {self.name}_next_state;\n        end\n    end\n\n    // Next state combinational logic for {self.name}\n    always_comb begin\n        {self.name}_next_state = {self.name}_current_state;\n        case ({self.name}_current_state)\n            ACTIVE: begin\n                if (data_ready) test_sm_next_state = DONE;\n            end\n            DONE: begin\n            end\n            IDLE: begin\n                if (bar_wr_en &amp;&amp; bar_addr == 32'h00001000) test_sm_next_state = ACTIVE;\n            end\n            default: {self.name}_next_state = {self.initial_state.upper() if self.initial_state else list(self.states)[0].upper()};\n        endcase\n    end&quot;">tests/test_state_machine_extractor.py:252: in test_generate_systemverilog
    assert "typedef enum logic" in sv_code
E   assert 'typedef enum logic' in "\n    // State machine: {self.name}\n    {state_enum}\n\n    {self.name}_state_t {self.name}_current_state = {self.initial_state.upper() if self.initial_state else list(self.states)[0].upper()};\n    {self.name}_state_t {self.name}_next_state;\n\n    // State transition logic for {self.name}\n    always_ff @(posedge clk) begin\n        if (!reset_n) begin\n            {self.name}_current_state &lt;= {self.initial_state.upper() if self.initial_state else list(self.states)[0].upper()};\n        end else begin\n            {self.name}_current_state &lt;= {self.name}_next_state;\n        end\n    end\n\n    // Next state combinational logic for {self.name}\n    always_comb begin\n        {self.name}_next_state = {self.name}_current_state;\n        case ({self.name}_current_state)\n            ACTIVE: begin\n                if (data_ready) test_sm_next_state = DONE;\n            end\n            DONE: begin\n            end\n            IDLE: begin\n                if (bar_wr_en &amp;&amp; bar_addr == 32'h00001000) test_sm_next_state = ACTIVE;\n            end\n            default: {self.name}_next_state = {self.initial_state.upper() if self.initial_state else list(self.states)[0].upper()};\n        endcase\n    end"</failure></testcase><testcase classname="tests.test_state_machine_extractor.TestStateMachine" name="test_generate_transition_condition" time="0.001" /><testcase classname="tests.test_state_machine_extractor.TestStateMachineExtractor" name="test_init" time="0.001" /><testcase classname="tests.test_state_machine_extractor.TestStateMachineExtractor" name="test_extract_functions" time="0.001" /><testcase classname="tests.test_state_machine_extractor.TestStateMachineExtractor" name="test_extract_explicit_state_machine_switch" time="0.002" /><testcase classname="tests.test_state_machine_extractor.TestStateMachineExtractor" name="test_extract_explicit_state_machine_if_chain" time="0.001" /><testcase classname="tests.test_state_machine_extractor.TestStateMachineExtractor" name="test_extract_implicit_state_machine" time="0.001" /><testcase classname="tests.test_state_machine_extractor.TestStateMachineExtractor" name="test_extract_global_state_machine" time="0.001" /><testcase classname="tests.test_state_machine_extractor.TestStateMachineExtractor" name="test_extract_transitions_from_code" time="0.001" /><testcase classname="tests.test_state_machine_extractor.TestStateMachineExtractor" name="test_find_delay_between_positions" time="0.001" /><testcase classname="tests.test_state_machine_extractor.TestStateMachineExtractor" name="test_categorize_function" time="0.001" /><testcase classname="tests.test_state_machine_extractor.TestStateMachineExtractor" name="test_get_state_type_for_category" time="0.001" /><testcase classname="tests.test_state_machine_extractor.TestStateMachineExtractor" name="test_optimize_state_machines" time="0.001" /><testcase classname="tests.test_state_machine_extractor.TestStateMachineExtractor" name="test_generate_analysis_report" time="0.001" /><testcase classname="tests.test_state_machine_extractor.TestStateMachineExtractor" name="test_extract_state_machines_integration" time="0.001" /><testcase classname="tests.test_sv_validation.TestSystemVerilogValidation" name="test_sv_module_structure_matches_example" time="0.136" /><testcase classname="tests.test_sv_validation.TestSystemVerilogValidation" name="test_sv_register_handling_matches_example" time="0.125" /><testcase classname="tests.test_sv_validation.TestSystemVerilogValidation" name="test_sv_clock_domain_handling" time="0.143" /><testcase classname="tests.test_sv_validation.TestSystemVerilogValidation" name="test_sv_interface_compatibility" time="0.144" /><testcase classname="tests.test_sv_validation.TestSystemVerilogValidation" name="test_sv_error_handling_compatibility" time="0.113" /><testcase classname="tests.test_sv_validation.TestAdvancedSVFeatureValidation" name="test_state_machine_generation" time="0.149" /><testcase classname="tests.test_sv_validation.TestAdvancedSVFeatureValidation" name="test_memory_interface_compatibility" time="0.142" /><testcase classname="tests.test_systemverilog_generation.TestSystemVerilogGeneration" name="test_advanced_sv_integration" time="0.001"><failure message="AttributeError: &lt;module 'src.build' from '/Users/ramseymcgrath/code/PCILeechFWGenerator/src/build.py'&gt; does not have the attribute 'ManufacturingVarianceSimulator'">tests/test_systemverilog_generation.py:28: in setUp
    patch("src.build.ManufacturingVarianceSimulator", None),
/Library/Frameworks/Python.framework/Versions/3.13/lib/python3.13/unittest/mock.py:1495: in __enter__
    original, local = self.get_original()
/Library/Frameworks/Python.framework/Versions/3.13/lib/python3.13/unittest/mock.py:1465: in get_original
    raise AttributeError(
E   AttributeError: &lt;module 'src.build' from '/Users/ramseymcgrath/code/PCILeechFWGenerator/src/build.py'&gt; does not have the attribute 'ManufacturingVarianceSimulator'</failure></testcase><testcase classname="tests.test_systemverilog_generation.TestSystemVerilogGeneration" name="test_bar_size_handling" time="0.001"><failure message="AttributeError: &lt;module 'src.build' from '/Users/ramseymcgrath/code/PCILeechFWGenerator/src/build.py'&gt; does not have the attribute 'ManufacturingVarianceSimulator'">tests/test_systemverilog_generation.py:28: in setUp
    patch("src.build.ManufacturingVarianceSimulator", None),
/Library/Frameworks/Python.framework/Versions/3.13/lib/python3.13/unittest/mock.py:1495: in __enter__
    original, local = self.get_original()
/Library/Frameworks/Python.framework/Versions/3.13/lib/python3.13/unittest/mock.py:1465: in get_original
    raise AttributeError(
E   AttributeError: &lt;module 'src.build' from '/Users/ramseymcgrath/code/PCILeechFWGenerator/src/build.py'&gt; does not have the attribute 'ManufacturingVarianceSimulator'</failure></testcase><testcase classname="tests.test_systemverilog_generation.TestSystemVerilogGeneration" name="test_behavior_profiling_integration" time="0.001"><failure message="AttributeError: &lt;module 'src.build' from '/Users/ramseymcgrath/code/PCILeechFWGenerator/src/build.py'&gt; does not have the attribute 'ManufacturingVarianceSimulator'">tests/test_systemverilog_generation.py:28: in setUp
    patch("src.build.ManufacturingVarianceSimulator", None),
/Library/Frameworks/Python.framework/Versions/3.13/lib/python3.13/unittest/mock.py:1495: in __enter__
    original, local = self.get_original()
/Library/Frameworks/Python.framework/Versions/3.13/lib/python3.13/unittest/mock.py:1465: in get_original
    raise AttributeError(
E   AttributeError: &lt;module 'src.build' from '/Users/ramseymcgrath/code/PCILeechFWGenerator/src/build.py'&gt; does not have the attribute 'ManufacturingVarianceSimulator'</failure></testcase><testcase classname="tests.test_systemverilog_generation.TestSystemVerilogGeneration" name="test_clock_domain_generation" time="0.001"><failure message="AttributeError: &lt;module 'src.build' from '/Users/ramseymcgrath/code/PCILeechFWGenerator/src/build.py'&gt; does not have the attribute 'ManufacturingVarianceSimulator'">tests/test_systemverilog_generation.py:28: in setUp
    patch("src.build.ManufacturingVarianceSimulator", None),
/Library/Frameworks/Python.framework/Versions/3.13/lib/python3.13/unittest/mock.py:1495: in __enter__
    original, local = self.get_original()
/Library/Frameworks/Python.framework/Versions/3.13/lib/python3.13/unittest/mock.py:1465: in get_original
    raise AttributeError(
E   AttributeError: &lt;module 'src.build' from '/Users/ramseymcgrath/code/PCILeechFWGenerator/src/build.py'&gt; does not have the attribute 'ManufacturingVarianceSimulator'</failure></testcase><testcase classname="tests.test_systemverilog_generation.TestSystemVerilogGeneration" name="test_configuration_space_shadow" time="0.001"><failure message="AttributeError: &lt;module 'src.build' from '/Users/ramseymcgrath/code/PCILeechFWGenerator/src/build.py'&gt; does not have the attribute 'ManufacturingVarianceSimulator'">tests/test_systemverilog_generation.py:28: in setUp
    patch("src.build.ManufacturingVarianceSimulator", None),
/Library/Frameworks/Python.framework/Versions/3.13/lib/python3.13/unittest/mock.py:1495: in __enter__
    original, local = self.get_original()
/Library/Frameworks/Python.framework/Versions/3.13/lib/python3.13/unittest/mock.py:1465: in get_original
    raise AttributeError(
E   AttributeError: &lt;module 'src.build' from '/Users/ramseymcgrath/code/PCILeechFWGenerator/src/build.py'&gt; does not have the attribute 'ManufacturingVarianceSimulator'</failure></testcase><testcase classname="tests.test_systemverilog_generation.TestSystemVerilogGeneration" name="test_device_specific_optimizations" time="0.001"><failure message="AttributeError: &lt;module 'src.build' from '/Users/ramseymcgrath/code/PCILeechFWGenerator/src/build.py'&gt; does not have the attribute 'ManufacturingVarianceSimulator'">tests/test_systemverilog_generation.py:28: in setUp
    patch("src.build.ManufacturingVarianceSimulator", None),
/Library/Frameworks/Python.framework/Versions/3.13/lib/python3.13/unittest/mock.py:1495: in __enter__
    original, local = self.get_original()
/Library/Frameworks/Python.framework/Versions/3.13/lib/python3.13/unittest/mock.py:1465: in get_original
    raise AttributeError(
E   AttributeError: &lt;module 'src.build' from '/Users/ramseymcgrath/code/PCILeechFWGenerator/src/build.py'&gt; does not have the attribute 'ManufacturingVarianceSimulator'</failure></testcase><testcase classname="tests.test_systemverilog_generation.TestSystemVerilogGeneration" name="test_error_handling_in_systemverilog" time="0.001"><failure message="AttributeError: &lt;module 'src.build' from '/Users/ramseymcgrath/code/PCILeechFWGenerator/src/build.py'&gt; does not have the attribute 'ManufacturingVarianceSimulator'">tests/test_systemverilog_generation.py:28: in setUp
    patch("src.build.ManufacturingVarianceSimulator", None),
/Library/Frameworks/Python.framework/Versions/3.13/lib/python3.13/unittest/mock.py:1495: in __enter__
    original, local = self.get_original()
/Library/Frameworks/Python.framework/Versions/3.13/lib/python3.13/unittest/mock.py:1465: in get_original
    raise AttributeError(
E   AttributeError: &lt;module 'src.build' from '/Users/ramseymcgrath/code/PCILeechFWGenerator/src/build.py'&gt; does not have the attribute 'ManufacturingVarianceSimulator'</failure></testcase><testcase classname="tests.test_systemverilog_generation.TestSystemVerilogGeneration" name="test_error_recovery_in_generation" time="0.001"><failure message="AttributeError: &lt;module 'src.build' from '/Users/ramseymcgrath/code/PCILeechFWGenerator/src/build.py'&gt; does not have the attribute 'ManufacturingVarianceSimulator'">tests/test_systemverilog_generation.py:28: in setUp
    patch("src.build.ManufacturingVarianceSimulator", None),
/Library/Frameworks/Python.framework/Versions/3.13/lib/python3.13/unittest/mock.py:1495: in __enter__
    original, local = self.get_original()
/Library/Frameworks/Python.framework/Versions/3.13/lib/python3.13/unittest/mock.py:1465: in get_original
    raise AttributeError(
E   AttributeError: &lt;module 'src.build' from '/Users/ramseymcgrath/code/PCILeechFWGenerator/src/build.py'&gt; does not have the attribute 'ManufacturingVarianceSimulator'</failure></testcase><testcase classname="tests.test_systemverilog_generation.TestSystemVerilogGeneration" name="test_generate_device_config_module_basic" time="0.001"><failure message="AttributeError: &lt;module 'src.build' from '/Users/ramseymcgrath/code/PCILeechFWGenerator/src/build.py'&gt; does not have the attribute 'ManufacturingVarianceSimulator'">tests/test_systemverilog_generation.py:28: in setUp
    patch("src.build.ManufacturingVarianceSimulator", None),
/Library/Frameworks/Python.framework/Versions/3.13/lib/python3.13/unittest/mock.py:1495: in __enter__
    original, local = self.get_original()
/Library/Frameworks/Python.framework/Versions/3.13/lib/python3.13/unittest/mock.py:1465: in get_original
    raise AttributeError(
E   AttributeError: &lt;module 'src.build' from '/Users/ramseymcgrath/code/PCILeechFWGenerator/src/build.py'&gt; does not have the attribute 'ManufacturingVarianceSimulator'</failure></testcase><testcase classname="tests.test_systemverilog_generation.TestSystemVerilogGeneration" name="test_generate_device_config_module_with_msix" time="0.001"><failure message="AttributeError: &lt;module 'src.build' from '/Users/ramseymcgrath/code/PCILeechFWGenerator/src/build.py'&gt; does not have the attribute 'ManufacturingVarianceSimulator'">tests/test_systemverilog_generation.py:28: in setUp
    patch("src.build.ManufacturingVarianceSimulator", None),
/Library/Frameworks/Python.framework/Versions/3.13/lib/python3.13/unittest/mock.py:1495: in __enter__
    original, local = self.get_original()
/Library/Frameworks/Python.framework/Versions/3.13/lib/python3.13/unittest/mock.py:1465: in get_original
    raise AttributeError(
E   AttributeError: &lt;module 'src.build' from '/Users/ramseymcgrath/code/PCILeechFWGenerator/src/build.py'&gt; does not have the attribute 'ManufacturingVarianceSimulator'</failure></testcase><testcase classname="tests.test_systemverilog_generation.TestSystemVerilogGeneration" name="test_generate_top_level_wrapper_basic" time="0.001"><failure message="AttributeError: &lt;module 'src.build' from '/Users/ramseymcgrath/code/PCILeechFWGenerator/src/build.py'&gt; does not have the attribute 'ManufacturingVarianceSimulator'">tests/test_systemverilog_generation.py:28: in setUp
    patch("src.build.ManufacturingVarianceSimulator", None),
/Library/Frameworks/Python.framework/Versions/3.13/lib/python3.13/unittest/mock.py:1495: in __enter__
    original, local = self.get_original()
/Library/Frameworks/Python.framework/Versions/3.13/lib/python3.13/unittest/mock.py:1465: in get_original
    raise AttributeError(
E   AttributeError: &lt;module 'src.build' from '/Users/ramseymcgrath/code/PCILeechFWGenerator/src/build.py'&gt; does not have the attribute 'ManufacturingVarianceSimulator'</failure></testcase><testcase classname="tests.test_systemverilog_generation.TestSystemVerilogGeneration" name="test_generate_top_level_wrapper_with_advanced_features" time="0.001"><failure message="AttributeError: &lt;module 'src.build' from '/Users/ramseymcgrath/code/PCILeechFWGenerator/src/build.py'&gt; does not have the attribute 'ManufacturingVarianceSimulator'">tests/test_systemverilog_generation.py:28: in setUp
    patch("src.build.ManufacturingVarianceSimulator", None),
/Library/Frameworks/Python.framework/Versions/3.13/lib/python3.13/unittest/mock.py:1495: in __enter__
    original, local = self.get_original()
/Library/Frameworks/Python.framework/Versions/3.13/lib/python3.13/unittest/mock.py:1465: in get_original
    raise AttributeError(
E   AttributeError: &lt;module 'src.build' from '/Users/ramseymcgrath/code/PCILeechFWGenerator/src/build.py'&gt; does not have the attribute 'ManufacturingVarianceSimulator'</failure></testcase><testcase classname="tests.test_systemverilog_generation.TestSystemVerilogGeneration" name="test_interrupt_handling_generation" time="0.001"><failure message="AttributeError: &lt;module 'src.build' from '/Users/ramseymcgrath/code/PCILeechFWGenerator/src/build.py'&gt; does not have the attribute 'ManufacturingVarianceSimulator'">tests/test_systemverilog_generation.py:28: in setUp
    patch("src.build.ManufacturingVarianceSimulator", None),
/Library/Frameworks/Python.framework/Versions/3.13/lib/python3.13/unittest/mock.py:1495: in __enter__
    original, local = self.get_original()
/Library/Frameworks/Python.framework/Versions/3.13/lib/python3.13/unittest/mock.py:1465: in get_original
    raise AttributeError(
E   AttributeError: &lt;module 'src.build' from '/Users/ramseymcgrath/code/PCILeechFWGenerator/src/build.py'&gt; does not have the attribute 'ManufacturingVarianceSimulator'</failure></testcase><testcase classname="tests.test_systemverilog_generation.TestSystemVerilogGeneration" name="test_manufacturing_variance_integration" time="0.001"><failure message="AttributeError: &lt;module 'src.build' from '/Users/ramseymcgrath/code/PCILeechFWGenerator/src/build.py'&gt; does not have the attribute 'ManufacturingVarianceSimulator'">tests/test_systemverilog_generation.py:28: in setUp
    patch("src.build.ManufacturingVarianceSimulator", None),
/Library/Frameworks/Python.framework/Versions/3.13/lib/python3.13/unittest/mock.py:1495: in __enter__
    original, local = self.get_original()
/Library/Frameworks/Python.framework/Versions/3.13/lib/python3.13/unittest/mock.py:1465: in get_original
    raise AttributeError(
E   AttributeError: &lt;module 'src.build' from '/Users/ramseymcgrath/code/PCILeechFWGenerator/src/build.py'&gt; does not have the attribute 'ManufacturingVarianceSimulator'</failure></testcase><testcase classname="tests.test_systemverilog_generation.TestSystemVerilogGeneration" name="test_memory_interface_generation" time="0.001"><failure message="AttributeError: &lt;module 'src.build' from '/Users/ramseymcgrath/code/PCILeechFWGenerator/src/build.py'&gt; does not have the attribute 'ManufacturingVarianceSimulator'">tests/test_systemverilog_generation.py:28: in setUp
    patch("src.build.ManufacturingVarianceSimulator", None),
/Library/Frameworks/Python.framework/Versions/3.13/lib/python3.13/unittest/mock.py:1495: in __enter__
    original, local = self.get_original()
/Library/Frameworks/Python.framework/Versions/3.13/lib/python3.13/unittest/mock.py:1465: in get_original
    raise AttributeError(
E   AttributeError: &lt;module 'src.build' from '/Users/ramseymcgrath/code/PCILeechFWGenerator/src/build.py'&gt; does not have the attribute 'ManufacturingVarianceSimulator'</failure></testcase><testcase classname="tests.test_systemverilog_generation.TestSystemVerilogGeneration" name="test_power_management_integration" time="0.001"><failure message="AttributeError: &lt;module 'src.build' from '/Users/ramseymcgrath/code/PCILeechFWGenerator/src/build.py'&gt; does not have the attribute 'ManufacturingVarianceSimulator'">tests/test_systemverilog_generation.py:28: in setUp
    patch("src.build.ManufacturingVarianceSimulator", None),
/Library/Frameworks/Python.framework/Versions/3.13/lib/python3.13/unittest/mock.py:1495: in __enter__
    original, local = self.get_original()
/Library/Frameworks/Python.framework/Versions/3.13/lib/python3.13/unittest/mock.py:1465: in get_original
    raise AttributeError(
E   AttributeError: &lt;module 'src.build' from '/Users/ramseymcgrath/code/PCILeechFWGenerator/src/build.py'&gt; does not have the attribute 'ManufacturingVarianceSimulator'</failure></testcase><testcase classname="tests.test_systemverilog_generation.TestSystemVerilogGeneration" name="test_register_logic_generation" time="0.001"><failure message="AttributeError: &lt;module 'src.build' from '/Users/ramseymcgrath/code/PCILeechFWGenerator/src/build.py'&gt; does not have the attribute 'ManufacturingVarianceSimulator'">tests/test_systemverilog_generation.py:28: in setUp
    patch("src.build.ManufacturingVarianceSimulator", None),
/Library/Frameworks/Python.framework/Versions/3.13/lib/python3.13/unittest/mock.py:1495: in __enter__
    original, local = self.get_original()
/Library/Frameworks/Python.framework/Versions/3.13/lib/python3.13/unittest/mock.py:1465: in get_original
    raise AttributeError(
E   AttributeError: &lt;module 'src.build' from '/Users/ramseymcgrath/code/PCILeechFWGenerator/src/build.py'&gt; does not have the attribute 'ManufacturingVarianceSimulator'</failure></testcase><testcase classname="tests.test_systemverilog_generation.TestSystemVerilogGeneration" name="test_systemverilog_file_discovery" time="0.001"><failure message="AttributeError: &lt;module 'src.build' from '/Users/ramseymcgrath/code/PCILeechFWGenerator/src/build.py'&gt; does not have the attribute 'ManufacturingVarianceSimulator'">tests/test_systemverilog_generation.py:28: in setUp
    patch("src.build.ManufacturingVarianceSimulator", None),
/Library/Frameworks/Python.framework/Versions/3.13/lib/python3.13/unittest/mock.py:1495: in __enter__
    original, local = self.get_original()
/Library/Frameworks/Python.framework/Versions/3.13/lib/python3.13/unittest/mock.py:1465: in get_original
    raise AttributeError(
E   AttributeError: &lt;module 'src.build' from '/Users/ramseymcgrath/code/PCILeechFWGenerator/src/build.py'&gt; does not have the attribute 'ManufacturingVarianceSimulator'</failure></testcase><testcase classname="tests.test_systemverilog_generation.TestSystemVerilogGeneration" name="test_systemverilog_file_generation_integration" time="0.001"><failure message="AttributeError: &lt;module 'src.build' from '/Users/ramseymcgrath/code/PCILeechFWGenerator/src/build.py'&gt; does not have the attribute 'ManufacturingVarianceSimulator'">tests/test_systemverilog_generation.py:28: in setUp
    patch("src.build.ManufacturingVarianceSimulator", None),
/Library/Frameworks/Python.framework/Versions/3.13/lib/python3.13/unittest/mock.py:1495: in __enter__
    original, local = self.get_original()
/Library/Frameworks/Python.framework/Versions/3.13/lib/python3.13/unittest/mock.py:1465: in get_original
    raise AttributeError(
E   AttributeError: &lt;module 'src.build' from '/Users/ramseymcgrath/code/PCILeechFWGenerator/src/build.py'&gt; does not have the attribute 'ManufacturingVarianceSimulator'</failure></testcase><testcase classname="tests.test_systemverilog_generation.TestSystemVerilogGeneration" name="test_systemverilog_syntax_validation" time="0.001"><failure message="AttributeError: &lt;module 'src.build' from '/Users/ramseymcgrath/code/PCILeechFWGenerator/src/build.py'&gt; does not have the attribute 'ManufacturingVarianceSimulator'">tests/test_systemverilog_generation.py:28: in setUp
    patch("src.build.ManufacturingVarianceSimulator", None),
/Library/Frameworks/Python.framework/Versions/3.13/lib/python3.13/unittest/mock.py:1495: in __enter__
    original, local = self.get_original()
/Library/Frameworks/Python.framework/Versions/3.13/lib/python3.13/unittest/mock.py:1465: in get_original
    raise AttributeError(
E   AttributeError: &lt;module 'src.build' from '/Users/ramseymcgrath/code/PCILeechFWGenerator/src/build.py'&gt; does not have the attribute 'ManufacturingVarianceSimulator'</failure></testcase><testcase classname="tests.test_systemverilog_generation.TestSystemVerilogValidation" name="test_always_block_validation" time="0.001" /><testcase classname="tests.test_systemverilog_generation.TestSystemVerilogValidation" name="test_case_statement_validation" time="0.001" /><testcase classname="tests.test_systemverilog_generation.TestSystemVerilogValidation" name="test_module_structure_validation" time="0.001" /><testcase classname="tests.test_systemverilog_generation.TestSystemVerilogValidation" name="test_parameter_validation" time="0.001" /><testcase classname="tests.test_systemverilog_generation.TestSystemVerilogValidation" name="test_signal_declaration_validation" time="0.001" /><testcase classname="tests.test_tcl_builder.TestTCLBuilderInitialization" name="test_init_with_custom_directories" time="0.002" /><testcase classname="tests.test_tcl_builder.TestTCLBuilderInitialization" name="test_init_with_default_directories" time="0.001"><failure message="AttributeError: &lt;module 'tcl_builder' from '/Users/ramseymcgrath/code/PCILeechFWGenerator/src/tcl_builder.py'&gt; does not have the attribute 'TemplateRenderer'">tests/test_tcl_builder.py:152: in test_init_with_default_directories
    with patch("tcl_builder.TemplateRenderer") as mock_renderer:
/Library/Frameworks/Python.framework/Versions/3.13/lib/python3.13/unittest/mock.py:1495: in __enter__
    original, local = self.get_original()
/Library/Frameworks/Python.framework/Versions/3.13/lib/python3.13/unittest/mock.py:1465: in get_original
    raise AttributeError(
E   AttributeError: &lt;module 'tcl_builder' from '/Users/ramseymcgrath/code/PCILeechFWGenerator/src/tcl_builder.py'&gt; does not have the attribute 'TemplateRenderer'</failure></testcase><testcase classname="tests.test_tcl_builder.TestTCLBuilderInitialization" name="test_init_creates_output_directory" time="0.001" /><testcase classname="tests.test_tcl_builder.TestContextPreparation" name="test_prepare_base_context_with_known_board" time="0.002"><failure message="AttributeError: &lt;module 'tcl_builder' from '/Users/ramseymcgrath/code/PCILeechFWGenerator/src/tcl_builder.py'&gt; does not have the attribute 'BOARD_PARTS'">tests/test_tcl_builder.py:174: in test_prepare_base_context_with_known_board
    with patch("tcl_builder.BOARD_PARTS", {"test_board": "xc7a35tcsg324-2"}):
/Library/Frameworks/Python.framework/Versions/3.13/lib/python3.13/unittest/mock.py:1495: in __enter__
    original, local = self.get_original()
/Library/Frameworks/Python.framework/Versions/3.13/lib/python3.13/unittest/mock.py:1465: in get_original
    raise AttributeError(
E   AttributeError: &lt;module 'tcl_builder' from '/Users/ramseymcgrath/code/PCILeechFWGenerator/src/tcl_builder.py'&gt; does not have the attribute 'BOARD_PARTS'</failure></testcase><testcase classname="tests.test_tcl_builder.TestContextPreparation" name="test_prepare_base_context_with_explicit_fpga_part" time="0.002"><failure message="AttributeError: 'TCLBuilder' object has no attribute 'prepare_base_context'. Did you mean: 'create_build_context'?">tests/test_tcl_builder.py:190: in test_prepare_base_context_with_explicit_fpga_part
    context = tcl_builder.prepare_base_context(
E   AttributeError: 'TCLBuilder' object has no attribute 'prepare_base_context'. Did you mean: 'create_build_context'?</failure></testcase><testcase classname="tests.test_tcl_builder.TestContextPreparation" name="test_prepare_base_context_with_default_values" time="0.002"><failure message="AttributeError: &lt;module 'tcl_builder' from '/Users/ramseymcgrath/code/PCILeechFWGenerator/src/tcl_builder.py'&gt; does not have the attribute 'DEFAULT_FPGA_PART'">tests/test_tcl_builder.py:199: in test_prepare_base_context_with_default_values
    with patch("tcl_builder.DEFAULT_FPGA_PART", "xc7a35tcsg324-2"):
/Library/Frameworks/Python.framework/Versions/3.13/lib/python3.13/unittest/mock.py:1495: in __enter__
    original, local = self.get_original()
/Library/Frameworks/Python.framework/Versions/3.13/lib/python3.13/unittest/mock.py:1465: in get_original
    raise AttributeError(
E   AttributeError: &lt;module 'tcl_builder' from '/Users/ramseymcgrath/code/PCILeechFWGenerator/src/tcl_builder.py'&gt; does not have the attribute 'DEFAULT_FPGA_PART'</failure></testcase><testcase classname="tests.test_tcl_builder.TestContextPreparation" name="test_prepare_base_context_invalid_fpga_part" time="0.002"><failure message="AttributeError: &lt;module 'tcl_builder' from '/Users/ramseymcgrath/code/PCILeechFWGenerator/src/tcl_builder.py'&gt; does not have the attribute 'validate_fpga_part'">tests/test_tcl_builder.py:209: in test_prepare_base_context_invalid_fpga_part
    patch("tcl_builder.validate_fpga_part", return_value=False),
/Library/Frameworks/Python.framework/Versions/3.13/lib/python3.13/unittest/mock.py:1495: in __enter__
    original, local = self.get_original()
/Library/Frameworks/Python.framework/Versions/3.13/lib/python3.13/unittest/mock.py:1465: in get_original
    raise AttributeError(
E   AttributeError: &lt;module 'tcl_builder' from '/Users/ramseymcgrath/code/PCILeechFWGenerator/src/tcl_builder.py'&gt; does not have the attribute 'validate_fpga_part'</failure></testcase><testcase classname="tests.test_tcl_builder.TestContextPreparation" name="test_prepare_base_context_fpga_strategy_integration" time="0.002"><failure message="AttributeError: 'TCLBuilder' object has no attribute 'prepare_base_context'. Did you mean: 'create_build_context'?">tests/test_tcl_builder.py:221: in test_prepare_base_context_fpga_strategy_integration
    context = tcl_builder.prepare_base_context(
E   AttributeError: 'TCLBuilder' object has no attribute 'prepare_base_context'. Did you mean: 'create_build_context'?</failure></testcase><testcase classname="tests.test_tcl_builder.TestTCLGenerationMethods" name="test_build_project_setup_tcl_with_template" time="0.002"><failure message="AttributeError: 'TCLBuilder' object has no attribute 'build_project_setup_tcl'">tests/test_tcl_builder.py:240: in test_build_project_setup_tcl_with_template
    result = tcl_builder.build_project_setup_tcl(context)
E   AttributeError: 'TCLBuilder' object has no attribute 'build_project_setup_tcl'</failure></testcase><testcase classname="tests.test_tcl_builder.TestTCLGenerationMethods" name="test_build_project_setup_tcl_fallback" time="0.002"><failure message="AttributeError: 'TCLBuilder' object has no attribute 'build_project_setup_tcl'">tests/test_tcl_builder.py:255: in test_build_project_setup_tcl_fallback
    result = tcl_builder.build_project_setup_tcl(context)
E   AttributeError: 'TCLBuilder' object has no attribute 'build_project_setup_tcl'</failure></testcase><testcase classname="tests.test_tcl_builder.TestTCLGenerationMethods" name="test_build_ip_config_tcl_with_template" time="0.002"><failure message="AttributeError: 'TCLBuilder' object has no attribute 'build_ip_config_tcl'">tests/test_tcl_builder.py:271: in test_build_ip_config_tcl_with_template
    result = tcl_builder.build_ip_config_tcl(context)
E   AttributeError: 'TCLBuilder' object has no attribute 'build_ip_config_tcl'</failure></testcase><testcase classname="tests.test_tcl_builder.TestTCLGenerationMethods" name="test_build_sources_tcl_with_files" time="0.002"><failure message="AttributeError: 'dict' object has no attribute 'to_template_context'">tests/test_tcl_builder.py:283: in test_build_sources_tcl_with_files
    result = tcl_builder.build_sources_tcl(context, source_files)
src/tcl_builder.py:563: in build_sources_tcl
    template_context = context.to_template_context()
E   AttributeError: 'dict' object has no attribute 'to_template_context'</failure></testcase><testcase classname="tests.test_tcl_builder.TestTCLGenerationMethods" name="test_build_sources_tcl_no_files" time="0.002"><failure message="AttributeError: 'dict' object has no attribute 'to_template_context'">tests/test_tcl_builder.py:293: in test_build_sources_tcl_no_files
    result = tcl_builder.build_sources_tcl(context, [])
src/tcl_builder.py:563: in build_sources_tcl
    template_context = context.to_template_context()
E   AttributeError: 'dict' object has no attribute 'to_template_context'</failure></testcase><testcase classname="tests.test_tcl_builder.TestTCLGenerationMethods" name="test_build_constraints_tcl_with_files" time="0.002"><failure message="AttributeError: 'dict' object has no attribute 'to_template_context'">tests/test_tcl_builder.py:303: in test_build_constraints_tcl_with_files
    result = tcl_builder.build_constraints_tcl(context, constraint_files)
src/tcl_builder.py:538: in build_constraints_tcl
    template_context = context.to_template_context()
E   AttributeError: 'dict' object has no attribute 'to_template_context'</failure></testcase><testcase classname="tests.test_tcl_builder.TestTCLGenerationMethods" name="test_build_synthesis_tcl" time="0.002"><failure message="AttributeError: 'TCLBuilder' object has no attribute 'build_synthesis_tcl'. Did you mean: 'build_sources_tcl'?">tests/test_tcl_builder.py:313: in test_build_synthesis_tcl
    result = tcl_builder.build_synthesis_tcl(context)
E   AttributeError: 'TCLBuilder' object has no attribute 'build_synthesis_tcl'. Did you mean: 'build_sources_tcl'?</failure></testcase><testcase classname="tests.test_tcl_builder.TestTCLGenerationMethods" name="test_build_implementation_tcl" time="0.002"><failure message="AttributeError: 'TCLBuilder' object has no attribute 'build_implementation_tcl'">tests/test_tcl_builder.py:322: in test_build_implementation_tcl
    result = tcl_builder.build_implementation_tcl(context)
E   AttributeError: 'TCLBuilder' object has no attribute 'build_implementation_tcl'</failure></testcase><testcase classname="tests.test_tcl_builder.TestTCLGenerationMethods" name="test_build_bitstream_tcl" time="0.002"><failure message="AttributeError: 'TCLBuilder' object has no attribute 'build_bitstream_tcl'. Did you mean: 'build_master_tcl'?">tests/test_tcl_builder.py:331: in test_build_bitstream_tcl
    result = tcl_builder.build_bitstream_tcl(context)
E   AttributeError: 'TCLBuilder' object has no attribute 'build_bitstream_tcl'. Did you mean: 'build_master_tcl'?</failure></testcase><testcase classname="tests.test_tcl_builder.TestTCLGenerationMethods" name="test_build_master_tcl" time="0.002"><failure message="AttributeError: &lt;module 'tcl_builder' from '/Users/ramseymcgrath/code/PCILeechFWGenerator/src/tcl_builder.py'&gt; does not have the attribute 'TCL_SCRIPT_FILES'">tests/test_tcl_builder.py:338: in test_build_master_tcl
    with patch("tcl_builder.TCL_SCRIPT_FILES", ["script1.tcl", "script2.tcl"]):
/Library/Frameworks/Python.framework/Versions/3.13/lib/python3.13/unittest/mock.py:1495: in __enter__
    original, local = self.get_original()
/Library/Frameworks/Python.framework/Versions/3.13/lib/python3.13/unittest/mock.py:1465: in get_original
    raise AttributeError(
E   AttributeError: &lt;module 'tcl_builder' from '/Users/ramseymcgrath/code/PCILeechFWGenerator/src/tcl_builder.py'&gt; does not have the attribute 'TCL_SCRIPT_FILES'</failure></testcase><testcase classname="tests.test_tcl_builder.TestFallbackMethods" name="test_fallback_project_setup" time="0.002"><failure message="AttributeError: 'TCLBuilder' object has no attribute '_fallback_project_setup'">tests/test_tcl_builder.py:356: in test_fallback_project_setup
    result = tcl_builder._fallback_project_setup(context)
E   AttributeError: 'TCLBuilder' object has no attribute '_fallback_project_setup'</failure></testcase><testcase classname="tests.test_tcl_builder.TestFallbackMethods" name="test_fallback_ip_config" time="0.002"><failure message="AttributeError: 'TCLBuilder' object has no attribute '_fallback_ip_config'">tests/test_tcl_builder.py:372: in test_fallback_ip_config
    result = tcl_builder._fallback_ip_config(context)
E   AttributeError: 'TCLBuilder' object has no attribute '_fallback_ip_config'</failure></testcase><testcase classname="tests.test_tcl_builder.TestFallbackMethods" name="test_fallback_sources" time="0.002"><failure message="AttributeError: 'TCLBuilder' object has no attribute '_fallback_sources'">tests/test_tcl_builder.py:383: in test_fallback_sources
    result = tcl_builder._fallback_sources(context)
E   AttributeError: 'TCLBuilder' object has no attribute '_fallback_sources'</failure></testcase><testcase classname="tests.test_tcl_builder.TestFallbackMethods" name="test_fallback_constraints" time="0.002"><failure message="AttributeError: 'TCLBuilder' object has no attribute '_fallback_constraints'">tests/test_tcl_builder.py:393: in test_fallback_constraints
    result = tcl_builder._fallback_constraints(context)
E   AttributeError: 'TCLBuilder' object has no attribute '_fallback_constraints'</failure></testcase><testcase classname="tests.test_tcl_builder.TestFallbackMethods" name="test_fallback_synthesis" time="0.002"><failure message="AttributeError: 'TCLBuilder' object has no attribute '_fallback_synthesis'">tests/test_tcl_builder.py:403: in test_fallback_synthesis
    result = tcl_builder._fallback_synthesis(context)
E   AttributeError: 'TCLBuilder' object has no attribute '_fallback_synthesis'</failure></testcase><testcase classname="tests.test_tcl_builder.TestFallbackMethods" name="test_fallback_implementation" time="0.002"><failure message="AttributeError: 'TCLBuilder' object has no attribute '_fallback_implementation'">tests/test_tcl_builder.py:413: in test_fallback_implementation
    result = tcl_builder._fallback_implementation(context)
E   AttributeError: 'TCLBuilder' object has no attribute '_fallback_implementation'</failure></testcase><testcase classname="tests.test_tcl_builder.TestFallbackMethods" name="test_fallback_bitstream" time="0.002"><failure message="AttributeError: 'TCLBuilder' object has no attribute '_fallback_bitstream'">tests/test_tcl_builder.py:423: in test_fallback_bitstream
    result = tcl_builder._fallback_bitstream(context)
E   AttributeError: 'TCLBuilder' object has no attribute '_fallback_bitstream'</failure></testcase><testcase classname="tests.test_tcl_builder.TestFallbackMethods" name="test_fallback_master_build" time="0.002"><failure message="AttributeError: &lt;module 'tcl_builder' from '/Users/ramseymcgrath/code/PCILeechFWGenerator/src/tcl_builder.py'&gt; does not have the attribute 'TCL_SCRIPT_FILES'">tests/test_tcl_builder.py:431: in test_fallback_master_build
    with patch("tcl_builder.TCL_SCRIPT_FILES", ["script1.tcl", "script2.tcl"]):
/Library/Frameworks/Python.framework/Versions/3.13/lib/python3.13/unittest/mock.py:1495: in __enter__
    original, local = self.get_original()
/Library/Frameworks/Python.framework/Versions/3.13/lib/python3.13/unittest/mock.py:1465: in get_original
    raise AttributeError(
E   AttributeError: &lt;module 'tcl_builder' from '/Users/ramseymcgrath/code/PCILeechFWGenerator/src/tcl_builder.py'&gt; does not have the attribute 'TCL_SCRIPT_FILES'</failure></testcase><testcase classname="tests.test_tcl_builder.TestBuildAllTclScripts" name="test_build_all_tcl_scripts_success" time="0.002"><failure message="AttributeError: &lt;module 'tcl_builder' from '/Users/ramseymcgrath/code/PCILeechFWGenerator/src/tcl_builder.py'&gt; does not have the attribute 'TCL_SCRIPT_FILES'">tests/test_tcl_builder.py:454: in test_build_all_tcl_scripts_success
    patch("tcl_builder.TCL_SCRIPT_FILES", ["project.tcl", "ip.tcl"]),
/Library/Frameworks/Python.framework/Versions/3.13/lib/python3.13/unittest/mock.py:1495: in __enter__
    original, local = self.get_original()
/Library/Frameworks/Python.framework/Versions/3.13/lib/python3.13/unittest/mock.py:1465: in get_original
    raise AttributeError(
E   AttributeError: &lt;module 'tcl_builder' from '/Users/ramseymcgrath/code/PCILeechFWGenerator/src/tcl_builder.py'&gt; does not have the attribute 'TCL_SCRIPT_FILES'</failure></testcase><testcase classname="tests.test_tcl_builder.TestBuildAllTclScripts" name="test_build_all_tcl_scripts_with_source_files" time="0.002"><failure message="AttributeError: &lt;module 'tcl_builder' from '/Users/ramseymcgrath/code/PCILeechFWGenerator/src/tcl_builder.py'&gt; does not have the attribute 'batch_write_tcl_files'">tests/test_tcl_builder.py:480: in test_build_all_tcl_scripts_with_source_files
    with patch("tcl_builder.batch_write_tcl_files") as mock_batch_write:
/Library/Frameworks/Python.framework/Versions/3.13/lib/python3.13/unittest/mock.py:1495: in __enter__
    original, local = self.get_original()
/Library/Frameworks/Python.framework/Versions/3.13/lib/python3.13/unittest/mock.py:1465: in get_original
    raise AttributeError(
E   AttributeError: &lt;module 'tcl_builder' from '/Users/ramseymcgrath/code/PCILeechFWGenerator/src/tcl_builder.py'&gt; does not have the attribute 'batch_write_tcl_files'</failure></testcase><testcase classname="tests.test_tcl_builder.TestBuildAllTclScripts" name="test_build_all_tcl_scripts_auto_detect_fpga_part" time="0.002"><failure message="AttributeError: &lt;module 'tcl_builder' from '/Users/ramseymcgrath/code/PCILeechFWGenerator/src/tcl_builder.py'&gt; does not have the attribute 'BOARD_PARTS'">tests/test_tcl_builder.py:500: in test_build_all_tcl_scripts_auto_detect_fpga_part
    patch("tcl_builder.BOARD_PARTS", {"test_board": "xc7a75tfgg484-2"}),
/Library/Frameworks/Python.framework/Versions/3.13/lib/python3.13/unittest/mock.py:1495: in __enter__
    original, local = self.get_original()
/Library/Frameworks/Python.framework/Versions/3.13/lib/python3.13/unittest/mock.py:1465: in get_original
    raise AttributeError(
E   AttributeError: &lt;module 'tcl_builder' from '/Users/ramseymcgrath/code/PCILeechFWGenerator/src/tcl_builder.py'&gt; does not have the attribute 'BOARD_PARTS'</failure></testcase><testcase classname="tests.test_tcl_builder.TestBuildAllTclScripts" name="test_build_all_tcl_scripts_partial_failure" time="0.002"><failure message="AttributeError: &lt;module 'tcl_builder' from '/Users/ramseymcgrath/code/PCILeechFWGenerator/src/tcl_builder.py'&gt; does not have the attribute 'batch_write_tcl_files'">tests/test_tcl_builder.py:513: in test_build_all_tcl_scripts_partial_failure
    with patch("tcl_builder.batch_write_tcl_files") as mock_batch_write:
/Library/Frameworks/Python.framework/Versions/3.13/lib/python3.13/unittest/mock.py:1495: in __enter__
    original, local = self.get_original()
/Library/Frameworks/Python.framework/Versions/3.13/lib/python3.13/unittest/mock.py:1465: in get_original
    raise AttributeError(
E   AttributeError: &lt;module 'tcl_builder' from '/Users/ramseymcgrath/code/PCILeechFWGenerator/src/tcl_builder.py'&gt; does not have the attribute 'batch_write_tcl_files'</failure></testcase><testcase classname="tests.test_tcl_builder.TestUtilityMethods" name="test_get_generated_files" time="0.002"><failure message="AttributeError: 'TCLBuilder' object has no attribute 'get_generated_files'. Did you mean: 'generated_files'?">tests/test_tcl_builder.py:535: in test_get_generated_files
    files = tcl_builder.get_generated_files()
E   AttributeError: 'TCLBuilder' object has no attribute 'get_generated_files'. Did you mean: 'generated_files'?</failure></testcase><testcase classname="tests.test_tcl_builder.TestUtilityMethods" name="test_clean_generated_files" time="0.002"><failure message="AttributeError: 'TCLBuilder' object has no attribute 'clean_generated_files'. Did you mean: 'generated_files'?">tests/test_tcl_builder.py:554: in test_clean_generated_files
    tcl_builder.clean_generated_files()
E   AttributeError: 'TCLBuilder' object has no attribute 'clean_generated_files'. Did you mean: 'generated_files'?</failure></testcase><testcase classname="tests.test_tcl_builder.TestUtilityMethods" name="test_clean_generated_files_missing_files" time="0.002"><failure message="AttributeError: 'TCLBuilder' object has no attribute 'clean_generated_files'. Did you mean: 'generated_files'?">tests/test_tcl_builder.py:569: in test_clean_generated_files_missing_files
    tcl_builder.clean_generated_files()
E   AttributeError: 'TCLBuilder' object has no attribute 'clean_generated_files'. Did you mean: 'generated_files'?</failure></testcase><testcase classname="tests.test_tcl_builder.TestUtilityMethods" name="test_clean_generated_files_permission_error" time="0.002"><failure message="AttributeError: 'TCLBuilder' object has no attribute 'clean_generated_files'. Did you mean: 'generated_files'?">tests/test_tcl_builder.py:581: in test_clean_generated_files_permission_error
    tcl_builder.clean_generated_files()
E   AttributeError: 'TCLBuilder' object has no attribute 'clean_generated_files'. Did you mean: 'generated_files'?</failure></testcase><testcase classname="tests.test_tcl_builder.TestConvenienceFunction" name="test_generate_tcl_scripts_success" time="0.001"><failure message="NameError: name 'generate_tcl_scripts' is not defined">tests/test_tcl_builder.py:596: in test_generate_tcl_scripts_success
    results = generate_tcl_scripts(
E   NameError: name 'generate_tcl_scripts' is not defined</failure></testcase><testcase classname="tests.test_tcl_builder.TestConvenienceFunction" name="test_generate_tcl_scripts_with_all_parameters" time="0.001"><failure message="NameError: name 'generate_tcl_scripts' is not defined">tests/test_tcl_builder.py:613: in test_generate_tcl_scripts_with_all_parameters
    results = generate_tcl_scripts(
E   NameError: name 'generate_tcl_scripts' is not defined</failure></testcase><testcase classname="tests.test_tcl_builder.TestErrorHandling" name="test_template_renderer_initialization_error" time="0.001"><failure message="AttributeError: &lt;module 'tcl_builder' from '/Users/ramseymcgrath/code/PCILeechFWGenerator/src/tcl_builder.py'&gt; does not have the attribute 'TemplateRenderer'">tests/test_tcl_builder.py:641: in test_template_renderer_initialization_error
    with patch(
/Library/Frameworks/Python.framework/Versions/3.13/lib/python3.13/unittest/mock.py:1495: in __enter__
    original, local = self.get_original()
/Library/Frameworks/Python.framework/Versions/3.13/lib/python3.13/unittest/mock.py:1465: in get_original
    raise AttributeError(
E   AttributeError: &lt;module 'tcl_builder' from '/Users/ramseymcgrath/code/PCILeechFWGenerator/src/tcl_builder.py'&gt; does not have the attribute 'TemplateRenderer'</failure></testcase><testcase classname="tests.test_tcl_builder.TestErrorHandling" name="test_fpga_strategy_selector_error" time="0.002"><failure message="AttributeError: &lt;module 'tcl_builder' from '/Users/ramseymcgrath/code/PCILeechFWGenerator/src/tcl_builder.py'&gt; does not have the attribute 'create_fpga_strategy_selector'">tests/test_tcl_builder.py:649: in test_fpga_strategy_selector_error
    with patch(
/Library/Frameworks/Python.framework/Versions/3.13/lib/python3.13/unittest/mock.py:1495: in __enter__
    original, local = self.get_original()
/Library/Frameworks/Python.framework/Versions/3.13/lib/python3.13/unittest/mock.py:1465: in get_original
    raise AttributeError(
E   AttributeError: &lt;module 'tcl_builder' from '/Users/ramseymcgrath/code/PCILeechFWGenerator/src/tcl_builder.py'&gt; does not have the attribute 'create_fpga_strategy_selector'</failure></testcase><testcase classname="tests.test_tcl_builder.TestErrorHandling" name="test_template_rendering_error_fallback" time="0.002"><failure message="AttributeError: 'TCLBuilder' object has no attribute 'build_project_setup_tcl'">tests/test_tcl_builder.py:666: in test_template_rendering_error_fallback
    result = tcl_builder.build_project_setup_tcl(context)
E   AttributeError: 'TCLBuilder' object has no attribute 'build_project_setup_tcl'</failure></testcase><testcase classname="tests.test_tcl_builder.TestErrorHandling" name="test_batch_write_error_handling" time="0.002"><failure message="AttributeError: &lt;module 'tcl_builder' from '/Users/ramseymcgrath/code/PCILeechFWGenerator/src/tcl_builder.py'&gt; does not have the attribute 'batch_write_tcl_files'">tests/test_tcl_builder.py:672: in test_batch_write_error_handling
    with patch("tcl_builder.batch_write_tcl_files") as mock_batch_write:
/Library/Frameworks/Python.framework/Versions/3.13/lib/python3.13/unittest/mock.py:1495: in __enter__
    original, local = self.get_original()
/Library/Frameworks/Python.framework/Versions/3.13/lib/python3.13/unittest/mock.py:1465: in get_original
    raise AttributeError(
E   AttributeError: &lt;module 'tcl_builder' from '/Users/ramseymcgrath/code/PCILeechFWGenerator/src/tcl_builder.py'&gt; does not have the attribute 'batch_write_tcl_files'</failure></testcase><testcase classname="tests.test_tcl_builder.TestIntegrationScenarios" name="test_complete_build_workflow" time="0.002"><failure message="AttributeError: 'TCLBuilder' object has no attribute 'prepare_base_context'. Did you mean: 'create_build_context'?">tests/test_tcl_builder.py:685: in test_complete_build_workflow
    context = tcl_builder.prepare_base_context(
E   AttributeError: 'TCLBuilder' object has no attribute 'prepare_base_context'. Did you mean: 'create_build_context'?</failure></testcase><testcase classname="tests.test_tcl_builder.TestIntegrationScenarios" name="test_different_fpga_families" time="0.002"><failure message="AttributeError: 'TCLBuilder' object has no attribute 'prepare_base_context'. Did you mean: 'create_build_context'?">tests/test_tcl_builder.py:712: in test_different_fpga_families
    context = tcl_builder.prepare_base_context(
E   AttributeError: 'TCLBuilder' object has no attribute 'prepare_base_context'. Did you mean: 'create_build_context'?</failure></testcase><testcase classname="tests.test_tcl_builder.TestIntegrationScenarios" name="test_template_vs_fallback_consistency" time="0.002"><failure message="AttributeError: 'TCLBuilder' object has no attribute 'build_project_setup_tcl'">tests/test_tcl_builder.py:729: in test_template_vs_fallback_consistency
    template_result = tcl_builder.build_project_setup_tcl(context)
E   AttributeError: 'TCLBuilder' object has no attribute 'build_project_setup_tcl'</failure></testcase><testcase classname="tests.test_tcl_regex_fix" name="test_tcl_regex_pattern_validity" time="0.033" /><testcase classname="tests.test_tcl_regex_fix" name="test_synthesis_template_contains_fixed_regex" time="0.001" /><testcase classname="tests.test_template_renderer.TestTemplateRendererInitialization" name="test_init_with_custom_directory" time="0.001" /><testcase classname="tests.test_template_renderer.TestTemplateRendererInitialization" name="test_init_with_default_directory" time="0.001" /><testcase classname="tests.test_template_renderer.TestTemplateRendererInitialization" name="test_init_creates_directory_if_missing" time="0.001" /><testcase classname="tests.test_template_renderer.TestTemplateRendererInitialization" name="test_jinja_environment_configuration" time="0.001" /><testcase classname="tests.test_template_renderer.TestCustomFilters" name="test_hex_filter_default_width" time="0.002" /><testcase classname="tests.test_template_renderer.TestCustomFilters" name="test_hex_filter_custom_width" time="0.002" /><testcase classname="tests.test_template_renderer.TestCustomFilters" name="test_tcl_escape_filter" time="0.003" /><testcase classname="tests.test_template_renderer.TestCustomFilters" name="test_tcl_list_filter" time="0.003" /><testcase classname="tests.test_template_renderer.TestCustomFilters" name="test_filters_in_template_file" time="0.003" /><testcase classname="tests.test_template_renderer.TestTemplateRendering" name="test_render_template_success" time="0.002" /><testcase classname="tests.test_template_renderer.TestTemplateRendering" name="test_render_template_missing_file" time="0.002" /><testcase classname="tests.test_template_renderer.TestTemplateRendering" name="test_render_template_syntax_error" time="0.002" /><testcase classname="tests.test_template_renderer.TestTemplateRendering" name="test_render_string_success" time="0.002" /><testcase classname="tests.test_template_renderer.TestTemplateRendering" name="test_render_string_syntax_error" time="0.001" /><testcase classname="tests.test_template_renderer.TestTemplateRendering" name="test_render_string_missing_variable" time="0.001" /><testcase classname="tests.test_template_renderer.TestTemplateRendering" name="test_render_template_complex_context" time="0.003" /><testcase classname="tests.test_template_renderer.TestTemplateUtilities" name="test_template_exists_true" time="0.001" /><testcase classname="tests.test_template_renderer.TestTemplateUtilities" name="test_template_exists_false" time="0.001" /><testcase classname="tests.test_template_renderer.TestTemplateUtilities" name="test_list_templates_default_pattern" time="0.002" /><testcase classname="tests.test_template_renderer.TestTemplateUtilities" name="test_list_templates_custom_pattern" time="0.002" /><testcase classname="tests.test_template_renderer.TestTemplateUtilities" name="test_get_template_path" time="0.001" /><testcase classname="tests.test_template_renderer.TestErrorHandling" name="test_jinja2_import_error" time="0.001"><failure message="AssertionError: assert 'Jinja2 is required for template rendering' in 'Jinja2 not found'&#10; +  where 'Jinja2 not found' = str(ImportError('Jinja2 not found'))&#10; +    where ImportError('Jinja2 not found') = &lt;ExceptionInfo ImportError('Jinja2 not found') tblen=5&gt;.value">tests/test_template_renderer.py:288: in test_jinja2_import_error
    assert "Jinja2 is required for template rendering" in str(exc_info.value)
E   AssertionError: assert 'Jinja2 is required for template rendering' in 'Jinja2 not found'
E    +  where 'Jinja2 not found' = str(ImportError('Jinja2 not found'))
E    +    where ImportError('Jinja2 not found') = &lt;ExceptionInfo ImportError('Jinja2 not found') tblen=5&gt;.value</failure></testcase><testcase classname="tests.test_template_renderer.TestErrorHandling" name="test_template_directory_permission_error" time="0.001" /><testcase classname="tests.test_template_renderer.TestErrorHandling" name="test_render_with_none_context" time="0.002" /><testcase classname="tests.test_template_renderer.TestErrorHandling" name="test_render_with_empty_context" time="0.002" /><testcase classname="tests.test_template_renderer.TestConvenienceFunction" name="test_render_tcl_template_success" time="0.002" /><testcase classname="tests.test_template_renderer.TestConvenienceFunction" name="test_render_tcl_template_default_dir" time="0.001" /><testcase classname="tests.test_template_renderer.TestTemplateRenderErrorException" name="test_template_render_error_creation" time="0.001" /><testcase classname="tests.test_template_renderer.TestTemplateRenderErrorException" name="test_template_render_error_with_cause" time="0.001" /><testcase classname="tests.test_template_renderer.TestIntegrationScenarios" name="test_tcl_project_setup_template" time="0.003" /><testcase classname="tests.test_template_renderer.TestIntegrationScenarios" name="test_multiple_template_rendering" time="0.002" /><testcase classname="tests.test_template_renderer.TestIntegrationScenarios" name="test_template_with_conditional_logic" time="0.003" /><testcase classname="tests.test_templated_systemverilog.TestTemplatedSystemVerilog" name="test_advanced_sv_generator_basic" time="0.021" /><testcase classname="tests.test_templated_systemverilog.TestTemplatedSystemVerilog" name="test_backward_compatibility_layer" time="0.022" /><testcase classname="tests.test_templated_systemverilog.TestTemplatedSystemVerilog" name="test_device_specific_ports_generation" time="0.006" /><testcase classname="tests.test_templated_systemverilog.TestTemplatedSystemVerilog" name="test_different_device_classes" time="0.080" /><testcase classname="tests.test_templated_systemverilog.TestTemplatedSystemVerilog" name="test_performance_counter_config_attributes" time="0.001" /><testcase classname="tests.test_templated_systemverilog.TestTemplatedSystemVerilog" name="test_power_management_config_attributes" time="0.001" /><testcase classname="tests.test_templated_systemverilog.TestTemplatedSystemVerilog" name="test_register_types_handling" time="0.021" /><testcase classname="tests.test_templated_systemverilog.TestTemplatedSystemVerilog" name="test_template_error_handling" time="0.001" /><testcase classname="tests.test_templated_systemverilog.TestTemplatedSystemVerilog" name="test_variance_model_integration" time="0.021" /><testcase classname="tests.test_tui_config_fixes.TestConfigurationFixes" name="test_default_configuration_has_donor_dump_enabled" time="0.001"><failure message="AssertionError: assert 'Production Configuration' == 'Default Configuration'&#10;  &#10;  - Default Configuration&#10;  + Production Configuration">tests/test_tui_config_fixes.py:30: in test_default_configuration_has_donor_dump_enabled
    assert config.name == "Default Configuration"
E   AssertionError: assert 'Production Configuration' == 'Default Configuration'
E     
E     - Default Configuration
E     + Production Configuration</failure></testcase><testcase classname="tests.test_tui_config_fixes.TestConfigurationFixes" name="test_config_manager_persistence" time="0.001" /><testcase classname="tests.test_tui_config_fixes.TestConfigurationFixes" name="test_configuration_to_cli_args_with_donor_dump" time="0.001" /><testcase classname="tests.test_tui_config_fixes.TestConfigurationFixes" name="test_configuration_to_cli_args_without_donor_dump" time="0.001" /><testcase classname="tests.test_tui_config_fixes.TestConfigurationFixes" name="test_configuration_feature_summary_with_donor_dump" time="0.001" /><testcase classname="tests.test_tui_config_fixes.TestConfigurationFixes" name="test_configuration_feature_summary_without_donor_dump" time="0.001" /><testcase classname="tests.test_tui_config_fixes.TestConfigurationFixes" name="test_configuration_copy_preserves_donor_dump_settings" time="0.001" /><testcase classname="tests.test_tui_config_fixes.TestConfigurationFixes" name="test_configuration_validation_with_valid_settings" time="0.001" /><testcase classname="tests.test_tui_config_fixes.TestConfigurationFixes" name="test_configuration_validation_with_invalid_board_type" time="0.001" /><testcase classname="tests.test_tui_config_fixes.TestConfigurationFixes" name="test_configuration_validation_with_invalid_device_type" time="0.001" /><testcase classname="tests.test_tui_config_fixes.TestConfigurationFixes" name="test_configuration_validation_with_invalid_profile_duration" time="0.001" /><testcase classname="tests.test_tui_config_fixes.TestTUIConfigurationIntegration" name="test_tui_configuration_update_calls_config_manager" time="0.001" /><testcase classname="tests.test_tui_config_fixes.TestConfigManagerEnhanced" name="test_config_manager_initialization_with_error" time="0.001"><failure message="AttributeError: 'TestConfigManagerEnhanced' object has no attribute 'temp_dir'">tests/test_tui_config_fixes.py:212: in test_config_manager_initialization_with_error
    mock_home.return_value = Path(self.temp_dir)
E   AttributeError: 'TestConfigManagerEnhanced' object has no attribute 'temp_dir'</failure></testcase><testcase classname="tests.test_tui_config_fixes.TestConfigManagerEnhanced" name="test_ensure_config_directory_success" time="0.001" /><testcase classname="tests.test_tui_config_fixes.TestConfigManagerEnhanced" name="test_ensure_config_directory_windows" time="0.001" /><testcase classname="tests.test_tui_config_fixes.TestConfigManagerEnhanced" name="test_ensure_config_directory_permission_error" time="0.001"><failure message="AttributeError: 'ExceptionInfo' object has no attribute 'exception'">tests/test_tui_config_fixes.py:266: in test_ensure_config_directory_permission_error
    assert "Insufficient permissions" in str(context.exception)
E   AttributeError: 'ExceptionInfo' object has no attribute 'exception'</failure></testcase><testcase classname="tests.test_tui_config_fixes.TestConfigManagerEnhanced" name="test_save_profile_success" time="0.001" /><testcase classname="tests.test_tui_config_fixes.TestConfigManagerEnhanced" name="test_save_profile_permission_error" time="0.001" /><testcase classname="tests.test_tui_config_fixes.TestConfigManagerEnhanced" name="test_sanitize_filename" time="0.001" /><testcase classname="tests.test_tui_config_fixes.TestConfigManagerEnhanced" name="test_load_profile_success" time="0.001" /><testcase classname="tests.test_tui_config_fixes.TestConfigManagerEnhanced" name="test_load_profile_not_found" time="0.001" /><testcase classname="tests.test_tui_config_fixes.TestConfigManagerEnhanced" name="test_list_profiles_success" time="0.002"><failure message="assert 0 == 3&#10; +  where 0 = len([])">tests/test_tui_config_fixes.py:371: in test_list_profiles_success
    assert len(profiles) == 3
E   assert 0 == 3
E    +  where 0 = len([])</failure></testcase><testcase classname="tests.test_tui_config_fixes.TestConfigManagerEnhanced" name="test_delete_profile_success" time="0.001" /><testcase classname="tests.test_tui_config_fixes.TestConfigManagerEnhanced" name="test_delete_profile_not_found" time="0.001" /><testcase classname="tests.test_tui_config_fixes.TestConfigManagerEnhanced" name="test_full_profile_lifecycle" time="0.001"><failure message="AttributeError: 'TestConfigManagerEnhanced' object has no attribute 'temp_dir'">tests/test_tui_config_fixes.py:403: in test_full_profile_lifecycle
    mock_home.return_value = Path(self.temp_dir)
E   AttributeError: 'TestConfigManagerEnhanced' object has no attribute 'temp_dir'</failure></testcase><testcase classname="tests.test_tui_config_fixes.TestConfigManagerEnhanced" name="test_donor_dump_toggle_functionality" time="0.001" /><testcase classname="tests.test_vfio_binding.TestVFIOBindingEdgeCases" name="test_bind_to_vfio_already_bound" time="0.001"><failure message="RuntimeError: VFIO device binding requires Linux. Current platform: Darwin. Please run this on a Linux system with VFIO support.">tests/test_vfio_binding.py:30: in test_bind_to_vfio_already_bound
    generate.bind_to_vfio("0000:03:00.0", "8086", "1533", "vfio-pci")
generate.py:609: in bind_to_vfio
    check_linux_requirement("VFIO device binding")
generate.py:164: in check_linux_requirement
    raise RuntimeError(
E   RuntimeError: VFIO device binding requires Linux. Current platform: Darwin. Please run this on a Linux system with VFIO support.</failure></testcase><testcase classname="tests.test_vfio_binding.TestVFIOBindingEdgeCases" name="test_bind_to_vfio_bind_error_but_already_bound" time="0.001"><failure message="RuntimeError: VFIO device binding requires Linux. Current platform: Darwin. Please run this on a Linux system with VFIO support.">tests/test_vfio_binding.py:70: in test_bind_to_vfio_bind_error_but_already_bound
    generate.bind_to_vfio("0000:03:00.0", "8086", "1533", original_driver)
generate.py:609: in bind_to_vfio
    check_linux_requirement("VFIO device binding")
generate.py:164: in check_linux_requirement
    raise RuntimeError(
E   RuntimeError: VFIO device binding requires Linux. Current platform: Darwin. Please run this on a Linux system with VFIO support.</failure></testcase><testcase classname="tests.test_vfio_binding.TestVFIOBindingEnhanced" name="test_validate_vfio_prerequisites_success" time="0.001" /><testcase classname="tests.test_vfio_binding.TestVFIOBindingEnhanced" name="test_validate_vfio_prerequisites_missing_modules" time="0.001" /><testcase classname="tests.test_vfio_binding.TestVFIOBindingEnhanced" name="test_validate_vfio_prerequisites_missing_driver" time="0.001" /><testcase classname="tests.test_vfio_binding.TestVFIOBindingEnhanced" name="test_check_device_in_use" time="0.001" /><testcase classname="tests.test_vfio_binding.TestVFIOBindingEnhanced" name="test_check_device_not_in_use" time="0.001" /><testcase classname="tests.test_vfio_binding.TestVFIOBindingEnhanced" name="test_wait_for_device_state_success" time="0.001" /><testcase classname="tests.test_vfio_binding.TestVFIOBindingEnhanced" name="test_wait_for_device_state_timeout" time="0.001" /><testcase classname="tests.test_vfio_binding.TestVFIOBindingEnhanced" name="test_bind_to_vfio_enhanced_success" time="0.003" /><testcase classname="tests.test_vfio_binding.TestVFIOBindingEnhanced" name="test_bind_to_vfio_device_busy_retry" time="2.012"><failure message="RuntimeError: Unexpected error during vfio binding: Failed to register device ID: [Errno 2] No such file or directory: '/sys/bus/pci/drivers/vfio-pci/new_id'">generate.py:679: in bind_to_vfio
    with open(new_id_path, "w") as f:
E   FileNotFoundError: [Errno 2] No such file or directory: '/sys/bus/pci/drivers/vfio-pci/new_id'

During handling of the above exception, another exception occurred:
generate.py:707: in bind_to_vfio
    raise RuntimeError(f"Failed to register device ID: {e}")
E   RuntimeError: Failed to register device ID: [Errno 2] No such file or directory: '/sys/bus/pci/drivers/vfio-pci/new_id'

The above exception was the direct cause of the following exception:
tests/test_vfio_binding.py:257: in test_bind_to_vfio_device_busy_retry
    generate.bind_to_vfio("0000:03:00.0", "8086", "1533", "e1000e")
generate.py:846: in bind_to_vfio
    raise RuntimeError(error_msg) from e
E   RuntimeError: Unexpected error during vfio binding: Failed to register device ID: [Errno 2] No such file or directory: '/sys/bus/pci/drivers/vfio-pci/new_id'</failure></testcase><testcase classname="tests.test_vfio_binding.TestVFIOBindingEnhanced" name="test_bind_to_vfio_invalid_vendor_id" time="0.001" /><testcase classname="tests.test_vfio_binding.TestVFIOBindingEnhanced" name="test_bind_to_vfio_invalid_device_id" time="0.001" /><testcase classname="tests.test_vfio_binding.TestVFIOBindingEnhanced" name="test_bind_to_vfio_device_not_found" time="0.002" /><testcase classname="tests.test_vfio_binding.TestVFIOBindingEnhanced" name="test_restore_original_driver_enhanced_success" time="0.002"><failure message="AssertionError: Calls not found.&#10;Expected: [call('echo 0000:03:00.0 &gt; /sys/bus/pci/drivers/vfio-pci/unbind', timeout=10),&#10; call('echo 0000:03:00.0 &gt; /sys/bus/pci/drivers/e1000e/bind', timeout=10)]&#10;  Actual: []&#10;&#10;pytest introspection follows:&#10;&#10;Args:&#10;assert () == ('echo 0000:0...-pci/unbind',)&#10;  &#10;  Right contains one more item: #x1B[0m#x1B[33m'#x1B[39;49;00m#x1B[33mecho 0000:03:00.0 &gt; /sys/bus/pci/drivers/vfio-pci/unbind#x1B[39;49;00m#x1B[33m'#x1B[39;49;00m#x1B[90m#x1B[39;49;00m&#10;  &#10;  Full diff:&#10;  #x1B[0m#x1B[92m+ ()#x1B[39;49;00m#x1B[90m#x1B[39;49;00m&#10;  #x1B[91m- (#x1B[39;49;00m#x1B[90m#x1B[39;49;00m&#10;  #x1B[91m-     'echo 0000:03:00.0 &gt; /sys/bus/pci/drivers/vfio-pci/unbind',#x1B[39;49;00m#x1B[90m#x1B[39;49;00m&#10;  #x1B[91m- )#x1B[39;49;00m#x1B[90m#x1B[39;49;00m&#10;Kwargs:&#10;assert {} == {'timeout': 10}&#10;  &#10;  Right contains 1 more item:&#10;  #x1B[0m{#x1B[33m'#x1B[39;49;00m#x1B[33mtimeout#x1B[39;49;00m#x1B[33m'#x1B[39;49;00m: #x1B[94m10#x1B[39;49;00m}#x1B[90m#x1B[39;49;00m&#10;  &#10;  Full diff:&#10;  #x1B[0m#x1B[92m+ {}#x1B[39;49;00m#x1B[90m#x1B[39;49;00m&#10;  #x1B[91m- {#x1B[39;49;00m#x1B[90m#x1B[39;49;00m&#10;  #x1B[91m-     'timeout': 10,#x1B[39;49;00m#x1B[90m#x1B[39;49;00m&#10;  #x1B[91m- }#x1B[39;49;00m#x1B[90m#x1B[39;49;00m&#10;Args:&#10;assert () == ('echo 0000:0...e1000e/bind',)&#10;  &#10;  Right contains one more item: #x1B[0m#x1B[33m'#x1B[39;49;00m#x1B[33mecho 0000:03:00.0 &gt; /sys/bus/pci/drivers/e1000e/bind#x1B[39;49;00m#x1B[33m'#x1B[39;49;00m#x1B[90m#x1B[39;49;00m&#10;  &#10;  Full diff:&#10;  #x1B[0m#x1B[92m+ ()#x1B[39;49;00m#x1B[90m#x1B[39;49;00m&#10;  #x1B[91m- (#x1B[39;49;00m#x1B[90m#x1B[39;49;00m&#10;  #x1B[91m-     'echo 0000:03:00.0 &gt; /sys/bus/pci/drivers/e1000e/bind',#x1B[39;49;00m#x1B[90m#x1B[39;49;00m&#10;  #x1B[91m- )#x1B[39;49;00m#x1B[90m#x1B[39;49;00m&#10;Kwargs:&#10;assert {} == {'timeout': 10}&#10;  &#10;  Right contains 1 more item:&#10;  #x1B[0m{#x1B[33m'#x1B[39;49;00m#x1B[33mtimeout#x1B[39;49;00m#x1B[33m'#x1B[39;49;00m: #x1B[94m10#x1B[39;49;00m}#x1B[90m#x1B[39;49;00m&#10;  &#10;  Full diff:&#10;  #x1B[0m#x1B[92m+ {}#x1B[39;49;00m#x1B[90m#x1B[39;49;00m&#10;  #x1B[91m- {#x1B[39;49;00m#x1B[90m#x1B[39;49;00m&#10;  #x1B[91m-     'timeout': 10,#x1B[39;49;00m#x1B[90m#x1B[39;49;00m&#10;  #x1B[91m- }#x1B[39;49;00m#x1B[90m#x1B[39;49;00m">/Library/Frameworks/Python.framework/Versions/3.13/lib/python3.13/unittest/mock.py:1014: in assert_has_calls
    raise AssertionError(
E   AssertionError: Calls not found.
E   Expected: [call('echo 0000:03:00.0 &gt; /sys/bus/pci/drivers/vfio-pci/unbind', timeout=10),
E    call('echo 0000:03:00.0 &gt; /sys/bus/pci/drivers/e1000e/bind', timeout=10)]
E     Actual: []

During handling of the above exception, another exception occurred:
tests/test_vfio_binding.py:314: in test_restore_original_driver_enhanced_success
    mock_run.assert_has_calls(expected_calls)
E   AssertionError: Calls not found.
E   Expected: [call('echo 0000:03:00.0 &gt; /sys/bus/pci/drivers/vfio-pci/unbind', timeout=10),
E    call('echo 0000:03:00.0 &gt; /sys/bus/pci/drivers/e1000e/bind', timeout=10)]
E     Actual: []
E   
E   pytest introspection follows:
E   
E   Args:
E   assert () == ('echo 0000:0...-pci/unbind',)
E     
E     Right contains one more item: #x1B[0m#x1B[33m'#x1B[39;49;00m#x1B[33mecho 0000:03:00.0 &gt; /sys/bus/pci/drivers/vfio-pci/unbind#x1B[39;49;00m#x1B[33m'#x1B[39;49;00m#x1B[90m#x1B[39;49;00m
E     
E     Full diff:
E     #x1B[0m#x1B[92m+ ()#x1B[39;49;00m#x1B[90m#x1B[39;49;00m
E     #x1B[91m- (#x1B[39;49;00m#x1B[90m#x1B[39;49;00m
E     #x1B[91m-     'echo 0000:03:00.0 &gt; /sys/bus/pci/drivers/vfio-pci/unbind',#x1B[39;49;00m#x1B[90m#x1B[39;49;00m
E     #x1B[91m- )#x1B[39;49;00m#x1B[90m#x1B[39;49;00m
E   Kwargs:
E   assert {} == {'timeout': 10}
E     
E     Right contains 1 more item:
E     #x1B[0m{#x1B[33m'#x1B[39;49;00m#x1B[33mtimeout#x1B[39;49;00m#x1B[33m'#x1B[39;49;00m: #x1B[94m10#x1B[39;49;00m}#x1B[90m#x1B[39;49;00m
E     
E     Full diff:
E     #x1B[0m#x1B[92m+ {}#x1B[39;49;00m#x1B[90m#x1B[39;49;00m
E     #x1B[91m- {#x1B[39;49;00m#x1B[90m#x1B[39;49;00m
E     #x1B[91m-     'timeout': 10,#x1B[39;49;00m#x1B[90m#x1B[39;49;00m
E     #x1B[91m- }#x1B[39;49;00m#x1B[90m#x1B[39;49;00m
E   Args:
E   assert () == ('echo 0000:0...e1000e/bind',)
E     
E     Right contains one more item: #x1B[0m#x1B[33m'#x1B[39;49;00m#x1B[33mecho 0000:03:00.0 &gt; /sys/bus/pci/drivers/e1000e/bind#x1B[39;49;00m#x1B[33m'#x1B[39;49;00m#x1B[90m#x1B[39;49;00m
E     
E     Full diff:
E     #x1B[0m#x1B[92m+ ()#x1B[39;49;00m#x1B[90m#x1B[39;49;00m
E     #x1B[91m- (#x1B[39;49;00m#x1B[90m#x1B[39;49;00m
E     #x1B[91m-     'echo 0000:03:00.0 &gt; /sys/bus/pci/drivers/e1000e/bind',#x1B[39;49;00m#x1B[90m#x1B[39;49;00m
E     #x1B[91m- )#x1B[39;49;00m#x1B[90m#x1B[39;49;00m
E   Kwargs:
E   assert {} == {'timeout': 10}
E     
E     Right contains 1 more item:
E     #x1B[0m{#x1B[33m'#x1B[39;49;00m#x1B[33mtimeout#x1B[39;49;00m#x1B[33m'#x1B[39;49;00m: #x1B[94m10#x1B[39;49;00m}#x1B[90m#x1B[39;49;00m
E     
E     Full diff:
E     #x1B[0m#x1B[92m+ {}#x1B[39;49;00m#x1B[90m#x1B[39;49;00m
E     #x1B[91m- {#x1B[39;49;00m#x1B[90m#x1B[39;49;00m
E     #x1B[91m-     'timeout': 10,#x1B[39;49;00m#x1B[90m#x1B[39;49;00m
E     #x1B[91m- }#x1B[39;49;00m#x1B[90m#x1B[39;49;00m</failure></testcase><testcase classname="tests.test_vfio_binding.TestVFIOBindingEnhanced" name="test_restore_original_driver_device_disappeared" time="0.001" /><testcase classname="tests.test_vfio_binding.TestVFIOBindingEnhanced" name="test_restore_original_driver_retry_logic" time="0.001"><failure message="AssertionError: assert 0 == 3&#10; +  where 0 = &lt;MagicMock name='run_command' id='4427631312'&gt;.call_count">tests/test_vfio_binding.py:371: in test_restore_original_driver_retry_logic
    assert mock_run.call_count == 3
E   AssertionError: assert 0 == 3
E    +  where 0 = &lt;MagicMock name='run_command' id='4427631312'&gt;.call_count</failure></testcase><testcase classname="tests.test_vfio_binding.TestVFIOBindingStressTests" name="test_bind_to_vfio_maximum_retries" time="0.002"><failure message="AssertionError: Regex pattern did not match.&#10; Regex: 'Failed to bind to vfio-pci after .* attempts'&#10; Input: 'VFIO device binding requires Linux. Current platform: Darwin. Please run this on a Linux system with VFIO support.'">tests/test_vfio_binding.py:420: in test_bind_to_vfio_maximum_retries
    generate.bind_to_vfio("0000:03:00.0", "8086", "1533", "e1000e")
generate.py:609: in bind_to_vfio
    check_linux_requirement("VFIO device binding")
generate.py:164: in check_linux_requirement
    raise RuntimeError(
E   RuntimeError: VFIO device binding requires Linux. Current platform: Darwin. Please run this on a Linux system with VFIO support.

During handling of the above exception, another exception occurred:
tests/test_vfio_binding.py:417: in test_bind_to_vfio_maximum_retries
    with pytest.raises(
E   AssertionError: Regex pattern did not match.
E    Regex: 'Failed to bind to vfio-pci after .* attempts'
E    Input: 'VFIO device binding requires Linux. Current platform: Darwin. Please run this on a Linux system with VFIO support.'</failure></testcase><testcase classname="tests.test_vfio_binding.TestVFIOBindingStressTests" name="test_restore_original_driver_maximum_retries" time="0.002"><failure message="Failed: DID NOT RAISE &lt;class 'RuntimeError'&gt;">tests/test_vfio_binding.py:452: in test_restore_original_driver_maximum_retries
    with pytest.raises(
E   Failed: DID NOT RAISE &lt;class 'RuntimeError'&gt;</failure></testcase><testcase classname="tests.test_vivado_utils.TestVivadoDetection" name="test_find_vivado_in_path" time="0.001"><failure message="assert None is not None">tests/test_vivado_utils.py:42: in test_find_vivado_in_path
    assert result is not None
E   assert None is not None</failure></testcase><testcase classname="tests.test_vivado_utils.TestVivadoDetection" name="test_find_vivado_in_common_locations" time="0.001"><failure message="assert None is not None">tests/test_vivado_utils.py:80: in test_find_vivado_in_common_locations
    assert result is not None
E   assert None is not None</failure></testcase><testcase classname="tests.test_vivado_utils.TestVivadoDetection" name="test_find_vivado_from_environment_variable" time="0.001"><failure message="assert None is not None">tests/test_vivado_utils.py:115: in test_find_vivado_from_environment_variable
    assert result is not None
E   assert None is not None</failure></testcase><testcase classname="tests.test_vivado_utils.TestVivadoDetection" name="test_vivado_not_found" time="0.001" /><testcase classname="tests.test_vivado_utils.TestVivadoDetection" name="test_get_vivado_version_from_output" time="0.005"><failure message="AssertionError: assert 'unknown' == '2022.2'&#10;  &#10;  - 2022.2&#10;  + unknown">tests/test_vivado_utils.py:166: in test_get_vivado_version_from_output
    assert version == "2022.2"
E   AssertionError: assert 'unknown' == '2022.2'
E     
E     - 2022.2
E     + unknown</failure></testcase><testcase classname="tests.test_vivado_utils.TestVivadoDetection" name="test_run_vivado_command" time="0.010"><failure message="FileNotFoundError: [Errno 2] No such file or directory: '/opt/Xilinx/Vivado/2023.1/bin/vivado'">tests/test_vivado_utils.py:185: in test_run_vivado_command
    run_vivado_command("-mode batch")
src/vivado_utils.py:215: in run_vivado_command
    process = subprocess.Popen(
/Library/Frameworks/Python.framework/Versions/3.13/lib/python3.13/subprocess.py:1038: in __init__
    self._execute_child(args, executable, preexec_fn, close_fds,
/Library/Frameworks/Python.framework/Versions/3.13/lib/python3.13/subprocess.py:1974: in _execute_child
    raise child_exception_type(errno_num, err_msg, err_filename)
E   FileNotFoundError: [Errno 2] No such file or directory: '/opt/Xilinx/Vivado/2023.1/bin/vivado'</failure></testcase><testcase classname="tests.test_vivado_utils.TestVivadoDetection" name="test_run_vivado_command_with_tcl" time="0.004"><failure message="FileNotFoundError: [Errno 2] No such file or directory: '/opt/Xilinx/Vivado/2023.1/bin/vivado'">tests/test_vivado_utils.py:211: in test_run_vivado_command_with_tcl
    run_vivado_command("-mode batch", tcl_file="script.tcl")
src/vivado_utils.py:215: in run_vivado_command
    process = subprocess.Popen(
/Library/Frameworks/Python.framework/Versions/3.13/lib/python3.13/subprocess.py:1038: in __init__
    self._execute_child(args, executable, preexec_fn, close_fds,
/Library/Frameworks/Python.framework/Versions/3.13/lib/python3.13/subprocess.py:1974: in _execute_child
    raise child_exception_type(errno_num, err_msg, err_filename)
E   FileNotFoundError: [Errno 2] No such file or directory: '/opt/Xilinx/Vivado/2023.1/bin/vivado'</failure></testcase><testcase classname="tests.test_vivado_utils.TestVivadoDetection" name="test_run_vivado_command_vivado_not_found" time="0.002" /><testcase classname="tests.test_vivado_utils.TestVivadoDetection" name="test_find_vivado_in_tools_xilinx_version_pattern" time="0.001"><failure message="assert None is not None">tests/test_vivado_utils.py:280: in test_find_vivado_in_tools_xilinx_version_pattern
    assert result is not None
E   assert None is not None</failure></testcase><testcase classname="tests.test_vivado_utils.TestVivadoDetection" name="test_find_vivado_tools_pattern_permission_error" time="0.001" /><testcase classname="tests.test_vivado_utils.TestVivadoDetection" name="test_find_vivado_tools_pattern_multiple_versions" time="0.001"><failure message="assert None is not None">tests/test_vivado_utils.py:356: in test_find_vivado_tools_pattern_multiple_versions
    assert result is not None
E   assert None is not None</failure></testcase><testcase classname="tests.test_vivado_utils.TestVivadoDetection" name="test_get_vivado_executable" time="0.001" /><testcase classname="tests.test_vivado_utils.TestVivadoDetection" name="test_run_vivado_command_fallback_to_path" time="0.004"><failure message="FileNotFoundError: [Errno 2] No such file or directory: '/usr/bin/vivado'">tests/test_vivado_utils.py:392: in test_run_vivado_command_fallback_to_path
    run_vivado_command("-mode batch")
src/vivado_utils.py:215: in run_vivado_command
    process = subprocess.Popen(
/Library/Frameworks/Python.framework/Versions/3.13/lib/python3.13/subprocess.py:1038: in __init__
    self._execute_child(args, executable, preexec_fn, close_fds,
/Library/Frameworks/Python.framework/Versions/3.13/lib/python3.13/subprocess.py:1974: in _execute_child
    raise child_exception_type(errno_num, err_msg, err_filename)
E   FileNotFoundError: [Errno 2] No such file or directory: '/usr/bin/vivado'</failure></testcase><testcase classname="tests.test_vivado_utils.TestVivadoDetection" name="test_run_vivado_command_use_discovered_path_false" time="0.001"><failure message="TypeError: run_vivado_command() got an unexpected keyword argument 'use_discovered_path'. Did you mean 'use_discovered'?">tests/test_vivado_utils.py:417: in test_run_vivado_command_use_discovered_path_false
    run_vivado_command("-mode batch", use_discovered_path=False)
E   TypeError: run_vivado_command() got an unexpected keyword argument 'use_discovered_path'. Did you mean 'use_discovered'?</failure></testcase><testcase classname="tests.test_vivado_utils.TestVivadoDetection" name="test_run_vivado_command_both_methods_fail" time="0.001"><failure message="AssertionError: assert 'Vivado not found' in 'Vivado executable not found. Ensure it is in PATH or set XILINX_VIVADO.'">tests/test_vivado_utils.py:437: in test_run_vivado_command_both_methods_fail
    assert "Vivado not found" in error_msg
E   AssertionError: assert 'Vivado not found' in 'Vivado executable not found. Ensure it is in PATH or set XILINX_VIVADO.'</failure></testcase><testcase classname="tests.test_xdc_integration.TestXDCIntegration" name="test_get_board_xdc_files_success" time="0.001"><failure message="AttributeError: &lt;class 'src.repo_manager.RepoManager'&gt; does not have the attribute 'ensure_git_repo'">/Library/Frameworks/Python.framework/Versions/3.13/lib/python3.13/unittest/mock.py:1421: in patched
    with self.decoration_helper(patched,
/Library/Frameworks/Python.framework/Versions/3.13/lib/python3.13/contextlib.py:141: in __enter__
    return next(self.gen)
/Library/Frameworks/Python.framework/Versions/3.13/lib/python3.13/unittest/mock.py:1403: in decoration_helper
    arg = exit_stack.enter_context(patching)
/Library/Frameworks/Python.framework/Versions/3.13/lib/python3.13/contextlib.py:530: in enter_context
    result = _enter(cm)
/Library/Frameworks/Python.framework/Versions/3.13/lib/python3.13/unittest/mock.py:1495: in __enter__
    original, local = self.get_original()
/Library/Frameworks/Python.framework/Versions/3.13/lib/python3.13/unittest/mock.py:1465: in get_original
    raise AttributeError(
E   AttributeError: &lt;class 'src.repo_manager.RepoManager'&gt; does not have the attribute 'ensure_git_repo'</failure></testcase><testcase classname="tests.test_xdc_integration.TestXDCIntegration" name="test_get_board_xdc_files_not_found" time="0.001"><failure message="AttributeError: &lt;class 'src.repo_manager.RepoManager'&gt; does not have the attribute 'ensure_git_repo'">/Library/Frameworks/Python.framework/Versions/3.13/lib/python3.13/unittest/mock.py:1421: in patched
    with self.decoration_helper(patched,
/Library/Frameworks/Python.framework/Versions/3.13/lib/python3.13/contextlib.py:141: in __enter__
    return next(self.gen)
/Library/Frameworks/Python.framework/Versions/3.13/lib/python3.13/unittest/mock.py:1403: in decoration_helper
    arg = exit_stack.enter_context(patching)
/Library/Frameworks/Python.framework/Versions/3.13/lib/python3.13/contextlib.py:530: in enter_context
    result = _enter(cm)
/Library/Frameworks/Python.framework/Versions/3.13/lib/python3.13/unittest/mock.py:1495: in __enter__
    original, local = self.get_original()
/Library/Frameworks/Python.framework/Versions/3.13/lib/python3.13/unittest/mock.py:1465: in get_original
    raise AttributeError(
E   AttributeError: &lt;class 'src.repo_manager.RepoManager'&gt; does not have the attribute 'ensure_git_repo'</failure></testcase><testcase classname="tests.test_xdc_integration.TestXDCIntegration" name="test_read_xdc_constraints_success" time="0.001"><failure message="AttributeError: &lt;class 'src.repo_manager.RepoManager'&gt; does not have the attribute 'get_board_xdc_files'">/Library/Frameworks/Python.framework/Versions/3.13/lib/python3.13/unittest/mock.py:1421: in patched
    with self.decoration_helper(patched,
/Library/Frameworks/Python.framework/Versions/3.13/lib/python3.13/contextlib.py:141: in __enter__
    return next(self.gen)
/Library/Frameworks/Python.framework/Versions/3.13/lib/python3.13/unittest/mock.py:1403: in decoration_helper
    arg = exit_stack.enter_context(patching)
/Library/Frameworks/Python.framework/Versions/3.13/lib/python3.13/contextlib.py:530: in enter_context
    result = _enter(cm)
/Library/Frameworks/Python.framework/Versions/3.13/lib/python3.13/unittest/mock.py:1495: in __enter__
    original, local = self.get_original()
/Library/Frameworks/Python.framework/Versions/3.13/lib/python3.13/unittest/mock.py:1465: in get_original
    raise AttributeError(
E   AttributeError: &lt;class 'src.repo_manager.RepoManager'&gt; does not have the attribute 'get_board_xdc_files'</failure></testcase><testcase classname="tests.test_xdc_integration.TestXDCIntegration" name="test_read_xdc_constraints_file_error" time="0.001"><failure message="AttributeError: &lt;class 'src.repo_manager.RepoManager'&gt; does not have the attribute 'get_board_xdc_files'">/Library/Frameworks/Python.framework/Versions/3.13/lib/python3.13/unittest/mock.py:1421: in patched
    with self.decoration_helper(patched,
/Library/Frameworks/Python.framework/Versions/3.13/lib/python3.13/contextlib.py:141: in __enter__
    return next(self.gen)
/Library/Frameworks/Python.framework/Versions/3.13/lib/python3.13/unittest/mock.py:1403: in decoration_helper
    arg = exit_stack.enter_context(patching)
/Library/Frameworks/Python.framework/Versions/3.13/lib/python3.13/contextlib.py:530: in enter_context
    result = _enter(cm)
/Library/Frameworks/Python.framework/Versions/3.13/lib/python3.13/unittest/mock.py:1495: in __enter__
    original, local = self.get_original()
/Library/Frameworks/Python.framework/Versions/3.13/lib/python3.13/unittest/mock.py:1465: in get_original
    raise AttributeError(
E   AttributeError: &lt;class 'src.repo_manager.RepoManager'&gt; does not have the attribute 'get_board_xdc_files'</failure></testcase><testcase classname="tests.test_xdc_integration.TestXDCIntegration" name="test_tcl_builder_xdc_integration_success" time="0.001"><failure message="AttributeError: &lt;class 'src.repo_manager.RepoManager'&gt; does not have the attribute 'read_xdc_constraints'">/Library/Frameworks/Python.framework/Versions/3.13/lib/python3.13/unittest/mock.py:1421: in patched
    with self.decoration_helper(patched,
/Library/Frameworks/Python.framework/Versions/3.13/lib/python3.13/contextlib.py:141: in __enter__
    return next(self.gen)
/Library/Frameworks/Python.framework/Versions/3.13/lib/python3.13/unittest/mock.py:1403: in decoration_helper
    arg = exit_stack.enter_context(patching)
/Library/Frameworks/Python.framework/Versions/3.13/lib/python3.13/contextlib.py:530: in enter_context
    result = _enter(cm)
/Library/Frameworks/Python.framework/Versions/3.13/lib/python3.13/unittest/mock.py:1495: in __enter__
    original, local = self.get_original()
/Library/Frameworks/Python.framework/Versions/3.13/lib/python3.13/unittest/mock.py:1465: in get_original
    raise AttributeError(
E   AttributeError: &lt;class 'src.repo_manager.RepoManager'&gt; does not have the attribute 'read_xdc_constraints'</failure></testcase><testcase classname="tests.test_xdc_integration.TestXDCIntegration" name="test_tcl_builder_xdc_integration_fallback" time="0.001"><failure message="AttributeError: &lt;class 'src.repo_manager.RepoManager'&gt; does not have the attribute 'read_xdc_constraints'">/Library/Frameworks/Python.framework/Versions/3.13/lib/python3.13/unittest/mock.py:1421: in patched
    with self.decoration_helper(patched,
/Library/Frameworks/Python.framework/Versions/3.13/lib/python3.13/contextlib.py:141: in __enter__
    return next(self.gen)
/Library/Frameworks/Python.framework/Versions/3.13/lib/python3.13/unittest/mock.py:1403: in decoration_helper
    arg = exit_stack.enter_context(patching)
/Library/Frameworks/Python.framework/Versions/3.13/lib/python3.13/contextlib.py:530: in enter_context
    result = _enter(cm)
/Library/Frameworks/Python.framework/Versions/3.13/lib/python3.13/unittest/mock.py:1495: in __enter__
    original, local = self.get_original()
/Library/Frameworks/Python.framework/Versions/3.13/lib/python3.13/unittest/mock.py:1465: in get_original
    raise AttributeError(
E   AttributeError: &lt;class 'src.repo_manager.RepoManager'&gt; does not have the attribute 'read_xdc_constraints'</failure></testcase><testcase classname="tests.test_xdc_integration.TestXDCIntegration" name="test_tcl_builder_no_board_info" time="0.001"><failure message="AttributeError: 'dict' object has no attribute 'to_template_context'">tests/test_xdc_integration.py:169: in test_tcl_builder_no_board_info
    result = self.tcl_builder.build_constraints_tcl(context)
src/tcl_builder.py:538: in build_constraints_tcl
    template_context = context.to_template_context()
E   AttributeError: 'dict' object has no attribute 'to_template_context'</failure></testcase><testcase classname="tests.test_xdc_integration.TestXDCIntegration" name="test_supported_board_types[pcileech_75t484_x1]" time="0.001"><failure message="AttributeError: &lt;class 'src.repo_manager.RepoManager'&gt; does not have the attribute 'ensure_git_repo'">tests/test_xdc_integration.py:190: in test_supported_board_types
    with patch("src.repo_manager.RepoManager.ensure_git_repo"):
/Library/Frameworks/Python.framework/Versions/3.13/lib/python3.13/unittest/mock.py:1495: in __enter__
    original, local = self.get_original()
/Library/Frameworks/Python.framework/Versions/3.13/lib/python3.13/unittest/mock.py:1465: in get_original
    raise AttributeError(
E   AttributeError: &lt;class 'src.repo_manager.RepoManager'&gt; does not have the attribute 'ensure_git_repo'</failure></testcase><testcase classname="tests.test_xdc_integration.TestXDCIntegration" name="test_supported_board_types[pcileech_35t484_x1]" time="0.001"><failure message="AttributeError: &lt;class 'src.repo_manager.RepoManager'&gt; does not have the attribute 'ensure_git_repo'">tests/test_xdc_integration.py:190: in test_supported_board_types
    with patch("src.repo_manager.RepoManager.ensure_git_repo"):
/Library/Frameworks/Python.framework/Versions/3.13/lib/python3.13/unittest/mock.py:1495: in __enter__
    original, local = self.get_original()
/Library/Frameworks/Python.framework/Versions/3.13/lib/python3.13/unittest/mock.py:1465: in get_original
    raise AttributeError(
E   AttributeError: &lt;class 'src.repo_manager.RepoManager'&gt; does not have the attribute 'ensure_git_repo'</failure></testcase><testcase classname="tests.test_xdc_integration.TestXDCIntegration" name="test_supported_board_types[pcileech_35t325_x4]" time="0.001"><failure message="AttributeError: &lt;class 'src.repo_manager.RepoManager'&gt; does not have the attribute 'ensure_git_repo'">tests/test_xdc_integration.py:190: in test_supported_board_types
    with patch("src.repo_manager.RepoManager.ensure_git_repo"):
/Library/Frameworks/Python.framework/Versions/3.13/lib/python3.13/unittest/mock.py:1495: in __enter__
    original, local = self.get_original()
/Library/Frameworks/Python.framework/Versions/3.13/lib/python3.13/unittest/mock.py:1465: in get_original
    raise AttributeError(
E   AttributeError: &lt;class 'src.repo_manager.RepoManager'&gt; does not have the attribute 'ensure_git_repo'</failure></testcase><testcase classname="tests.test_xdc_integration.TestXDCIntegration" name="test_supported_board_types[pcileech_35t325_x1]" time="0.001"><failure message="AttributeError: &lt;class 'src.repo_manager.RepoManager'&gt; does not have the attribute 'ensure_git_repo'">tests/test_xdc_integration.py:190: in test_supported_board_types
    with patch("src.repo_manager.RepoManager.ensure_git_repo"):
/Library/Frameworks/Python.framework/Versions/3.13/lib/python3.13/unittest/mock.py:1495: in __enter__
    original, local = self.get_original()
/Library/Frameworks/Python.framework/Versions/3.13/lib/python3.13/unittest/mock.py:1465: in get_original
    raise AttributeError(
E   AttributeError: &lt;class 'src.repo_manager.RepoManager'&gt; does not have the attribute 'ensure_git_repo'</failure></testcase><testcase classname="tests.test_xdc_integration.TestXDCIntegration" name="test_supported_board_types[pcileech_100t484_x1]" time="0.001"><failure message="AttributeError: &lt;class 'src.repo_manager.RepoManager'&gt; does not have the attribute 'ensure_git_repo'">tests/test_xdc_integration.py:190: in test_supported_board_types
    with patch("src.repo_manager.RepoManager.ensure_git_repo"):
/Library/Frameworks/Python.framework/Versions/3.13/lib/python3.13/unittest/mock.py:1495: in __enter__
    original, local = self.get_original()
/Library/Frameworks/Python.framework/Versions/3.13/lib/python3.13/unittest/mock.py:1465: in get_original
    raise AttributeError(
E   AttributeError: &lt;class 'src.repo_manager.RepoManager'&gt; does not have the attribute 'ensure_git_repo'</failure></testcase><testcase classname="tests.test_xdc_integration.TestXDCIntegration" name="test_board_xdc_content_in_template_context" time="0.001"><failure message="AttributeError: &lt;class 'src.repo_manager.RepoManager'&gt; does not have the attribute 'read_xdc_constraints'">tests/test_xdc_integration.py:201: in test_board_xdc_content_in_template_context
    with patch(
/Library/Frameworks/Python.framework/Versions/3.13/lib/python3.13/unittest/mock.py:1495: in __enter__
    original, local = self.get_original()
/Library/Frameworks/Python.framework/Versions/3.13/lib/python3.13/unittest/mock.py:1465: in get_original
    raise AttributeError(
E   AttributeError: &lt;class 'src.repo_manager.RepoManager'&gt; does not have the attribute 'read_xdc_constraints'</failure></testcase><testcase classname="tests.test_xdc_integration.TestXDCIntegration" name="test_xdc_content_template_rendering" time="0.001" /><testcase classname="tests.tui.test_device_indicators.TestDeviceIndicators" name="test_device_properties_initialization" time="0.001" /><testcase classname="tests.tui.test_device_indicators.TestDeviceIndicators" name="test_validity_indicator" time="0.001"><failure message="TypeError: PCIDevice.__init__() got an unexpected keyword argument 'bd'. Did you mean 'bdf'?">tests/tui/test_device_indicators.py:56: in test_validity_indicator
    valid_device = self._create_test_device(is_valid=True)
tests/tui/test_device_indicators.py:271: in _create_test_device
    return PCIDevice(**defaults)
E   TypeError: PCIDevice.__init__() got an unexpected keyword argument 'bd'. Did you mean 'bdf'?</failure></testcase><testcase classname="tests.tui.test_device_indicators.TestDeviceIndicators" name="test_driver_indicator" time="0.001"><failure message="TypeError: PCIDevice.__init__() got an unexpected keyword argument 'bd'. Did you mean 'bdf'?">tests/tui/test_device_indicators.py:66: in test_driver_indicator
    no_driver_device = self._create_test_device(has_driver=False)
tests/tui/test_device_indicators.py:271: in _create_test_device
    return PCIDevice(**defaults)
E   TypeError: PCIDevice.__init__() got an unexpected keyword argument 'bd'. Did you mean 'bdf'?</failure></testcase><testcase classname="tests.tui.test_device_indicators.TestDeviceIndicators" name="test_vfio_indicator" time="0.001"><failure message="TypeError: PCIDevice.__init__() got an unexpected keyword argument 'bd'. Did you mean 'bdf'?">tests/tui/test_device_indicators.py:80: in test_vfio_indicator
    vfio_device = self._create_test_device(vfio_compatible=True)
tests/tui/test_device_indicators.py:271: in _create_test_device
    return PCIDevice(**defaults)
E   TypeError: PCIDevice.__init__() got an unexpected keyword argument 'bd'. Did you mean 'bdf'?</failure></testcase><testcase classname="tests.tui.test_device_indicators.TestDeviceIndicators" name="test_iommu_indicator" time="0.001"><failure message="TypeError: PCIDevice.__init__() got an unexpected keyword argument 'bd'. Did you mean 'bdf'?">tests/tui/test_device_indicators.py:90: in test_iommu_indicator
    iommu_device = self._create_test_device(iommu_enabled=True)
tests/tui/test_device_indicators.py:271: in _create_test_device
    return PCIDevice(**defaults)
E   TypeError: PCIDevice.__init__() got an unexpected keyword argument 'bd'. Did you mean 'bdf'?</failure></testcase><testcase classname="tests.tui.test_device_indicators.TestDeviceIndicators" name="test_ready_indicator" time="0.001"><failure message="TypeError: PCIDevice.__init__() got an unexpected keyword argument 'bd'. Did you mean 'bdf'?">tests/tui/test_device_indicators.py:100: in test_ready_indicator
    ready_device = self._create_test_device(
tests/tui/test_device_indicators.py:271: in _create_test_device
    return PCIDevice(**defaults)
E   TypeError: PCIDevice.__init__() got an unexpected keyword argument 'bd'. Did you mean 'bdf'?</failure></testcase><testcase classname="tests.tui.test_device_indicators.TestDeviceIndicators" name="test_compact_status_display" time="0.001"><failure message="TypeError: PCIDevice.__init__() got an unexpected keyword argument 'bd'. Did you mean 'bdf'?">tests/tui/test_device_indicators.py:128: in test_compact_status_display
    device = self._create_test_device(
tests/tui/test_device_indicators.py:271: in _create_test_device
    return PCIDevice(**defaults)
E   TypeError: PCIDevice.__init__() got an unexpected keyword argument 'bd'. Did you mean 'bdf'?</failure></testcase><testcase classname="tests.tui.test_device_indicators.TestDeviceIndicators" name="test_enhanced_suitability_scoring" time="0.001" /><testcase classname="tests.tui.test_device_indicators.TestDeviceIndicators" name="test_detailed_status_information" time="0.001"><failure message="TypeError: PCIDevice.__init__() got an unexpected keyword argument 'bd'. Did you mean 'bdf'?">tests/tui/test_device_indicators.py:183: in test_detailed_status_information
    device = self._create_test_device(
tests/tui/test_device_indicators.py:271: in _create_test_device
    return PCIDevice(**defaults)
E   TypeError: PCIDevice.__init__() got an unexpected keyword argument 'bd'. Did you mean 'bdf'?</failure></testcase><testcase classname="tests.tui.test_device_indicators.TestDeviceIndicators" name="test_error_handling_edge_cases" time="0.001" /><testcase classname="tests.tui.test_device_indicators.TestDeviceManagerEnhancements" name="test_device_validity_check" time="0.002" /><testcase classname="tests.tui.test_device_indicators.TestDeviceManagerEnhancements" name="test_driver_status_check" time="0.001" /><testcase classname="tests.tui.test_device_indicators.TestDeviceManagerEnhancements" name="test_vfio_compatibility_check" time="0.002" /><testcase classname="tests.tui.test_device_indicators.TestDeviceManagerEnhancements" name="test_iommu_status_check" time="0.002" /><testcase classname="tests.tui.test_device_indicators.TestDeviceManagerEnhancements" name="test_enhanced_device_info_creation" time="0.002" /><testcase classname="tests.tui.test_device_indicators.TestTUIIntegration" name="test_device_table_columns" time="0.001" /><testcase classname="tests.tui.test_device_indicators.TestTUIIntegration" name="test_device_table_row_data" time="0.001" /><testcase classname="tests.tui.test_device_indicators.TestSpecificDeviceScenarios" name="test_valid_device_with_vfio" time="0.001" /><testcase classname="tests.tui.test_device_indicators.TestSpecificDeviceScenarios" name="test_device_with_bound_driver" time="0.001" /><testcase classname="tests.tui.test_device_indicators.TestSpecificDeviceScenarios" name="test_invalid_device" time="0.001" /><testcase classname="tests.tui.test_device_indicators.TestSpecificDeviceScenarios" name="test_iommu_disabled_device" time="0.001" /><testcase classname="tests.tui.test_device_indicators.TestSpecificDeviceScenarios" name="test_vfio_incompatible_device" time="0.001" /><testcase classname="tests.tui.test_progress.TestBuildStage" name="test_build_stage_values" time="0.001" /><testcase classname="tests.tui.test_progress.TestBuildProgress" name="test_build_progress_init" time="0.001" /><testcase classname="tests.tui.test_progress.TestBuildProgress" name="test_completed_stages_property" time="0.001" /><testcase classname="tests.tui.test_progress.TestBuildProgress" name="test_total_stages_property" time="0.001" /><testcase classname="tests.tui.test_progress.TestBuildProgress" name="test_overall_progress_property" time="0.001" /><testcase classname="tests.tui.test_progress.TestBuildProgress" name="test_status_text_property" time="0.001" /><testcase classname="tests.tui.test_progress.TestBuildProgress" name="test_progress_bar_text_property" time="0.001" /><testcase classname="tests.tui.test_progress.TestBuildProgress" name="test_add_warning_and_error" time="0.001" /><testcase classname="tests.tui.test_progress.TestBuildProgress" name="test_update_resource_usage" time="0.001" /><testcase classname="tests.tui.test_progress.TestBuildProgress" name="test_to_dict" time="0.001" /><testcase classname="tests.tui.test_tui_core.TestDeviceManager" name="test_device_manager_init" time="0.001" /><testcase classname="tests.tui.test_tui_core.TestDeviceManager" name="test_vendor_database_loading" time="0.001" /><testcase classname="tests.tui.test_tui_core.TestDeviceManager" name="test_scan_devices_success" time="0.001" /><testcase classname="tests.tui.test_tui_core.TestDeviceManager" name="test_scan_devices_failure" time="0.001" /><testcase classname="tests.tui.test_tui_core.TestDeviceManager" name="test_extract_device_name" time="0.001" /><testcase classname="tests.tui.test_tui_core.TestDeviceManager" name="test_assess_device_suitability" time="0.001"><failure message="assert 0.7999999999999999 &gt; 0.8">tests/tui/test_tui_core.py:134: in test_assess_device_suitability
    assert score &gt; 0.8
E   assert 0.7999999999999999 &gt; 0.8</failure></testcase><testcase classname="tests.tui.test_tui_core.TestDeviceManager" name="test_cached_operations" time="0.001" /><testcase classname="tests.tui.test_tui_core.TestConfigManager" name="test_config_manager_init" time="0.001" /><testcase classname="tests.tui.test_tui_core.TestConfigManager" name="test_current_config_management" time="0.001" /><testcase classname="tests.tui.test_tui_core.TestConfigManager" name="test_create_default_profiles" time="0.003" /><testcase classname="tests.tui.test_tui_core.TestConfigManager" name="test_save_and_load_profile" time="0.001"><failure message="AssertionError: assert False&#10; +  where False = exists()&#10; +    where exists = PosixPath('/var/folders/pz/zdq1ptxs0h3700ssftp1vlch0000gn/T/tmp1uwlhwvz/Test_Profile.json').exists">tests/tui/test_tui_core.py:263: in test_save_and_load_profile
    assert profile_file.exists()
E   AssertionError: assert False
E    +  where False = exists()
E    +    where exists = PosixPath('/var/folders/pz/zdq1ptxs0h3700ssftp1vlch0000gn/T/tmp1uwlhwvz/Test_Profile.json').exists</failure></testcase><testcase classname="tests.tui.test_tui_core.TestConfigManager" name="test_profile_operations" time="0.002" /><testcase classname="tests.tui.test_tui_core.TestConfigManager" name="test_list_profiles" time="0.002" /><testcase classname="tests.tui.test_tui_core.TestConfigManager" name="test_delete_profile" time="0.001" /><testcase classname="tests.tui.test_tui_core.TestConfigManager" name="test_config_validation" time="0.001" /><testcase classname="tests.tui.test_tui_core.TestBuildOrchestrator" name="test_build_orchestrator_init" time="0.001" /><testcase classname="tests.tui.test_tui_core.TestBuildOrchestrator" name="test_progress_management" time="0.001" /><testcase classname="tests.tui.test_tui_core.TestBuildOrchestrator" name="test_start_build_success" time="1.933" /><testcase classname="tests.tui.test_tui_core.TestBuildOrchestrator" name="test_build_already_running" time="0.005" /><testcase classname="tests.tui.test_tui_core.TestBuildOrchestrator" name="test_cancel_build" time="2.010" /><testcase classname="tests.tui.test_tui_core.TestBuildOrchestrator" name="test_ensure_git_repo" time="0.003"><failure message="AttributeError: &lt;class 'src.tui.core.build_orchestrator.BuildOrchestrator'&gt; does not have the attribute '_run_command'">/Library/Frameworks/Python.framework/Versions/3.13/lib/python3.13/site-packages/pytest_asyncio/plugin.py:508: in runtest
    super().runtest()
/Library/Frameworks/Python.framework/Versions/3.13/lib/python3.13/site-packages/pytest_asyncio/plugin.py:773: in inner
    _loop.run_until_complete(task)
/Library/Frameworks/Python.framework/Versions/3.13/lib/python3.13/asyncio/base_events.py:725: in run_until_complete
    return future.result()
/Library/Frameworks/Python.framework/Versions/3.13/lib/python3.13/unittest/mock.py:1438: in patched
    with self.decoration_helper(patched,
/Library/Frameworks/Python.framework/Versions/3.13/lib/python3.13/contextlib.py:141: in __enter__
    return next(self.gen)
/Library/Frameworks/Python.framework/Versions/3.13/lib/python3.13/unittest/mock.py:1403: in decoration_helper
    arg = exit_stack.enter_context(patching)
/Library/Frameworks/Python.framework/Versions/3.13/lib/python3.13/contextlib.py:530: in enter_context
    result = _enter(cm)
/Library/Frameworks/Python.framework/Versions/3.13/lib/python3.13/unittest/mock.py:1495: in __enter__
    original, local = self.get_original()
/Library/Frameworks/Python.framework/Versions/3.13/lib/python3.13/unittest/mock.py:1465: in get_original
    raise AttributeError(
E   AttributeError: &lt;class 'src.tui.core.build_orchestrator.BuildOrchestrator'&gt; does not have the attribute '_run_command'</failure></testcase><testcase classname="tests.tui.test_tui_core.TestStatusMonitor" name="test_status_monitor_init" time="0.001" /><testcase classname="tests.tui.test_tui_core.TestStatusMonitor" name="test_check_podman_status" time="0.001" /><testcase classname="tests.tui.test_tui_core.TestStatusMonitor" name="test_check_vivado_status" time="0.002" /><testcase classname="tests.tui.test_tui_core.TestStatusMonitor" name="test_get_disk_space" time="0.001" /><testcase classname="tests.tui.test_tui_core.TestStatusMonitor" name="test_check_root_access" time="0.001" /><testcase classname="tests.tui.test_tui_core.TestStatusMonitor" name="test_get_system_status" time="0.002" /><testcase classname="tests.tui.test_tui_core.TestStatusMonitor" name="test_monitoring_control" time="0.001" /><testcase classname="tests.tui.test_tui_core.TestStatusMonitor" name="test_status_summary" time="0.001" /><testcase classname="tests.tui.test_tui_main.TestConfigurationDialog" name="test_configuration_dialog_init" time="0.001" /><testcase classname="tests.tui.test_tui_main.TestConfigurationDialog" name="test_create_config_from_form" time="0.003" /><testcase classname="tests.tui.test_tui_main.TestConfigurationDialog" name="test_populate_form" time="0.002" /><testcase classname="tests.tui.test_tui_main.TestPCILeechTUI" name="test_tui_app_init" time="0.001"><failure message="textual.reactive.ReactiveError: Node is missing data; Check you are calling super().__init__(...) in the PCILeechTUI() constructor, before setting reactives.">tests/tui/test_tui_main.py:148: in test_tui_app_init
    app = PCILeechTUI()
src/tui/main.py:482: in __init__
    self.current_config = self.config_manager.get_current_config()
/Library/Frameworks/Python.framework/Versions/3.13/lib/python3.13/site-packages/textual/reactive.py:345: in __set__
    self._set(obj, value)
/Library/Frameworks/Python.framework/Versions/3.13/lib/python3.13/site-packages/textual/reactive.py:291: in _set
    raise ReactiveError(
E   textual.reactive.ReactiveError: Node is missing data; Check you are calling super().__init__(...) in the PCILeechTUI() constructor, before setting reactives.</failure></testcase><testcase classname="tests.tui.test_tui_main.TestPCILeechTUI" name="test_app_properties" time="0.001"><failure message="textual.reactive.ReactiveError: Node is missing data; Check you are calling super().__init__(...) in the PCILeechTUI() constructor, before setting reactives.">tests/tui/test_tui_main.py:166: in test_app_properties
    app = PCILeechTUI()
src/tui/main.py:482: in __init__
    self.current_config = self.config_manager.get_current_config()
/Library/Frameworks/Python.framework/Versions/3.13/lib/python3.13/site-packages/textual/reactive.py:345: in __set__
    self._set(obj, value)
/Library/Frameworks/Python.framework/Versions/3.13/lib/python3.13/site-packages/textual/reactive.py:291: in _set
    raise ReactiveError(
E   textual.reactive.ReactiveError: Node is missing data; Check you are calling super().__init__(...) in the PCILeechTUI() constructor, before setting reactives.</failure></testcase><testcase classname="tests.tui.test_tui_main.TestPCILeechTUI" name="test_initialize_app" time="0.001"><failure message="textual.reactive.ReactiveError: Node is missing data; Check you are calling super().__init__(...) in the PCILeechTUI() constructor, before setting reactives.">tests/tui/test_tui_main.py:184: in test_initialize_app
    app = PCILeechTUI()
src/tui/main.py:482: in __init__
    self.current_config = self.config_manager.get_current_config()
/Library/Frameworks/Python.framework/Versions/3.13/lib/python3.13/site-packages/textual/reactive.py:345: in __set__
    self._set(obj, value)
/Library/Frameworks/Python.framework/Versions/3.13/lib/python3.13/site-packages/textual/reactive.py:291: in _set
    raise ReactiveError(
E   textual.reactive.ReactiveError: Node is missing data; Check you are calling super().__init__(...) in the PCILeechTUI() constructor, before setting reactives.</failure></testcase><testcase classname="tests.tui.test_tui_main.TestPCILeechTUI" name="test_scan_devices" time="0.001"><failure message="textual.reactive.ReactiveError: Node is missing data; Check you are calling super().__init__(...) in the PCILeechTUI() constructor, before setting reactives.">tests/tui/test_tui_main.py:203: in test_scan_devices
    app = PCILeechTUI()
src/tui/main.py:482: in __init__
    self.current_config = self.config_manager.get_current_config()
/Library/Frameworks/Python.framework/Versions/3.13/lib/python3.13/site-packages/textual/reactive.py:345: in __set__
    self._set(obj, value)
/Library/Frameworks/Python.framework/Versions/3.13/lib/python3.13/site-packages/textual/reactive.py:291: in _set
    raise ReactiveError(
E   textual.reactive.ReactiveError: Node is missing data; Check you are calling super().__init__(...) in the PCILeechTUI() constructor, before setting reactives.</failure></testcase><testcase classname="tests.tui.test_tui_main.TestPCILeechTUI" name="test_update_device_table" time="0.001"><failure message="textual.reactive.ReactiveError: Node is missing data; Check you are calling super().__init__(...) in the PCILeechTUI() constructor, before setting reactives.">tests/tui/test_tui_main.py:241: in test_update_device_table
    app = PCILeechTUI()
src/tui/main.py:482: in __init__
    self.current_config = self.config_manager.get_current_config()
/Library/Frameworks/Python.framework/Versions/3.13/lib/python3.13/site-packages/textual/reactive.py:345: in __set__
    self._set(obj, value)
/Library/Frameworks/Python.framework/Versions/3.13/lib/python3.13/site-packages/textual/reactive.py:291: in _set
    raise ReactiveError(
E   textual.reactive.ReactiveError: Node is missing data; Check you are calling super().__init__(...) in the PCILeechTUI() constructor, before setting reactives.</failure></testcase><testcase classname="tests.tui.test_tui_main.TestPCILeechTUI" name="test_update_config_display" time="0.001"><failure message="textual.reactive.ReactiveError: Node is missing data; Check you are calling super().__init__(...) in the PCILeechTUI() constructor, before setting reactives.">tests/tui/test_tui_main.py:275: in test_update_config_display
    app = PCILeechTUI()
src/tui/main.py:482: in __init__
    self.current_config = self.config_manager.get_current_config()
/Library/Frameworks/Python.framework/Versions/3.13/lib/python3.13/site-packages/textual/reactive.py:345: in __set__
    self._set(obj, value)
/Library/Frameworks/Python.framework/Versions/3.13/lib/python3.13/site-packages/textual/reactive.py:291: in _set
    raise ReactiveError(
E   textual.reactive.ReactiveError: Node is missing data; Check you are calling super().__init__(...) in the PCILeechTUI() constructor, before setting reactives.</failure></testcase><testcase classname="tests.tui.test_tui_main.TestPCILeechTUI" name="test_update_status_display" time="0.001"><failure message="textual.reactive.ReactiveError: Node is missing data; Check you are calling super().__init__(...) in the PCILeechTUI() constructor, before setting reactives.">tests/tui/test_tui_main.py:310: in test_update_status_display
    app = PCILeechTUI()
src/tui/main.py:482: in __init__
    self.current_config = self.config_manager.get_current_config()
/Library/Frameworks/Python.framework/Versions/3.13/lib/python3.13/site-packages/textual/reactive.py:345: in __set__
    self._set(obj, value)
/Library/Frameworks/Python.framework/Versions/3.13/lib/python3.13/site-packages/textual/reactive.py:291: in _set
    raise ReactiveError(
E   textual.reactive.ReactiveError: Node is missing data; Check you are calling super().__init__(...) in the PCILeechTUI() constructor, before setting reactives.</failure></testcase><testcase classname="tests.tui.test_tui_main.TestPCILeechTUI" name="test_update_build_progress" time="0.001"><failure message="textual.reactive.ReactiveError: Node is missing data; Check you are calling super().__init__(...) in the PCILeechTUI() constructor, before setting reactives.">tests/tui/test_tui_main.py:349: in test_update_build_progress
    app = PCILeechTUI()
src/tui/main.py:482: in __init__
    self.current_config = self.config_manager.get_current_config()
/Library/Frameworks/Python.framework/Versions/3.13/lib/python3.13/site-packages/textual/reactive.py:345: in __set__
    self._set(obj, value)
/Library/Frameworks/Python.framework/Versions/3.13/lib/python3.13/site-packages/textual/reactive.py:291: in _set
    raise ReactiveError(
E   textual.reactive.ReactiveError: Node is missing data; Check you are calling super().__init__(...) in the PCILeechTUI() constructor, before setting reactives.</failure></testcase><testcase classname="tests.tui.test_tui_main.TestPCILeechTUI" name="test_button_press_handlers" time="0.002"><failure message="textual.reactive.ReactiveError: Node is missing data; Check you are calling super().__init__(...) in the PCILeechTUI() constructor, before setting reactives.">tests/tui/test_tui_main.py:391: in test_button_press_handlers
    app = PCILeechTUI()
src/tui/main.py:482: in __init__
    self.current_config = self.config_manager.get_current_config()
/Library/Frameworks/Python.framework/Versions/3.13/lib/python3.13/site-packages/textual/reactive.py:345: in __set__
    self._set(obj, value)
/Library/Frameworks/Python.framework/Versions/3.13/lib/python3.13/site-packages/textual/reactive.py:291: in _set
    raise ReactiveError(
E   textual.reactive.ReactiveError: Node is missing data; Check you are calling super().__init__(...) in the PCILeechTUI() constructor, before setting reactives.</failure></testcase><testcase classname="tests.tui.test_tui_main.TestPCILeechTUI" name="test_data_table_row_selection" time="0.001"><failure message="textual.reactive.ReactiveError: Node is missing data; Check you are calling super().__init__(...) in the PCILeechTUI() constructor, before setting reactives.">tests/tui/test_tui_main.py:427: in test_data_table_row_selection
    app = PCILeechTUI()
src/tui/main.py:482: in __init__
    self.current_config = self.config_manager.get_current_config()
/Library/Frameworks/Python.framework/Versions/3.13/lib/python3.13/site-packages/textual/reactive.py:345: in __set__
    self._set(obj, value)
/Library/Frameworks/Python.framework/Versions/3.13/lib/python3.13/site-packages/textual/reactive.py:291: in _set
    raise ReactiveError(
E   textual.reactive.ReactiveError: Node is missing data; Check you are calling super().__init__(...) in the PCILeechTUI() constructor, before setting reactives.</failure></testcase><testcase classname="tests.tui.test_tui_main.TestPCILeechTUI" name="test_start_build" time="0.001"><failure message="textual.reactive.ReactiveError: Node is missing data; Check you are calling super().__init__(...) in the PCILeechTUI() constructor, before setting reactives.">tests/tui/test_tui_main.py:466: in test_start_build
    app = PCILeechTUI()
src/tui/main.py:482: in __init__
    self.current_config = self.config_manager.get_current_config()
/Library/Frameworks/Python.framework/Versions/3.13/lib/python3.13/site-packages/textual/reactive.py:345: in __set__
    self._set(obj, value)
/Library/Frameworks/Python.framework/Versions/3.13/lib/python3.13/site-packages/textual/reactive.py:291: in _set
    raise ReactiveError(
E   textual.reactive.ReactiveError: Node is missing data; Check you are calling super().__init__(...) in the PCILeechTUI() constructor, before setting reactives.</failure></testcase><testcase classname="tests.tui.test_tui_main.TestPCILeechTUI" name="test_stop_build" time="0.001"><failure message="textual.reactive.ReactiveError: Node is missing data; Check you are calling super().__init__(...) in the PCILeechTUI() constructor, before setting reactives.">tests/tui/test_tui_main.py:503: in test_stop_build
    app = PCILeechTUI()
src/tui/main.py:482: in __init__
    self.current_config = self.config_manager.get_current_config()
/Library/Frameworks/Python.framework/Versions/3.13/lib/python3.13/site-packages/textual/reactive.py:345: in __set__
    self._set(obj, value)
/Library/Frameworks/Python.framework/Versions/3.13/lib/python3.13/site-packages/textual/reactive.py:291: in _set
    raise ReactiveError(
E   textual.reactive.ReactiveError: Node is missing data; Check you are calling super().__init__(...) in the PCILeechTUI() constructor, before setting reactives.</failure></testcase><testcase classname="tests.tui.test_tui_main.TestPCILeechTUI" name="test_build_progress_callback" time="0.001"><failure message="textual.reactive.ReactiveError: Node is missing data; Check you are calling super().__init__(...) in the PCILeechTUI() constructor, before setting reactives.">tests/tui/test_tui_main.py:516: in test_build_progress_callback
    app = PCILeechTUI()
src/tui/main.py:482: in __init__
    self.current_config = self.config_manager.get_current_config()
/Library/Frameworks/Python.framework/Versions/3.13/lib/python3.13/site-packages/textual/reactive.py:345: in __set__
    self._set(obj, value)
/Library/Frameworks/Python.framework/Versions/3.13/lib/python3.13/site-packages/textual/reactive.py:291: in _set
    raise ReactiveError(
E   textual.reactive.ReactiveError: Node is missing data; Check you are calling super().__init__(...) in the PCILeechTUI() constructor, before setting reactives.</failure></testcase><testcase classname="tests.tui.test_tui_main.TestPCILeechTUI" name="test_reactive_watchers" time="0.001"><failure message="textual.reactive.ReactiveError: Node is missing data; Check you are calling super().__init__(...) in the PCILeechTUI() constructor, before setting reactives.">tests/tui/test_tui_main.py:535: in test_reactive_watchers
    app = PCILeechTUI()
src/tui/main.py:482: in __init__
    self.current_config = self.config_manager.get_current_config()
/Library/Frameworks/Python.framework/Versions/3.13/lib/python3.13/site-packages/textual/reactive.py:345: in __set__
    self._set(obj, value)
/Library/Frameworks/Python.framework/Versions/3.13/lib/python3.13/site-packages/textual/reactive.py:291: in _set
    raise ReactiveError(
E   textual.reactive.ReactiveError: Node is missing data; Check you are calling super().__init__(...) in the PCILeechTUI() constructor, before setting reactives.</failure></testcase><testcase classname="tests.tui.test_tui_main.TestPCILeechTUI" name="test_build_progress_watcher" time="0.001"><failure message="textual.reactive.ReactiveError: Node is missing data; Check you are calling super().__init__(...) in the PCILeechTUI() constructor, before setting reactives.">tests/tui/test_tui_main.py:574: in test_build_progress_watcher
    app = PCILeechTUI()
src/tui/main.py:482: in __init__
    self.current_config = self.config_manager.get_current_config()
/Library/Frameworks/Python.framework/Versions/3.13/lib/python3.13/site-packages/textual/reactive.py:345: in __set__
    self._set(obj, value)
/Library/Frameworks/Python.framework/Versions/3.13/lib/python3.13/site-packages/textual/reactive.py:291: in _set
    raise ReactiveError(
E   textual.reactive.ReactiveError: Node is missing data; Check you are calling super().__init__(...) in the PCILeechTUI() constructor, before setting reactives.</failure></testcase><testcase classname="tests.tui.test_tui_main.TestPCILeechTUI" name="test_open_configuration_dialog" time="0.001"><failure message="textual.reactive.ReactiveError: Node is missing data; Check you are calling super().__init__(...) in the PCILeechTUI() constructor, before setting reactives.">tests/tui/test_tui_main.py:592: in test_open_configuration_dialog
    app = PCILeechTUI()
src/tui/main.py:482: in __init__
    self.current_config = self.config_manager.get_current_config()
/Library/Frameworks/Python.framework/Versions/3.13/lib/python3.13/site-packages/textual/reactive.py:345: in __set__
    self._set(obj, value)
/Library/Frameworks/Python.framework/Versions/3.13/lib/python3.13/site-packages/textual/reactive.py:291: in _set
    raise ReactiveError(
E   textual.reactive.ReactiveError: Node is missing data; Check you are calling super().__init__(...) in the PCILeechTUI() constructor, before setting reactives.</failure></testcase><testcase classname="tests.tui.test_tui_main.TestPCILeechTUI" name="test_monitor_system_status" time="0.001"><failure message="textual.reactive.ReactiveError: Node is missing data; Check you are calling super().__init__(...) in the PCILeechTUI() constructor, before setting reactives.">tests/tui/test_tui_main.py:608: in test_monitor_system_status
    app = PCILeechTUI()
src/tui/main.py:482: in __init__
    self.current_config = self.config_manager.get_current_config()
/Library/Frameworks/Python.framework/Versions/3.13/lib/python3.13/site-packages/textual/reactive.py:345: in __set__
    self._set(obj, value)
/Library/Frameworks/Python.framework/Versions/3.13/lib/python3.13/site-packages/textual/reactive.py:291: in _set
    raise ReactiveError(
E   textual.reactive.ReactiveError: Node is missing data; Check you are calling super().__init__(...) in the PCILeechTUI() constructor, before setting reactives.</failure></testcase><testcase classname="tests.tui.test_tui_models.TestBuildConfiguration" name="test_default_configuration" time="0.001"><failure message="AssertionError: assert 'network' == 'generic'&#10;  &#10;  - generic&#10;  + network">tests/tui/test_tui_models.py:28: in test_default_configuration
    assert config.device_type == "generic"
E   AssertionError: assert 'network' == 'generic'
E     
E     - generic
E     + network</failure></testcase><testcase classname="tests.tui.test_tui_models.TestBuildConfiguration" name="test_configuration_validation" time="0.001" /><testcase classname="tests.tui.test_tui_models.TestBuildConfiguration" name="test_is_advanced_property" time="0.001" /><testcase classname="tests.tui.test_tui_models.TestBuildConfiguration" name="test_feature_summary" time="0.001"><failure message="AssertionError: assert 'Donor Device Analysis' == 'Basic Configuration'&#10;  &#10;  - Basic Configuration&#10;  + Donor Device Analysis">tests/tui/test_tui_models.py:89: in test_feature_summary
    assert config.feature_summary == "Basic Configuration"
E   AssertionError: assert 'Donor Device Analysis' == 'Basic Configuration'
E     
E     - Basic Configuration
E     + Donor Device Analysis</failure></testcase><testcase classname="tests.tui.test_tui_models.TestBuildConfiguration" name="test_to_cli_args" time="0.001" /><testcase classname="tests.tui.test_tui_models.TestBuildConfiguration" name="test_serialization" time="0.001" /><testcase classname="tests.tui.test_tui_models.TestBuildConfiguration" name="test_file_operations" time="0.002" /><testcase classname="tests.tui.test_tui_models.TestBuildConfiguration" name="test_copy" time="0.001" /><testcase classname="tests.tui.test_tui_models.TestPCIDevice" name="test_device_creation" time="0.001" /><testcase classname="tests.tui.test_tui_models.TestPCIDevice" name="test_display_name" time="0.001" /><testcase classname="tests.tui.test_tui_models.TestPCIDevice" name="test_is_suitable" time="0.001" /><testcase classname="tests.tui.test_tui_models.TestPCIDevice" name="test_status_indicator" time="0.001" /><testcase classname="tests.tui.test_tui_models.TestPCIDevice" name="test_serialization" time="0.001"><failure message="TypeError: PCIDevice.__init__() got an unexpected keyword argument 'bd'. Did you mean 'bdf'?">tests/tui/test_tui_models.py:323: in test_serialization
    restored = PCIDevice.from_dict(data)
src/tui/models/device.py:136: in from_dict
    return cls(**data)
E   TypeError: PCIDevice.__init__() got an unexpected keyword argument 'bd'. Did you mean 'bdf'?</failure></testcase><testcase classname="tests.tui.test_tui_models.TestTUIError" name="test_error_creation" time="0.001" /><testcase classname="tests.tui.test_tui_models.TestTUIError" name="test_severity_properties" time="0.001" /><testcase classname="tests.tui.test_tui_models.TestTUIError" name="test_add_action" time="0.001" /><testcase classname="tests.tui.test_tui_models.TestTUIError" name="test_serialization" time="0.001" /><testcase classname="tests.tui.test_tui_models.TestErrorTemplates" name="test_vfio_binding_failed" time="0.001" /><testcase classname="tests.tui.test_tui_models.TestErrorTemplates" name="test_container_not_found" time="0.001" /><testcase classname="tests.tui.test_tui_models.TestErrorTemplates" name="test_insufficient_permissions" time="0.001" /><testcase classname="tests.tui.test_tui_models.TestErrorTemplates" name="test_build_failed" time="0.001" /><testcase classname="tests.tui.test_tui_models.TestErrorTemplates" name="test_device_not_suitable" time="0.001" /><testcase classname="tests.tui.test_tui_models.TestBuildProgress" name="test_progress_creation" time="0.001" /><testcase classname="tests.tui.test_tui_models.TestBuildProgress" name="test_stage_tracking" time="0.001" /><testcase classname="tests.tui.test_tui_models.TestBuildProgress" name="test_overall_progress" time="0.001" /><testcase classname="tests.tui.test_tui_models.TestBuildProgress" name="test_status_text" time="0.001" /><testcase classname="tests.tui.test_tui_models.TestBuildProgress" name="test_progress_bar_text" time="0.001" /><testcase classname="tests.tui.test_tui_models.TestBuildProgress" name="test_warning_and_error_management" time="0.001" /><testcase classname="tests.tui.test_tui_models.TestBuildProgress" name="test_resource_usage_update" time="0.001" /><testcase classname="tests.tui.test_tui_models.TestBuildProgress" name="test_serialization" time="0.001" /><testcase classname="tests.tui.test_tui_models.TestBuildStage" name="test_build_stages" time="0.001" /></testsuite></testsuites>